[ 2016-01-22T00:04:51+08:00 ] 127.0.0.1 /index.php/Addition/Gfqjz/position
INFO: [ app_init ] --START--
INFO: Run Behavior\BuildLiteBehavior [ RunTime:0.000022s ]
INFO: [ app_init ] --END-- [ RunTime:0.000433s ]
INFO: [ app_begin ] --START--
INFO: Run Behavior\ReadHtmlCacheBehavior [ RunTime:0.000536s ]
INFO: [ app_begin ] --END-- [ RunTime:0.000639s ]
SQL: SHOW COLUMNS FROM `add_gfqjz_position` [ RunTime:0.0172s ]
SQL: SHOW COLUMNS FROM `add_gfqjz_instance` [ RunTime:0.0124s ]
SQL: SELECT * FROM `add_gfqjz_position` WHERE ( status=0 )  [ RunTime:0.0003s ]

[ 2016-01-22T00:04:52+08:00 ] 127.0.0.1 /index.php/Addition/Gfqjz/position?id=3
INFO: [ app_init ] --START--
INFO: Run Behavior\BuildLiteBehavior [ RunTime:0.000027s ]
INFO: [ app_init ] --END-- [ RunTime:0.000522s ]
INFO: [ app_begin ] --START--
INFO: Run Behavior\ReadHtmlCacheBehavior [ RunTime:0.000724s ]
INFO: [ app_begin ] --END-- [ RunTime:0.000853s ]
SQL: SHOW COLUMNS FROM `add_gfqjz_position` [ RunTime:0.0146s ]
SQL: SHOW COLUMNS FROM `add_gfqjz_instance` [ RunTime:0.0117s ]
SQL: SELECT * FROM `add_gfqjz_position` WHERE ( status=0 AND id=3 ) LIMIT 1   [ RunTime:0.0003s ]
SQL: SELECT * FROM `add_gfqjz_instance` WHERE ( position_id=3 AND TO_DAYS(serve_date)>TO_DAYS(NOW()) ) ORDER BY serve_date  [ RunTime:0.0003s ]

[ 2016-01-22T00:06:10+08:00 ] 127.0.0.1 /index.php/Addition/Gfqjz/position
INFO: [ app_init ] --START--
INFO: Run Behavior\BuildLiteBehavior [ RunTime:0.000034s ]
INFO: [ app_init ] --END-- [ RunTime:0.000795s ]
INFO: [ app_begin ] --START--
INFO: Run Behavior\ReadHtmlCacheBehavior [ RunTime:0.000901s ]
INFO: [ app_begin ] --END-- [ RunTime:0.001081s ]
SQL: SHOW COLUMNS FROM `add_gfqjz_position` [ RunTime:0.0186s ]
SQL: SHOW COLUMNS FROM `add_gfqjz_instance` [ RunTime:0.0182s ]
SQL: SELECT * FROM `add_gfqjz_position` WHERE ( status=0 )  [ RunTime:0.0004s ]

[ 2016-01-22T00:06:12+08:00 ] 127.0.0.1 /index.php/Addition/Gfqjz/position?id=3
INFO: [ app_init ] --START--
INFO: Run Behavior\BuildLiteBehavior [ RunTime:0.000029s ]
INFO: [ app_init ] --END-- [ RunTime:0.000630s ]
INFO: [ app_begin ] --START--
INFO: Run Behavior\ReadHtmlCacheBehavior [ RunTime:0.000509s ]
INFO: [ app_begin ] --END-- [ RunTime:0.000623s ]
SQL: SHOW COLUMNS FROM `add_gfqjz_position` [ RunTime:0.0123s ]
SQL: SHOW COLUMNS FROM `add_gfqjz_instance` [ RunTime:0.0120s ]
SQL: SELECT * FROM `add_gfqjz_position` WHERE ( status=0 AND id=3 ) LIMIT 1   [ RunTime:0.0003s ]
SQL: SELECT * FROM `add_gfqjz_instance` WHERE ( position_id=3 AND TO_DAYS(serve_date)>TO_DAYS(NOW()) ) ORDER BY serve_date  [ RunTime:0.0003s ]

[ 2016-01-22T00:06:34+08:00 ] 127.0.0.1 /index.php/Addition/Gfqjz/position
INFO: [ app_init ] --START--
INFO: Run Behavior\BuildLiteBehavior [ RunTime:0.000043s ]
INFO: [ app_init ] --END-- [ RunTime:0.000760s ]
INFO: [ app_begin ] --START--
INFO: Run Behavior\ReadHtmlCacheBehavior [ RunTime:0.000778s ]
INFO: [ app_begin ] --END-- [ RunTime:0.000951s ]
SQL: SHOW COLUMNS FROM `add_gfqjz_position` [ RunTime:0.0212s ]
SQL: SHOW COLUMNS FROM `add_gfqjz_instance` [ RunTime:0.0165s ]
SQL: SELECT * FROM `add_gfqjz_position` WHERE ( status=0 )  [ RunTime:0.0004s ]

[ 2016-01-22T00:06:36+08:00 ] 127.0.0.1 /index.php/Addition/Gfqjz/position?id=3
INFO: [ app_init ] --START--
INFO: Run Behavior\BuildLiteBehavior [ RunTime:0.000031s ]
INFO: [ app_init ] --END-- [ RunTime:0.000493s ]
INFO: [ app_begin ] --START--
INFO: Run Behavior\ReadHtmlCacheBehavior [ RunTime:0.000575s ]
INFO: [ app_begin ] --END-- [ RunTime:0.000700s ]
SQL: SHOW COLUMNS FROM `add_gfqjz_position` [ RunTime:0.0147s ]
SQL: SHOW COLUMNS FROM `add_gfqjz_instance` [ RunTime:0.0110s ]
SQL: SELECT * FROM `add_gfqjz_position` WHERE ( status=0 AND id=3 ) LIMIT 1   [ RunTime:0.0003s ]
SQL: SELECT * FROM `add_gfqjz_instance` WHERE ( position_id=3 AND TO_DAYS(serve_date)>TO_DAYS(NOW()) ) ORDER BY serve_date  [ RunTime:0.0004s ]

[ 2016-01-22T00:12:17+08:00 ] 127.0.0.1 /index.php/Addition/Gfqjz/position
INFO: [ app_init ] --START--
INFO: Run Behavior\BuildLiteBehavior [ RunTime:0.000044s ]
INFO: [ app_init ] --END-- [ RunTime:0.000756s ]
INFO: [ app_begin ] --START--
INFO: Run Behavior\ReadHtmlCacheBehavior [ RunTime:0.000901s ]
INFO: [ app_begin ] --END-- [ RunTime:0.001114s ]
SQL: SHOW COLUMNS FROM `add_gfqjz_position` [ RunTime:0.0228s ]
SQL: SHOW COLUMNS FROM `add_gfqjz_instance` [ RunTime:0.0163s ]
SQL: SELECT * FROM `add_gfqjz_position` WHERE ( status=0 )  [ RunTime:0.0005s ]

[ 2016-01-22T00:12:46+08:00 ] 127.0.0.1 /index.php/Addition/Gfqjz/position?id=3
INFO: [ app_init ] --START--
INFO: Run Behavior\BuildLiteBehavior [ RunTime:0.000025s ]
INFO: [ app_init ] --END-- [ RunTime:0.000457s ]
INFO: [ app_begin ] --START--
INFO: Run Behavior\ReadHtmlCacheBehavior [ RunTime:0.000507s ]
INFO: [ app_begin ] --END-- [ RunTime:0.000620s ]
SQL: SHOW COLUMNS FROM `add_gfqjz_position` [ RunTime:0.0127s ]
SQL: SHOW COLUMNS FROM `add_gfqjz_instance` [ RunTime:0.0103s ]
SQL: SELECT * FROM `add_gfqjz_position` WHERE ( status=0 AND id=3 ) LIMIT 1   [ RunTime:0.0004s ]
SQL: SELECT * FROM `add_gfqjz_instance` WHERE ( position_id=3 AND TO_DAYS(serve_date)>TO_DAYS(NOW()) ) ORDER BY serve_date  [ RunTime:0.0003s ]

[ 2016-01-22T01:03:02+08:00 ] ::1 /index.php/Addition/Gfqjz/position
INFO: [ app_init ] --START--
INFO: Run Behavior\BuildLiteBehavior [ RunTime:0.000020s ]
INFO: [ app_init ] --END-- [ RunTime:0.000448s ]
INFO: [ app_begin ] --START--
INFO: Run Behavior\ReadHtmlCacheBehavior [ RunTime:0.000640s ]
INFO: [ app_begin ] --END-- [ RunTime:0.000738s ]
SQL: SHOW COLUMNS FROM `add_gfqjz_position` [ RunTime:0.0148s ]
SQL: SHOW COLUMNS FROM `add_gfqjz_instance` [ RunTime:0.0134s ]
SQL: SELECT * FROM `add_gfqjz_position` WHERE ( status=0 )  [ RunTime:0.0004s ]

[ 2016-01-22T01:03:13+08:00 ] ::1 /index.php/Addition/Gfqjz/position?id=3
INFO: [ app_init ] --START--
INFO: Run Behavior\BuildLiteBehavior [ RunTime:0.000024s ]
INFO: [ app_init ] --END-- [ RunTime:0.000469s ]
INFO: [ app_begin ] --START--
INFO: Run Behavior\ReadHtmlCacheBehavior [ RunTime:0.000815s ]
INFO: [ app_begin ] --END-- [ RunTime:0.000947s ]
SQL: SHOW COLUMNS FROM `add_gfqjz_position` [ RunTime:0.0142s ]
SQL: SHOW COLUMNS FROM `add_gfqjz_instance` [ RunTime:0.0313s ]
SQL: SELECT * FROM `add_gfqjz_position` WHERE ( status=0 AND id=3 ) LIMIT 1   [ RunTime:0.0003s ]
SQL: SELECT * FROM `add_gfqjz_instance` WHERE ( position_id=3 AND TO_DAYS(serve_date)>TO_DAYS(NOW()) ) ORDER BY serve_date  [ RunTime:0.0003s ]

[ 2016-01-22T01:03:56+08:00 ] ::1 /index.php/Addition/Gfqjz/position
INFO: [ app_init ] --START--
INFO: Run Behavior\BuildLiteBehavior [ RunTime:0.000020s ]
INFO: [ app_init ] --END-- [ RunTime:0.000403s ]
INFO: [ app_begin ] --START--
INFO: Run Behavior\ReadHtmlCacheBehavior [ RunTime:0.000595s ]
INFO: [ app_begin ] --END-- [ RunTime:0.000686s ]
SQL: SHOW COLUMNS FROM `add_gfqjz_position` [ RunTime:0.0148s ]
SQL: SHOW COLUMNS FROM `add_gfqjz_instance` [ RunTime:0.0255s ]
SQL: SELECT * FROM `add_gfqjz_position` WHERE ( status=0 )  [ RunTime:0.0003s ]

[ 2016-01-22T01:03:57+08:00 ] ::1 /index.php/Addition/Gfqjz/position?id=3
INFO: [ app_init ] --START--
INFO: Run Behavior\BuildLiteBehavior [ RunTime:0.000025s ]
INFO: [ app_init ] --END-- [ RunTime:0.000486s ]
INFO: [ app_begin ] --START--
INFO: Run Behavior\ReadHtmlCacheBehavior [ RunTime:0.000589s ]
INFO: [ app_begin ] --END-- [ RunTime:0.000679s ]
SQL: SHOW COLUMNS FROM `add_gfqjz_position` [ RunTime:0.0277s ]
SQL: SHOW COLUMNS FROM `add_gfqjz_instance` [ RunTime:0.0166s ]
SQL: SELECT * FROM `add_gfqjz_position` WHERE ( status=0 AND id=3 ) LIMIT 1   [ RunTime:0.0003s ]
SQL: SELECT * FROM `add_gfqjz_instance` WHERE ( position_id=3 AND TO_DAYS(serve_date)>TO_DAYS(NOW()) ) ORDER BY serve_date  [ RunTime:0.0003s ]

[ 2016-01-22T01:06:06+08:00 ] ::1 /index.php/Addition/Gfqjz/position
INFO: [ app_init ] --START--
INFO: Run Behavior\BuildLiteBehavior [ RunTime:0.000022s ]
INFO: [ app_init ] --END-- [ RunTime:0.000433s ]
INFO: [ app_begin ] --START--
INFO: Run Behavior\ReadHtmlCacheBehavior [ RunTime:0.000763s ]
INFO: [ app_begin ] --END-- [ RunTime:0.000917s ]
SQL: SHOW COLUMNS FROM `add_gfqjz_position` [ RunTime:0.0186s ]
SQL: SHOW COLUMNS FROM `add_gfqjz_instance` [ RunTime:0.0117s ]
SQL: SELECT * FROM `add_gfqjz_position` WHERE ( status=0 )  [ RunTime:0.0003s ]

[ 2016-01-22T01:06:07+08:00 ] ::1 /index.php/Addition/Gfqjz/position?id=3
INFO: [ app_init ] --START--
INFO: Run Behavior\BuildLiteBehavior [ RunTime:0.000025s ]
INFO: [ app_init ] --END-- [ RunTime:0.000439s ]
INFO: [ app_begin ] --START--
INFO: Run Behavior\ReadHtmlCacheBehavior [ RunTime:0.000504s ]
INFO: [ app_begin ] --END-- [ RunTime:0.000616s ]
SQL: SHOW COLUMNS FROM `add_gfqjz_position` [ RunTime:0.0124s ]
SQL: SHOW COLUMNS FROM `add_gfqjz_instance` [ RunTime:0.0111s ]
SQL: SELECT * FROM `add_gfqjz_position` WHERE ( status=0 AND id=3 ) LIMIT 1   [ RunTime:0.0003s ]
SQL: SELECT * FROM `add_gfqjz_instance` WHERE ( position_id=3 AND TO_DAYS(serve_date)>TO_DAYS(NOW()) ) ORDER BY serve_date  [ RunTime:0.0003s ]

[ 2016-01-22T19:21:17+08:00 ] ::1 /index.php/Addition/Gfqjz/position
INFO: [ app_init ] --START--
INFO: Run Behavior\BuildLiteBehavior [ RunTime:0.000025s ]
INFO: [ app_init ] --END-- [ RunTime:0.005870s ]
INFO: [ app_begin ] --START--
INFO: Run Behavior\ReadHtmlCacheBehavior [ RunTime:0.006075s ]
INFO: [ app_begin ] --END-- [ RunTime:0.006199s ]
SQL: SHOW COLUMNS FROM `add_gfqjz_position` [ RunTime:0.0174s ]
SQL: SHOW COLUMNS FROM `add_gfqjz_instance` [ RunTime:0.0110s ]
SQL: SELECT * FROM `add_gfqjz_position` WHERE ( status=0 )  [ RunTime:0.0003s ]

[ 2016-01-22T19:21:18+08:00 ] ::1 /index.php/Addition/Gfqjz/position?id=3
INFO: [ app_init ] --START--
INFO: Run Behavior\BuildLiteBehavior [ RunTime:0.000025s ]
INFO: [ app_init ] --END-- [ RunTime:0.000482s ]
INFO: [ app_begin ] --START--
INFO: Run Behavior\ReadHtmlCacheBehavior [ RunTime:0.000604s ]
INFO: [ app_begin ] --END-- [ RunTime:0.000734s ]
SQL: SHOW COLUMNS FROM `add_gfqjz_position` [ RunTime:0.0122s ]
SQL: SHOW COLUMNS FROM `add_gfqjz_instance` [ RunTime:0.0110s ]
SQL: SELECT * FROM `add_gfqjz_position` WHERE ( status=0 AND id=3 ) LIMIT 1   [ RunTime:0.0003s ]
SQL: SELECT * FROM `add_gfqjz_instance` WHERE ( position_id=3 AND TO_DAYS(serve_date)>TO_DAYS(NOW()) ) ORDER BY serve_date  [ RunTime:0.0003s ]

[ 2016-01-22T19:56:17+08:00 ] ::1 /index.php/Addition/Gfqjz/position
INFO: [ app_init ] --START--
INFO: Run Behavior\BuildLiteBehavior [ RunTime:0.000027s ]
INFO: [ app_init ] --END-- [ RunTime:0.000468s ]
INFO: [ app_begin ] --START--
INFO: Run Behavior\ReadHtmlCacheBehavior [ RunTime:0.001245s ]
INFO: [ app_begin ] --END-- [ RunTime:0.001362s ]
SQL: SHOW COLUMNS FROM `add_gfqjz_position` [ RunTime:0.0139s ]
SQL: SHOW COLUMNS FROM `add_gfqjz_instance` [ RunTime:0.0114s ]
SQL: SELECT * FROM `add_gfqjz_position` WHERE ( status=0 )  [ RunTime:0.0004s ]

[ 2016-01-22T19:56:18+08:00 ] ::1 /index.php/Addition/Gfqjz/position?id=3
INFO: [ app_init ] --START--
INFO: Run Behavior\BuildLiteBehavior [ RunTime:0.000029s ]
INFO: [ app_init ] --END-- [ RunTime:0.000426s ]
INFO: [ app_begin ] --START--
INFO: Run Behavior\ReadHtmlCacheBehavior [ RunTime:0.000655s ]
INFO: [ app_begin ] --END-- [ RunTime:0.000956s ]
SQL: SHOW COLUMNS FROM `add_gfqjz_position` [ RunTime:0.0137s ]
SQL: SHOW COLUMNS FROM `add_gfqjz_instance` [ RunTime:0.0107s ]
SQL: SELECT * FROM `add_gfqjz_position` WHERE ( status=0 AND id=3 ) LIMIT 1   [ RunTime:0.0004s ]
SQL: SELECT * FROM `add_gfqjz_instance` WHERE ( position_id=3 AND TO_DAYS(serve_date)>TO_DAYS(NOW()) ) ORDER BY serve_date  [ RunTime:0.0003s ]

[ 2016-01-22T19:56:52+08:00 ] ::1 /index.php/Addition/Gfqjz/instance
INFO: [ app_init ] --START--
INFO: Run Behavior\BuildLiteBehavior [ RunTime:0.000024s ]
INFO: [ app_init ] --END-- [ RunTime:0.000412s ]
INFO: [ app_begin ] --START--
INFO: Run Behavior\ReadHtmlCacheBehavior [ RunTime:0.000530s ]
INFO: [ app_begin ] --END-- [ RunTime:0.000677s ]
SQL: SHOW COLUMNS FROM `add_gfqjz_position` [ RunTime:0.0149s ]
SQL: SHOW COLUMNS FROM `add_gfqjz_instance` [ RunTime:0.0122s ]
SQL: SELECT * FROM `add_gfqjz_position` WHERE ( status=0 AND id=3 ) LIMIT 1   [ RunTime:0.0003s ]
NOTIC: [8] Undefined index: turnover D:\project\renshiya\api\Addition\Controller\GfqjzController.class.php 第 40 行.
ERR: 1048:Column 'turnover' cannot be null
 [ SQL语句 ] : INSERT INTO `add_gfqjz_instance` (`claim_id`,`publish_id`,`position_id`,`status`,`turnover`,`serve_date`) VALUES ('7','1','3','0',NULL,'116-1-24')
ERR: 1048:Column 'turnover' cannot be null
 [ SQL语句 ] : INSERT INTO `add_gfqjz_instance` (`claim_id`,`publish_id`,`position_id`,`status`,`turnover`,`serve_date`) VALUES ('7','1','3','0',NULL,'116-1-24')

[ 2016-01-22T19:59:37+08:00 ] ::1 /index.php/Addition/Gfqjz/position
INFO: [ app_init ] --START--
INFO: Run Behavior\BuildLiteBehavior [ RunTime:0.000021s ]
INFO: [ app_init ] --END-- [ RunTime:0.000442s ]
INFO: [ app_begin ] --START--
INFO: Run Behavior\ReadHtmlCacheBehavior [ RunTime:0.000811s ]
INFO: [ app_begin ] --END-- [ RunTime:0.000991s ]
SQL: SHOW COLUMNS FROM `add_gfqjz_position` [ RunTime:0.0172s ]
SQL: SHOW COLUMNS FROM `add_gfqjz_instance` [ RunTime:0.0123s ]
SQL: SELECT * FROM `add_gfqjz_position` WHERE ( status=0 )  [ RunTime:0.0004s ]

[ 2016-01-22T19:59:40+08:00 ] ::1 /index.php/Addition/Gfqjz/position?id=3
INFO: [ app_init ] --START--
INFO: Run Behavior\BuildLiteBehavior [ RunTime:0.000026s ]
INFO: [ app_init ] --END-- [ RunTime:0.000486s ]
INFO: [ app_begin ] --START--
INFO: Run Behavior\ReadHtmlCacheBehavior [ RunTime:0.000503s ]
INFO: [ app_begin ] --END-- [ RunTime:0.000627s ]
SQL: SHOW COLUMNS FROM `add_gfqjz_position` [ RunTime:0.0144s ]
SQL: SHOW COLUMNS FROM `add_gfqjz_instance` [ RunTime:0.0127s ]
SQL: SELECT * FROM `add_gfqjz_position` WHERE ( status=0 AND id=3 ) LIMIT 1   [ RunTime:0.0009s ]
SQL: SELECT * FROM `add_gfqjz_instance` WHERE ( position_id=3 AND TO_DAYS(serve_date)>TO_DAYS(NOW()) ) ORDER BY serve_date  [ RunTime:0.0003s ]

[ 2016-01-22T20:00:00+08:00 ] ::1 /index.php/Addition/Gfqjz/instance
INFO: [ app_init ] --START--
INFO: Run Behavior\BuildLiteBehavior [ RunTime:0.000025s ]
INFO: [ app_init ] --END-- [ RunTime:0.000518s ]
INFO: [ app_begin ] --START--
INFO: Run Behavior\ReadHtmlCacheBehavior [ RunTime:0.000506s ]
INFO: [ app_begin ] --END-- [ RunTime:0.000633s ]
SQL: SHOW COLUMNS FROM `add_gfqjz_position` [ RunTime:0.0140s ]
SQL: SHOW COLUMNS FROM `add_gfqjz_instance` [ RunTime:0.0122s ]
SQL: SELECT * FROM `add_gfqjz_position` WHERE ( status=0 AND id=3 ) LIMIT 1   [ RunTime:0.0003s ]
NOTIC: [8] Undefined index: turnover D:\project\renshiya\api\Addition\Controller\GfqjzController.class.php 第 40 行.
SQL: INSERT INTO `add_gfqjz_instance` (`claim_id`,`publish_id`,`position_id`,`status`,`serve_date`) VALUES ('7','1','3','0','2016-1-24') [ RunTime:0.0066s ]
SQL: INSERT INTO `add_gfqjz_instance` (`claim_id`,`publish_id`,`position_id`,`status`,`serve_date`) VALUES ('7','1','3','0','2016-1-29') [ RunTime:0.0056s ]

[ 2016-01-22T20:00:14+08:00 ] ::1 /index.php/Addition/Gfqjz/position
INFO: [ app_init ] --START--
INFO: Run Behavior\BuildLiteBehavior [ RunTime:0.000034s ]
INFO: [ app_init ] --END-- [ RunTime:0.000575s ]
INFO: [ app_begin ] --START--
INFO: Run Behavior\ReadHtmlCacheBehavior [ RunTime:0.001517s ]
INFO: [ app_begin ] --END-- [ RunTime:0.001717s ]
SQL: SHOW COLUMNS FROM `add_gfqjz_position` [ RunTime:0.0312s ]
SQL: SHOW COLUMNS FROM `add_gfqjz_instance` [ RunTime:0.0278s ]
SQL: SELECT * FROM `add_gfqjz_position` WHERE ( status=0 )  [ RunTime:0.0005s ]

[ 2016-01-22T20:00:15+08:00 ] ::1 /index.php/Addition/Gfqjz/position?id=3
INFO: [ app_init ] --START--
INFO: Run Behavior\BuildLiteBehavior [ RunTime:0.000036s ]
INFO: [ app_init ] --END-- [ RunTime:0.000665s ]
INFO: [ app_begin ] --START--
INFO: Run Behavior\ReadHtmlCacheBehavior [ RunTime:0.000595s ]
INFO: [ app_begin ] --END-- [ RunTime:0.000699s ]
SQL: SHOW COLUMNS FROM `add_gfqjz_position` [ RunTime:0.0145s ]
SQL: SHOW COLUMNS FROM `add_gfqjz_instance` [ RunTime:0.0119s ]
SQL: SELECT * FROM `add_gfqjz_position` WHERE ( status=0 AND id=3 ) LIMIT 1   [ RunTime:0.0004s ]
SQL: SELECT * FROM `add_gfqjz_instance` WHERE ( position_id=3 AND TO_DAYS(serve_date)>TO_DAYS(NOW()) ) ORDER BY serve_date  [ RunTime:0.0011s ]

[ 2016-01-22T20:00:19+08:00 ] ::1 /index.php/Addition/Gfqjz/position
INFO: [ app_init ] --START--
INFO: Run Behavior\BuildLiteBehavior [ RunTime:0.000020s ]
INFO: [ app_init ] --END-- [ RunTime:0.000402s ]
INFO: [ app_begin ] --START--
INFO: Run Behavior\ReadHtmlCacheBehavior [ RunTime:0.000820s ]
INFO: [ app_begin ] --END-- [ RunTime:0.000949s ]
SQL: SHOW COLUMNS FROM `add_gfqjz_position` [ RunTime:0.0173s ]
SQL: SHOW COLUMNS FROM `add_gfqjz_instance` [ RunTime:0.0128s ]
SQL: SELECT * FROM `add_gfqjz_position` WHERE ( status=0 )  [ RunTime:0.0003s ]

[ 2016-01-22T20:00:20+08:00 ] ::1 /index.php/Addition/Gfqjz/position?id=2
INFO: [ app_init ] --START--
INFO: Run Behavior\BuildLiteBehavior [ RunTime:0.000025s ]
INFO: [ app_init ] --END-- [ RunTime:0.000449s ]
INFO: [ app_begin ] --START--
INFO: Run Behavior\ReadHtmlCacheBehavior [ RunTime:0.000513s ]
INFO: [ app_begin ] --END-- [ RunTime:0.000630s ]
SQL: SHOW COLUMNS FROM `add_gfqjz_position` [ RunTime:0.0138s ]
SQL: SHOW COLUMNS FROM `add_gfqjz_instance` [ RunTime:0.0113s ]
SQL: SELECT * FROM `add_gfqjz_position` WHERE ( status=0 AND id=2 ) LIMIT 1   [ RunTime:0.0004s ]
SQL: SELECT * FROM `add_gfqjz_instance` WHERE ( position_id=2 AND TO_DAYS(serve_date)>TO_DAYS(NOW()) ) ORDER BY serve_date  [ RunTime:0.0004s ]

[ 2016-01-22T20:00:24+08:00 ] ::1 /index.php/Addition/Gfqjz/position
INFO: [ app_init ] --START--
INFO: Run Behavior\BuildLiteBehavior [ RunTime:0.000022s ]
INFO: [ app_init ] --END-- [ RunTime:0.000488s ]
INFO: [ app_begin ] --START--
INFO: Run Behavior\ReadHtmlCacheBehavior [ RunTime:0.000549s ]
INFO: [ app_begin ] --END-- [ RunTime:0.000642s ]
SQL: SHOW COLUMNS FROM `add_gfqjz_position` [ RunTime:0.0169s ]
SQL: SHOW COLUMNS FROM `add_gfqjz_instance` [ RunTime:0.0139s ]
SQL: SELECT * FROM `add_gfqjz_position` WHERE ( status=0 )  [ RunTime:0.0004s ]

[ 2016-01-22T20:00:25+08:00 ] ::1 /index.php/Addition/Gfqjz/position?id=3
INFO: [ app_init ] --START--
INFO: Run Behavior\BuildLiteBehavior [ RunTime:0.000024s ]
INFO: [ app_init ] --END-- [ RunTime:0.000447s ]
INFO: [ app_begin ] --START--
INFO: Run Behavior\ReadHtmlCacheBehavior [ RunTime:0.000663s ]
INFO: [ app_begin ] --END-- [ RunTime:0.000777s ]
SQL: SHOW COLUMNS FROM `add_gfqjz_position` [ RunTime:0.0124s ]
SQL: SHOW COLUMNS FROM `add_gfqjz_instance` [ RunTime:0.0112s ]
SQL: SELECT * FROM `add_gfqjz_position` WHERE ( status=0 AND id=3 ) LIMIT 1   [ RunTime:0.0003s ]
SQL: SELECT * FROM `add_gfqjz_instance` WHERE ( position_id=3 AND TO_DAYS(serve_date)>TO_DAYS(NOW()) ) ORDER BY serve_date  [ RunTime:0.0003s ]

[ 2016-01-22T20:13:09+08:00 ] ::1 /index.php/Addition/Gfqjz/position
INFO: [ app_init ] --START--
INFO: Run Behavior\BuildLiteBehavior [ RunTime:0.000022s ]
INFO: [ app_init ] --END-- [ RunTime:0.000432s ]
INFO: [ app_begin ] --START--
INFO: Run Behavior\ReadHtmlCacheBehavior [ RunTime:0.000574s ]
INFO: [ app_begin ] --END-- [ RunTime:0.000693s ]
SQL: SHOW COLUMNS FROM `add_gfqjz_position` [ RunTime:0.0165s ]
SQL: SHOW COLUMNS FROM `add_gfqjz_instance` [ RunTime:0.0153s ]
SQL: SELECT * FROM `add_gfqjz_position` WHERE ( status=0 )  [ RunTime:0.0003s ]

[ 2016-01-22T20:13:10+08:00 ] ::1 /index.php/Addition/Gfqjz/position?id=3
INFO: [ app_init ] --START--
INFO: Run Behavior\BuildLiteBehavior [ RunTime:0.000023s ]
INFO: [ app_init ] --END-- [ RunTime:0.000383s ]
INFO: [ app_begin ] --START--
INFO: Run Behavior\ReadHtmlCacheBehavior [ RunTime:0.000426s ]
INFO: [ app_begin ] --END-- [ RunTime:0.000538s ]
SQL: SHOW COLUMNS FROM `add_gfqjz_position` [ RunTime:0.0217s ]
SQL: SHOW COLUMNS FROM `add_gfqjz_instance` [ RunTime:0.0226s ]
SQL: SELECT * FROM `add_gfqjz_position` WHERE ( status=0 AND id=3 ) LIMIT 1   [ RunTime:0.0004s ]
SQL: SELECT * FROM `add_gfqjz_instance` WHERE ( position_id=3 AND TO_DAYS(serve_date)>TO_DAYS(NOW()) ) ORDER BY serve_date  [ RunTime:0.0003s ]

[ 2016-01-22T20:13:26+08:00 ] ::1 /index.php/Addition/Gfqjz/position?id=2
INFO: [ app_init ] --START--
INFO: Run Behavior\BuildLiteBehavior [ RunTime:0.000025s ]
INFO: [ app_init ] --END-- [ RunTime:0.000429s ]
INFO: [ app_begin ] --START--
INFO: Run Behavior\ReadHtmlCacheBehavior [ RunTime:0.000540s ]
INFO: [ app_begin ] --END-- [ RunTime:0.000648s ]
SQL: SHOW COLUMNS FROM `add_gfqjz_position` [ RunTime:0.0154s ]
SQL: SHOW COLUMNS FROM `add_gfqjz_instance` [ RunTime:0.0112s ]
SQL: SELECT * FROM `add_gfqjz_position` WHERE ( status=0 AND id=2 ) LIMIT 1   [ RunTime:0.0003s ]
SQL: SELECT * FROM `add_gfqjz_instance` WHERE ( position_id=2 AND TO_DAYS(serve_date)>TO_DAYS(NOW()) ) ORDER BY serve_date  [ RunTime:0.0003s ]

[ 2016-01-22T20:13:33+08:00 ] ::1 /index.php/Addition/Gfqjz/position?id=3
INFO: [ app_init ] --START--
INFO: Run Behavior\BuildLiteBehavior [ RunTime:0.000024s ]
INFO: [ app_init ] --END-- [ RunTime:0.000415s ]
INFO: [ app_begin ] --START--
INFO: Run Behavior\ReadHtmlCacheBehavior [ RunTime:0.000440s ]
INFO: [ app_begin ] --END-- [ RunTime:0.000529s ]
SQL: SHOW COLUMNS FROM `add_gfqjz_position` [ RunTime:0.0119s ]
SQL: SHOW COLUMNS FROM `add_gfqjz_instance` [ RunTime:0.0109s ]
SQL: SELECT * FROM `add_gfqjz_position` WHERE ( status=0 AND id=3 ) LIMIT 1   [ RunTime:0.0003s ]
SQL: SELECT * FROM `add_gfqjz_instance` WHERE ( position_id=3 AND TO_DAYS(serve_date)>TO_DAYS(NOW()) ) ORDER BY serve_date  [ RunTime:0.0003s ]

[ 2016-01-22T20:15:12+08:00 ] ::1 /index.php/Addition/Gfqjz/position
INFO: [ app_init ] --START--
INFO: Run Behavior\BuildLiteBehavior [ RunTime:0.000022s ]
INFO: [ app_init ] --END-- [ RunTime:0.000441s ]
INFO: [ app_begin ] --START--
INFO: Run Behavior\ReadHtmlCacheBehavior [ RunTime:0.000558s ]
INFO: [ app_begin ] --END-- [ RunTime:0.000664s ]
SQL: SHOW COLUMNS FROM `add_gfqjz_position` [ RunTime:0.1040s ]
SQL: SHOW COLUMNS FROM `add_gfqjz_instance` [ RunTime:0.0207s ]
SQL: SELECT * FROM `add_gfqjz_position` WHERE ( status=0 )  [ RunTime:0.0003s ]

[ 2016-01-22T20:15:13+08:00 ] ::1 /index.php/Addition/Gfqjz/position?id=3
INFO: [ app_init ] --START--
INFO: Run Behavior\BuildLiteBehavior [ RunTime:0.000021s ]
INFO: [ app_init ] --END-- [ RunTime:0.000422s ]
INFO: [ app_begin ] --START--
INFO: Run Behavior\ReadHtmlCacheBehavior [ RunTime:0.000518s ]
INFO: [ app_begin ] --END-- [ RunTime:0.000653s ]
SQL: SHOW COLUMNS FROM `add_gfqjz_position` [ RunTime:0.0203s ]
SQL: SHOW COLUMNS FROM `add_gfqjz_instance` [ RunTime:0.0129s ]
SQL: SELECT * FROM `add_gfqjz_position` WHERE ( status=0 AND id=3 ) LIMIT 1   [ RunTime:0.0006s ]
SQL: SELECT * FROM `add_gfqjz_instance` WHERE ( position_id=3 AND TO_DAYS(serve_date)>TO_DAYS(NOW()) ) ORDER BY serve_date  [ RunTime:0.0006s ]

[ 2016-01-22T20:17:21+08:00 ] ::1 /index.php/Addition/Gfqjz/position
INFO: [ app_init ] --START--
INFO: Run Behavior\BuildLiteBehavior [ RunTime:0.000062s ]
INFO: [ app_init ] --END-- [ RunTime:0.000846s ]
INFO: [ app_begin ] --START--
INFO: Run Behavior\ReadHtmlCacheBehavior [ RunTime:0.001080s ]
INFO: [ app_begin ] --END-- [ RunTime:0.001269s ]
SQL: SHOW COLUMNS FROM `add_gfqjz_position` [ RunTime:0.0311s ]
SQL: SHOW COLUMNS FROM `add_gfqjz_instance` [ RunTime:0.0160s ]
SQL: SELECT * FROM `add_gfqjz_position` WHERE ( status=0 )  [ RunTime:0.0005s ]

[ 2016-01-22T20:17:22+08:00 ] ::1 /index.php/Addition/Gfqjz/position?id=3
INFO: [ app_init ] --START--
INFO: Run Behavior\BuildLiteBehavior [ RunTime:0.000037s ]
INFO: [ app_init ] --END-- [ RunTime:0.000582s ]
INFO: [ app_begin ] --START--
INFO: Run Behavior\ReadHtmlCacheBehavior [ RunTime:0.000659s ]
INFO: [ app_begin ] --END-- [ RunTime:0.000759s ]
SQL: SHOW COLUMNS FROM `add_gfqjz_position` [ RunTime:0.0175s ]
SQL: SHOW COLUMNS FROM `add_gfqjz_instance` [ RunTime:0.0265s ]
SQL: SELECT * FROM `add_gfqjz_position` WHERE ( status=0 AND id=3 ) LIMIT 1   [ RunTime:0.0004s ]
SQL: SELECT * FROM `add_gfqjz_instance` WHERE ( position_id=3 AND TO_DAYS(serve_date)>TO_DAYS(NOW()) ) ORDER BY serve_date  [ RunTime:0.0006s ]

[ 2016-01-22T20:18:19+08:00 ] ::1 /index.php/Addition/Gfqjz/position
INFO: [ app_init ] --START--
INFO: Run Behavior\BuildLiteBehavior [ RunTime:0.000027s ]
INFO: [ app_init ] --END-- [ RunTime:0.000407s ]
INFO: [ app_begin ] --START--
INFO: Run Behavior\ReadHtmlCacheBehavior [ RunTime:0.001067s ]
INFO: [ app_begin ] --END-- [ RunTime:0.001252s ]
SQL: SHOW COLUMNS FROM `add_gfqjz_position` [ RunTime:0.0228s ]
SQL: SHOW COLUMNS FROM `add_gfqjz_instance` [ RunTime:0.0134s ]
SQL: SELECT * FROM `add_gfqjz_position` WHERE ( status=0 )  [ RunTime:0.0003s ]

[ 2016-01-22T20:18:19+08:00 ] ::1 /index.php/Addition/Gfqjz/position?id=3
INFO: [ app_init ] --START--
INFO: Run Behavior\BuildLiteBehavior [ RunTime:0.000027s ]
INFO: [ app_init ] --END-- [ RunTime:0.000463s ]
INFO: [ app_begin ] --START--
INFO: Run Behavior\ReadHtmlCacheBehavior [ RunTime:0.000723s ]
INFO: [ app_begin ] --END-- [ RunTime:0.000855s ]
SQL: SHOW COLUMNS FROM `add_gfqjz_position` [ RunTime:0.0094s ]
SQL: SHOW COLUMNS FROM `add_gfqjz_instance` [ RunTime:0.0092s ]
SQL: SELECT * FROM `add_gfqjz_position` WHERE ( status=0 AND id=3 ) LIMIT 1   [ RunTime:0.0003s ]
SQL: SELECT * FROM `add_gfqjz_instance` WHERE ( position_id=3 AND TO_DAYS(serve_date)>TO_DAYS(NOW()) ) ORDER BY serve_date  [ RunTime:0.0003s ]

[ 2016-01-22T20:18:56+08:00 ] ::1 /index.php/Addition/Gfqjz/position
INFO: [ app_init ] --START--
INFO: Run Behavior\BuildLiteBehavior [ RunTime:0.000040s ]
INFO: [ app_init ] --END-- [ RunTime:0.000692s ]
INFO: [ app_begin ] --START--
INFO: Run Behavior\ReadHtmlCacheBehavior [ RunTime:0.002021s ]
INFO: [ app_begin ] --END-- [ RunTime:0.002228s ]
SQL: SHOW COLUMNS FROM `add_gfqjz_position` [ RunTime:0.0202s ]
SQL: SHOW COLUMNS FROM `add_gfqjz_instance` [ RunTime:0.0153s ]
SQL: SELECT * FROM `add_gfqjz_position` WHERE ( status=0 )  [ RunTime:0.0007s ]

[ 2016-01-22T20:18:57+08:00 ] ::1 /index.php/Addition/Gfqjz/position?id=3
INFO: [ app_init ] --START--
INFO: Run Behavior\BuildLiteBehavior [ RunTime:0.000024s ]
INFO: [ app_init ] --END-- [ RunTime:0.000354s ]
INFO: [ app_begin ] --START--
INFO: Run Behavior\ReadHtmlCacheBehavior [ RunTime:0.000585s ]
INFO: [ app_begin ] --END-- [ RunTime:0.000719s ]
SQL: SHOW COLUMNS FROM `add_gfqjz_position` [ RunTime:0.0157s ]
SQL: SHOW COLUMNS FROM `add_gfqjz_instance` [ RunTime:0.0108s ]
SQL: SELECT * FROM `add_gfqjz_position` WHERE ( status=0 AND id=3 ) LIMIT 1   [ RunTime:0.0003s ]
SQL: SELECT * FROM `add_gfqjz_instance` WHERE ( position_id=3 AND TO_DAYS(serve_date)>TO_DAYS(NOW()) ) ORDER BY serve_date  [ RunTime:0.0003s ]

[ 2016-01-22T20:22:19+08:00 ] ::1 /index.php/Addition/Gfqjz/position?id=2
INFO: [ app_init ] --START--
INFO: Run Behavior\BuildLiteBehavior [ RunTime:0.000029s ]
INFO: [ app_init ] --END-- [ RunTime:0.000474s ]
INFO: [ app_begin ] --START--
INFO: Run Behavior\ReadHtmlCacheBehavior [ RunTime:0.000626s ]
INFO: [ app_begin ] --END-- [ RunTime:0.000756s ]
SQL: SHOW COLUMNS FROM `add_gfqjz_position` [ RunTime:0.0124s ]
SQL: SHOW COLUMNS FROM `add_gfqjz_instance` [ RunTime:0.0107s ]
SQL: SELECT * FROM `add_gfqjz_position` WHERE ( status=0 AND id=2 ) LIMIT 1   [ RunTime:0.0004s ]
SQL: SELECT * FROM `add_gfqjz_instance` WHERE ( position_id=2 AND TO_DAYS(serve_date)>TO_DAYS(NOW()) ) ORDER BY serve_date  [ RunTime:0.0003s ]

[ 2016-01-22T20:22:44+08:00 ] ::1 /index.php/Addition/Gfqjz/position?id=3
INFO: [ app_init ] --START--
INFO: Run Behavior\BuildLiteBehavior [ RunTime:0.000030s ]
INFO: [ app_init ] --END-- [ RunTime:0.000518s ]
INFO: [ app_begin ] --START--
INFO: Run Behavior\ReadHtmlCacheBehavior [ RunTime:0.000575s ]
INFO: [ app_begin ] --END-- [ RunTime:0.000741s ]
SQL: SHOW COLUMNS FROM `add_gfqjz_position` [ RunTime:0.0127s ]
SQL: SHOW COLUMNS FROM `add_gfqjz_instance` [ RunTime:0.0109s ]
SQL: SELECT * FROM `add_gfqjz_position` WHERE ( status=0 AND id=3 ) LIMIT 1   [ RunTime:0.0004s ]
SQL: SELECT * FROM `add_gfqjz_instance` WHERE ( position_id=3 AND TO_DAYS(serve_date)>TO_DAYS(NOW()) ) ORDER BY serve_date  [ RunTime:0.0003s ]

[ 2016-01-22T20:22:51+08:00 ] ::1 /index.php/Addition/Gfqjz/position
INFO: [ app_init ] --START--
INFO: Run Behavior\BuildLiteBehavior [ RunTime:0.000021s ]
INFO: [ app_init ] --END-- [ RunTime:0.000518s ]
INFO: [ app_begin ] --START--
INFO: Run Behavior\ReadHtmlCacheBehavior [ RunTime:0.000489s ]
INFO: [ app_begin ] --END-- [ RunTime:0.000584s ]
SQL: SHOW COLUMNS FROM `add_gfqjz_position` [ RunTime:0.0150s ]
SQL: SHOW COLUMNS FROM `add_gfqjz_instance` [ RunTime:0.0128s ]
SQL: SELECT * FROM `add_gfqjz_position` WHERE ( status=0 )  [ RunTime:0.0003s ]

[ 2016-01-22T20:22:54+08:00 ] ::1 /index.php/Addition/Gfqjz/position?id=3
INFO: [ app_init ] --START--
INFO: Run Behavior\BuildLiteBehavior [ RunTime:0.000025s ]
INFO: [ app_init ] --END-- [ RunTime:0.000536s ]
INFO: [ app_begin ] --START--
INFO: Run Behavior\ReadHtmlCacheBehavior [ RunTime:0.000505s ]
INFO: [ app_begin ] --END-- [ RunTime:0.000622s ]
SQL: SHOW COLUMNS FROM `add_gfqjz_position` [ RunTime:0.0124s ]
SQL: SHOW COLUMNS FROM `add_gfqjz_instance` [ RunTime:0.0133s ]
SQL: SELECT * FROM `add_gfqjz_position` WHERE ( status=0 AND id=3 ) LIMIT 1   [ RunTime:0.0003s ]
SQL: SELECT * FROM `add_gfqjz_instance` WHERE ( position_id=3 AND TO_DAYS(serve_date)>TO_DAYS(NOW()) ) ORDER BY serve_date  [ RunTime:0.0003s ]

[ 2016-01-22T20:25:44+08:00 ] ::1 /index.php/Addition/Gfqjz/position
INFO: [ app_init ] --START--
INFO: Run Behavior\BuildLiteBehavior [ RunTime:0.000039s ]
INFO: [ app_init ] --END-- [ RunTime:0.000722s ]
INFO: [ app_begin ] --START--
INFO: Run Behavior\ReadHtmlCacheBehavior [ RunTime:0.000532s ]
INFO: [ app_begin ] --END-- [ RunTime:0.000649s ]
SQL: SHOW COLUMNS FROM `add_gfqjz_position` [ RunTime:0.0170s ]
SQL: SHOW COLUMNS FROM `add_gfqjz_instance` [ RunTime:0.0158s ]
SQL: SELECT * FROM `add_gfqjz_position` WHERE ( status=0 )  [ RunTime:0.0005s ]

[ 2016-01-22T20:25:45+08:00 ] ::1 /index.php/Addition/Gfqjz/position?id=3
INFO: [ app_init ] --START--
INFO: Run Behavior\BuildLiteBehavior [ RunTime:0.000023s ]
INFO: [ app_init ] --END-- [ RunTime:0.000346s ]
INFO: [ app_begin ] --START--
INFO: Run Behavior\ReadHtmlCacheBehavior [ RunTime:0.000448s ]
INFO: [ app_begin ] --END-- [ RunTime:0.000549s ]
SQL: SHOW COLUMNS FROM `add_gfqjz_position` [ RunTime:0.0135s ]
SQL: SHOW COLUMNS FROM `add_gfqjz_instance` [ RunTime:0.0107s ]
SQL: SELECT * FROM `add_gfqjz_position` WHERE ( status=0 AND id=3 ) LIMIT 1   [ RunTime:0.0003s ]
SQL: SELECT * FROM `add_gfqjz_instance` WHERE ( position_id=3 AND TO_DAYS(serve_date)>TO_DAYS(NOW()) ) ORDER BY serve_date  [ RunTime:0.0003s ]

[ 2016-01-22T20:25:56+08:00 ] ::1 /index.php/Addition/Gfqjz/position?id=2
INFO: [ app_init ] --START--
INFO: Run Behavior\BuildLiteBehavior [ RunTime:0.000029s ]
INFO: [ app_init ] --END-- [ RunTime:0.000426s ]
INFO: [ app_begin ] --START--
INFO: Run Behavior\ReadHtmlCacheBehavior [ RunTime:0.000504s ]
INFO: [ app_begin ] --END-- [ RunTime:0.000644s ]
SQL: SHOW COLUMNS FROM `add_gfqjz_position` [ RunTime:0.0143s ]
SQL: SHOW COLUMNS FROM `add_gfqjz_instance` [ RunTime:0.0104s ]
SQL: SELECT * FROM `add_gfqjz_position` WHERE ( status=0 AND id=2 ) LIMIT 1   [ RunTime:0.0003s ]
SQL: SELECT * FROM `add_gfqjz_instance` WHERE ( position_id=2 AND TO_DAYS(serve_date)>TO_DAYS(NOW()) ) ORDER BY serve_date  [ RunTime:0.0003s ]

[ 2016-01-22T20:26:14+08:00 ] ::1 /index.php/Addition/Gfqjz/position?id=3
INFO: [ app_init ] --START--
INFO: Run Behavior\BuildLiteBehavior [ RunTime:0.000031s ]
INFO: [ app_init ] --END-- [ RunTime:0.000471s ]
INFO: [ app_begin ] --START--
INFO: Run Behavior\ReadHtmlCacheBehavior [ RunTime:0.000525s ]
INFO: [ app_begin ] --END-- [ RunTime:0.000650s ]
SQL: SHOW COLUMNS FROM `add_gfqjz_position` [ RunTime:0.0166s ]
SQL: SHOW COLUMNS FROM `add_gfqjz_instance` [ RunTime:0.0121s ]
SQL: SELECT * FROM `add_gfqjz_position` WHERE ( status=0 AND id=3 ) LIMIT 1   [ RunTime:0.0003s ]
SQL: SELECT * FROM `add_gfqjz_instance` WHERE ( position_id=3 AND TO_DAYS(serve_date)>TO_DAYS(NOW()) ) ORDER BY serve_date  [ RunTime:0.0003s ]

[ 2016-01-22T20:27:26+08:00 ] ::1 /index.php/Addition/Gfqjz/position
INFO: [ app_init ] --START--
INFO: Run Behavior\BuildLiteBehavior [ RunTime:0.000039s ]
INFO: [ app_init ] --END-- [ RunTime:0.000709s ]
INFO: [ app_begin ] --START--
INFO: Run Behavior\ReadHtmlCacheBehavior [ RunTime:0.001087s ]
INFO: [ app_begin ] --END-- [ RunTime:0.001266s ]
SQL: SHOW COLUMNS FROM `add_gfqjz_position` [ RunTime:0.0181s ]
SQL: SHOW COLUMNS FROM `add_gfqjz_instance` [ RunTime:0.0131s ]
SQL: SELECT * FROM `add_gfqjz_position` WHERE ( status=0 )  [ RunTime:0.0003s ]

[ 2016-01-22T20:27:28+08:00 ] ::1 /index.php/Addition/Gfqjz/position?id=3
INFO: [ app_init ] --START--
INFO: Run Behavior\BuildLiteBehavior [ RunTime:0.000028s ]
INFO: [ app_init ] --END-- [ RunTime:0.000474s ]
INFO: [ app_begin ] --START--
INFO: Run Behavior\ReadHtmlCacheBehavior [ RunTime:0.000716s ]
INFO: [ app_begin ] --END-- [ RunTime:0.000829s ]
SQL: SHOW COLUMNS FROM `add_gfqjz_position` [ RunTime:0.0129s ]
SQL: SHOW COLUMNS FROM `add_gfqjz_instance` [ RunTime:0.0104s ]
SQL: SELECT * FROM `add_gfqjz_position` WHERE ( status=0 AND id=3 ) LIMIT 1   [ RunTime:0.0003s ]
SQL: SELECT * FROM `add_gfqjz_instance` WHERE ( position_id=3 AND TO_DAYS(serve_date)>TO_DAYS(NOW()) ) ORDER BY serve_date  [ RunTime:0.0003s ]

[ 2016-01-22T20:28:57+08:00 ] ::1 /index.php/Addition/Gfqjz/position
INFO: [ app_init ] --START--
INFO: Run Behavior\BuildLiteBehavior [ RunTime:0.000031s ]
INFO: [ app_init ] --END-- [ RunTime:0.000567s ]
INFO: [ app_begin ] --START--
INFO: Run Behavior\ReadHtmlCacheBehavior [ RunTime:0.000783s ]
INFO: [ app_begin ] --END-- [ RunTime:0.000904s ]
SQL: SHOW COLUMNS FROM `add_gfqjz_position` [ RunTime:0.0186s ]
SQL: SHOW COLUMNS FROM `add_gfqjz_instance` [ RunTime:0.0157s ]
SQL: SELECT * FROM `add_gfqjz_position` WHERE ( status=0 )  [ RunTime:0.0003s ]

[ 2016-01-22T20:28:59+08:00 ] ::1 /index.php/Addition/Gfqjz/position?id=3
INFO: [ app_init ] --START--
INFO: Run Behavior\BuildLiteBehavior [ RunTime:0.000032s ]
INFO: [ app_init ] --END-- [ RunTime:0.000435s ]
INFO: [ app_begin ] --START--
INFO: Run Behavior\ReadHtmlCacheBehavior [ RunTime:0.000566s ]
INFO: [ app_begin ] --END-- [ RunTime:0.000686s ]
SQL: SHOW COLUMNS FROM `add_gfqjz_position` [ RunTime:0.0130s ]
SQL: SHOW COLUMNS FROM `add_gfqjz_instance` [ RunTime:0.0103s ]
SQL: SELECT * FROM `add_gfqjz_position` WHERE ( status=0 AND id=3 ) LIMIT 1   [ RunTime:0.0003s ]
SQL: SELECT * FROM `add_gfqjz_instance` WHERE ( position_id=3 AND TO_DAYS(serve_date)>TO_DAYS(NOW()) ) ORDER BY serve_date  [ RunTime:0.0004s ]

[ 2016-01-22T20:30:08+08:00 ] ::1 /index.php/Addition/Gfqjz/position
INFO: [ app_init ] --START--
INFO: Run Behavior\BuildLiteBehavior [ RunTime:0.000023s ]
INFO: [ app_init ] --END-- [ RunTime:0.000451s ]
INFO: [ app_begin ] --START--
INFO: Run Behavior\ReadHtmlCacheBehavior [ RunTime:0.000621s ]
INFO: [ app_begin ] --END-- [ RunTime:0.000761s ]
SQL: SHOW COLUMNS FROM `add_gfqjz_position` [ RunTime:0.0280s ]
SQL: SHOW COLUMNS FROM `add_gfqjz_instance` [ RunTime:0.0149s ]
SQL: SELECT * FROM `add_gfqjz_position` WHERE ( status=0 )  [ RunTime:0.0005s ]

[ 2016-01-22T20:30:08+08:00 ] ::1 /index.php/Addition/Gfqjz/position?id=3
INFO: [ app_init ] --START--
INFO: Run Behavior\BuildLiteBehavior [ RunTime:0.000021s ]
INFO: [ app_init ] --END-- [ RunTime:0.000396s ]
INFO: [ app_begin ] --START--
INFO: Run Behavior\ReadHtmlCacheBehavior [ RunTime:0.000465s ]
INFO: [ app_begin ] --END-- [ RunTime:0.000585s ]
SQL: SHOW COLUMNS FROM `add_gfqjz_position` [ RunTime:0.0140s ]
SQL: SHOW COLUMNS FROM `add_gfqjz_instance` [ RunTime:0.0111s ]
SQL: SELECT * FROM `add_gfqjz_position` WHERE ( status=0 AND id=3 ) LIMIT 1   [ RunTime:0.0004s ]
SQL: SELECT * FROM `add_gfqjz_instance` WHERE ( position_id=3 AND TO_DAYS(serve_date)>TO_DAYS(NOW()) ) ORDER BY serve_date  [ RunTime:0.0005s ]

[ 2016-01-22T20:32:19+08:00 ] ::1 /index.php/Addition/Gfqjz/position?id=2
INFO: [ app_init ] --START--
INFO: Run Behavior\BuildLiteBehavior [ RunTime:0.000020s ]
INFO: [ app_init ] --END-- [ RunTime:0.000387s ]
INFO: [ app_begin ] --START--
INFO: Run Behavior\ReadHtmlCacheBehavior [ RunTime:0.000573s ]
INFO: [ app_begin ] --END-- [ RunTime:0.000684s ]
SQL: SHOW COLUMNS FROM `add_gfqjz_position` [ RunTime:0.0141s ]
SQL: SHOW COLUMNS FROM `add_gfqjz_instance` [ RunTime:0.0110s ]
SQL: SELECT * FROM `add_gfqjz_position` WHERE ( status=0 AND id=2 ) LIMIT 1   [ RunTime:0.0004s ]
SQL: SELECT * FROM `add_gfqjz_instance` WHERE ( position_id=2 AND TO_DAYS(serve_date)>TO_DAYS(NOW()) ) ORDER BY serve_date  [ RunTime:0.0003s ]

[ 2016-01-22T21:18:15+08:00 ] ::1 /index.php/Addition/Gfqjz/position
INFO: [ app_init ] --START--
INFO: Run Behavior\BuildLiteBehavior [ RunTime:0.000036s ]
INFO: [ app_init ] --END-- [ RunTime:0.000472s ]
INFO: [ app_begin ] --START--
INFO: Run Behavior\ReadHtmlCacheBehavior [ RunTime:0.000517s ]
INFO: [ app_begin ] --END-- [ RunTime:0.000622s ]
SQL: SHOW COLUMNS FROM `add_gfqjz_position` [ RunTime:0.0135s ]
SQL: SHOW COLUMNS FROM `add_gfqjz_instance` [ RunTime:0.0110s ]
SQL: SELECT * FROM `add_gfqjz_position` WHERE ( status=0 )  [ RunTime:0.0003s ]

[ 2016-01-22T22:44:34+08:00 ] ::1 /index.php/Addition/Gfqjz/position
INFO: [ app_init ] --START--
INFO: Run Behavior\BuildLiteBehavior [ RunTime:0.000021s ]
INFO: [ app_init ] --END-- [ RunTime:0.000388s ]
INFO: [ app_begin ] --START--
INFO: Run Behavior\ReadHtmlCacheBehavior [ RunTime:0.000542s ]
INFO: [ app_begin ] --END-- [ RunTime:0.000633s ]
SQL: SHOW COLUMNS FROM `add_gfqjz_position` [ RunTime:0.0143s ]
SQL: SHOW COLUMNS FROM `add_gfqjz_instance` [ RunTime:0.0120s ]
SQL: SELECT * FROM `add_gfqjz_position` WHERE ( status=0 )  [ RunTime:0.0003s ]

