[ 2016-01-21T12:59:37+08:00 ] ::1 /index.php/Addition/Gfqjz/position?id=2
ERR: 1064:You have an error in your SQL syntax; check the manual that corresponds to your MySQL server version for the right syntax to use near 'date>16-01-21 )' at line 1
 [ SQL语句 ] : SELECT * FROM `add_gfqjz_instance` WHERE ( position_id=2AND date>16-01-21 ) 
ERR: 1064:You have an error in your SQL syntax; check the manual that corresponds to your MySQL server version for the right syntax to use near 'date>16-01-21 )' at line 1
 [ SQL语句 ] : SELECT * FROM `add_gfqjz_instance` WHERE ( position_id=2AND date>16-01-21 ) 

[ 2016-01-21T13:01:45+08:00 ] ::1 /index.php/Addition/Gfqjz/position?id=2
ERR: 1064:You have an error in your SQL syntax; check the manual that corresponds to your MySQL server version for the right syntax to use near 'date>16-01-21 )' at line 1
 [ SQL语句 ] : SELECT * FROM `add_gfqjz_instance` WHERE ( position_id=2AND date>16-01-21 ) 
ERR: 1064:You have an error in your SQL syntax; check the manual that corresponds to your MySQL server version for the right syntax to use near 'date>16-01-21 )' at line 1
 [ SQL语句 ] : SELECT * FROM `add_gfqjz_instance` WHERE ( position_id=2AND date>16-01-21 ) 

[ 2016-01-21T13:11:52+08:00 ] ::1 /index.php/Addition/Gfqjz/position?id=3
ERR: 1064:You have an error in your SQL syntax; check the manual that corresponds to your MySQL server version for the right syntax to use near 'TO_DAYS(date)>TO_DAYS(NOW()) )' at line 1
 [ SQL语句 ] : SELECT * FROM `add_gfqjz_instance` WHERE ( position_id=3AND TO_DAYS(date)>TO_DAYS(NOW()) ) 
ERR: 1064:You have an error in your SQL syntax; check the manual that corresponds to your MySQL server version for the right syntax to use near 'TO_DAYS(date)>TO_DAYS(NOW()) )' at line 1
 [ SQL语句 ] : SELECT * FROM `add_gfqjz_instance` WHERE ( position_id=3AND TO_DAYS(date)>TO_DAYS(NOW()) ) 

[ 2016-01-21T13:14:05+08:00 ] ::1 /index.php/Addition/Gfqjz/position?id=3
ERR: 1064:You have an error in your SQL syntax; check the manual that corresponds to your MySQL server version for the right syntax to use near 'TO_DAYS(serve_date)>TO_DAYS(NOW()) )' at line 1
 [ SQL语句 ] : SELECT * FROM `add_gfqjz_instance` WHERE ( position_id=3AND TO_DAYS(serve_date)>TO_DAYS(NOW()) ) 
ERR: 1064:You have an error in your SQL syntax; check the manual that corresponds to your MySQL server version for the right syntax to use near 'TO_DAYS(serve_date)>TO_DAYS(NOW()) )' at line 1
 [ SQL语句 ] : SELECT * FROM `add_gfqjz_instance` WHERE ( position_id=3AND TO_DAYS(serve_date)>TO_DAYS(NOW()) ) 

[ 2016-01-21T13:15:44+08:00 ] ::1 /index.php/Addition/Gfqjz/position?id=3
ERR: 1064:You have an error in your SQL syntax; check the manual that corresponds to your MySQL server version for the right syntax to use near 'TO_DAYS(serve_date)>TO_DAYS(NOW()) )' at line 1
 [ SQL语句 ] : SELECT * FROM `add_gfqjz_instance` WHERE ( position_id=3AND TO_DAYS(serve_date)>TO_DAYS(NOW()) ) 
ERR: 1064:You have an error in your SQL syntax; check the manual that corresponds to your MySQL server version for the right syntax to use near 'TO_DAYS(serve_date)>TO_DAYS(NOW()) )' at line 1
 [ SQL语句 ] : SELECT * FROM `add_gfqjz_instance` WHERE ( position_id=3AND TO_DAYS(serve_date)>TO_DAYS(NOW()) ) 

[ 2016-01-21T13:16:59+08:00 ] ::1 /index.php/Addition/Gfqjz/position
INFO: [ app_init ] --START--
INFO: Run Behavior\BuildLiteBehavior [ RunTime:0.000024s ]
INFO: [ app_init ] --END-- [ RunTime:0.000471s ]
INFO: [ app_begin ] --START--
INFO: Run Behavior\ReadHtmlCacheBehavior [ RunTime:0.000835s ]
INFO: [ app_begin ] --END-- [ RunTime:0.001005s ]
SQL: SHOW COLUMNS FROM `add_gfqjz_position` [ RunTime:0.0201s ]
SQL: SHOW COLUMNS FROM `add_gfqjz_instance` [ RunTime:0.0137s ]
SQL: SELECT * FROM `add_gfqjz_position` WHERE ( status=0 )  [ RunTime:0.0003s ]

[ 2016-01-21T13:17:13+08:00 ] ::1 /index.php/Addition/Gfqjz/position
INFO: [ app_init ] --START--
INFO: Run Behavior\BuildLiteBehavior [ RunTime:0.000020s ]
INFO: [ app_init ] --END-- [ RunTime:0.000364s ]
INFO: [ app_begin ] --START--
INFO: Run Behavior\ReadHtmlCacheBehavior [ RunTime:0.000764s ]
INFO: [ app_begin ] --END-- [ RunTime:0.000899s ]
SQL: SHOW COLUMNS FROM `add_gfqjz_position` [ RunTime:0.0130s ]
SQL: SHOW COLUMNS FROM `add_gfqjz_instance` [ RunTime:0.0106s ]
SQL: SELECT * FROM `add_gfqjz_position` WHERE ( status=0 )  [ RunTime:0.0003s ]

[ 2016-01-21T13:17:16+08:00 ] ::1 /index.php/Addition/Gfqjz/position?id=3
INFO: [ app_init ] --START--
INFO: Run Behavior\BuildLiteBehavior [ RunTime:0.000024s ]
INFO: [ app_init ] --END-- [ RunTime:0.000450s ]
INFO: [ app_begin ] --START--
INFO: Run Behavior\ReadHtmlCacheBehavior [ RunTime:0.000635s ]
INFO: [ app_begin ] --END-- [ RunTime:0.000748s ]
SQL: SHOW COLUMNS FROM `add_gfqjz_position` [ RunTime:0.0144s ]
SQL: SHOW COLUMNS FROM `add_gfqjz_instance` [ RunTime:0.0104s ]
SQL: SELECT * FROM `add_gfqjz_position` WHERE ( status=0 AND id=3 ) LIMIT 1   [ RunTime:0.0003s ]
ERR: 1064:You have an error in your SQL syntax; check the manual that corresponds to your MySQL server version for the right syntax to use near 'TO_DAYS(serve_date)>TO_DAYS(NOW()) )' at line 1
 [ SQL语句 ] : SELECT * FROM `add_gfqjz_instance` WHERE ( position_id=3AND TO_DAYS(serve_date)>TO_DAYS(NOW()) ) 
ERR: 1064:You have an error in your SQL syntax; check the manual that corresponds to your MySQL server version for the right syntax to use near 'TO_DAYS(serve_date)>TO_DAYS(NOW()) )' at line 1
 [ SQL语句 ] : SELECT * FROM `add_gfqjz_instance` WHERE ( position_id=3AND TO_DAYS(serve_date)>TO_DAYS(NOW()) ) 

[ 2016-01-21T13:18:11+08:00 ] ::1 /index.php/Addition/Gfqjz/position
INFO: [ app_init ] --START--
INFO: Run Behavior\BuildLiteBehavior [ RunTime:0.000021s ]
INFO: [ app_init ] --END-- [ RunTime:0.000437s ]
INFO: [ app_begin ] --START--
INFO: Run Behavior\ReadHtmlCacheBehavior [ RunTime:0.000983s ]
INFO: [ app_begin ] --END-- [ RunTime:0.001179s ]
SQL: SHOW COLUMNS FROM `add_gfqjz_position` [ RunTime:0.0246s ]
SQL: SHOW COLUMNS FROM `add_gfqjz_instance` [ RunTime:0.0137s ]
SQL: SELECT * FROM `add_gfqjz_position` WHERE ( status=0 )  [ RunTime:0.0004s ]

[ 2016-01-21T13:18:11+08:00 ] ::1 /index.php/Addition/Gfqjz/position?id=3
INFO: [ app_init ] --START--
INFO: Run Behavior\BuildLiteBehavior [ RunTime:0.000024s ]
INFO: [ app_init ] --END-- [ RunTime:0.000383s ]
INFO: [ app_begin ] --START--
INFO: Run Behavior\ReadHtmlCacheBehavior [ RunTime:0.000569s ]
INFO: [ app_begin ] --END-- [ RunTime:0.000661s ]
SQL: SHOW COLUMNS FROM `add_gfqjz_position` [ RunTime:0.0147s ]
SQL: SHOW COLUMNS FROM `add_gfqjz_instance` [ RunTime:0.0163s ]
SQL: SELECT * FROM `add_gfqjz_position` WHERE ( status=0 AND id=3 ) LIMIT 1   [ RunTime:0.0005s ]
SQL: SELECT * FROM `add_gfqjz_instance` WHERE ( position_id=3 AND TO_DAYS(serve_date)>TO_DAYS(NOW()) )  [ RunTime:0.0003s ]

[ 2016-01-21T13:18:51+08:00 ] ::1 /index.php/Addition/Gfqjz/position
INFO: [ app_init ] --START--
INFO: Run Behavior\BuildLiteBehavior [ RunTime:0.000022s ]
INFO: [ app_init ] --END-- [ RunTime:0.000425s ]
INFO: [ app_begin ] --START--
INFO: Run Behavior\ReadHtmlCacheBehavior [ RunTime:0.000539s ]
INFO: [ app_begin ] --END-- [ RunTime:0.000646s ]
SQL: SHOW COLUMNS FROM `add_gfqjz_position` [ RunTime:0.0189s ]
SQL: SHOW COLUMNS FROM `add_gfqjz_instance` [ RunTime:0.0165s ]
SQL: SELECT * FROM `add_gfqjz_position` WHERE ( status=0 )  [ RunTime:0.0003s ]

[ 2016-01-21T13:18:59+08:00 ] ::1 /index.php/Addition/Gfqjz/position
INFO: [ app_init ] --START--
INFO: Run Behavior\BuildLiteBehavior [ RunTime:0.000025s ]
INFO: [ app_init ] --END-- [ RunTime:0.000381s ]
INFO: [ app_begin ] --START--
INFO: Run Behavior\ReadHtmlCacheBehavior [ RunTime:0.000447s ]
INFO: [ app_begin ] --END-- [ RunTime:0.000540s ]
SQL: SHOW COLUMNS FROM `add_gfqjz_position` [ RunTime:0.0122s ]
SQL: SHOW COLUMNS FROM `add_gfqjz_instance` [ RunTime:0.0115s ]
SQL: SELECT * FROM `add_gfqjz_position` WHERE ( status=0 )  [ RunTime:0.0003s ]

[ 2016-01-21T13:19:02+08:00 ] ::1 /index.php/Addition/Gfqjz/position?id=3
INFO: [ app_init ] --START--
INFO: Run Behavior\BuildLiteBehavior [ RunTime:0.000025s ]
INFO: [ app_init ] --END-- [ RunTime:0.000476s ]
INFO: [ app_begin ] --START--
INFO: Run Behavior\ReadHtmlCacheBehavior [ RunTime:0.000600s ]
INFO: [ app_begin ] --END-- [ RunTime:0.000719s ]
SQL: SHOW COLUMNS FROM `add_gfqjz_position` [ RunTime:0.0120s ]
SQL: SHOW COLUMNS FROM `add_gfqjz_instance` [ RunTime:0.0109s ]
SQL: SELECT * FROM `add_gfqjz_position` WHERE ( status=0 AND id=3 ) LIMIT 1   [ RunTime:0.0004s ]
SQL: SELECT * FROM `add_gfqjz_instance` WHERE ( position_id=3 AND TO_DAYS(serve_date)>TO_DAYS(NOW()) )  [ RunTime:0.0003s ]

[ 2016-01-21T13:23:03+08:00 ] ::1 /index.php/Addition/Gfqjz/position
INFO: [ app_init ] --START--
INFO: Run Behavior\BuildLiteBehavior [ RunTime:0.000039s ]
INFO: [ app_init ] --END-- [ RunTime:0.000653s ]
INFO: [ app_begin ] --START--
INFO: Run Behavior\ReadHtmlCacheBehavior [ RunTime:0.000924s ]
INFO: [ app_begin ] --END-- [ RunTime:0.001095s ]
SQL: SHOW COLUMNS FROM `add_gfqjz_position` [ RunTime:0.0132s ]
SQL: SHOW COLUMNS FROM `add_gfqjz_instance` [ RunTime:0.0123s ]
SQL: SELECT * FROM `add_gfqjz_position` WHERE ( status=0 )  [ RunTime:0.0003s ]

[ 2016-01-21T13:23:04+08:00 ] ::1 /index.php/Addition/Gfqjz/position?id=3
INFO: [ app_init ] --START--
INFO: Run Behavior\BuildLiteBehavior [ RunTime:0.000038s ]
INFO: [ app_init ] --END-- [ RunTime:0.000590s ]
INFO: [ app_begin ] --START--
INFO: Run Behavior\ReadHtmlCacheBehavior [ RunTime:0.000669s ]
INFO: [ app_begin ] --END-- [ RunTime:0.000781s ]
SQL: SHOW COLUMNS FROM `add_gfqjz_position` [ RunTime:0.0125s ]
SQL: SHOW COLUMNS FROM `add_gfqjz_instance` [ RunTime:0.0106s ]
SQL: SELECT * FROM `add_gfqjz_position` WHERE ( status=0 AND id=3 ) LIMIT 1   [ RunTime:0.0004s ]
SQL: SELECT * FROM `add_gfqjz_instance` WHERE ( position_id=3 AND TO_DAYS(serve_date)>TO_DAYS(NOW()) )  [ RunTime:0.0003s ]

[ 2016-01-21T13:56:52+08:00 ] ::1 /index.php/Addition/Gfqjz/position
INFO: [ app_init ] --START--
INFO: Run Behavior\BuildLiteBehavior [ RunTime:0.000022s ]
INFO: [ app_init ] --END-- [ RunTime:0.000398s ]
INFO: [ app_begin ] --START--
INFO: Run Behavior\ReadHtmlCacheBehavior [ RunTime:0.000603s ]
INFO: [ app_begin ] --END-- [ RunTime:0.000702s ]
SQL: SHOW COLUMNS FROM `add_gfqjz_position` [ RunTime:0.0138s ]
SQL: SHOW COLUMNS FROM `add_gfqjz_instance` [ RunTime:0.0108s ]
SQL: SELECT * FROM `add_gfqjz_position` WHERE ( status=0 )  [ RunTime:0.0003s ]

[ 2016-01-21T13:56:53+08:00 ] ::1 /index.php/Addition/Gfqjz/position?id=3
INFO: [ app_init ] --START--
INFO: Run Behavior\BuildLiteBehavior [ RunTime:0.000024s ]
INFO: [ app_init ] --END-- [ RunTime:0.000473s ]
INFO: [ app_begin ] --START--
INFO: Run Behavior\ReadHtmlCacheBehavior [ RunTime:0.000774s ]
INFO: [ app_begin ] --END-- [ RunTime:0.000924s ]
SQL: SHOW COLUMNS FROM `add_gfqjz_position` [ RunTime:0.0890s ]
SQL: SHOW COLUMNS FROM `add_gfqjz_instance` [ RunTime:0.0108s ]
SQL: SELECT * FROM `add_gfqjz_position` WHERE ( status=0 AND id=3 ) LIMIT 1   [ RunTime:0.0003s ]
SQL: SELECT * FROM `add_gfqjz_instance` WHERE ( position_id=3 AND TO_DAYS(serve_date)>TO_DAYS(NOW()) )  [ RunTime:0.0003s ]

[ 2016-01-21T13:57:13+08:00 ] ::1 /index.php/Addition/Gfqjz/position
INFO: [ app_init ] --START--
INFO: Run Behavior\BuildLiteBehavior [ RunTime:0.000032s ]
INFO: [ app_init ] --END-- [ RunTime:0.000589s ]
INFO: [ app_begin ] --START--
INFO: Run Behavior\ReadHtmlCacheBehavior [ RunTime:0.000850s ]
INFO: [ app_begin ] --END-- [ RunTime:0.001005s ]
SQL: SHOW COLUMNS FROM `add_gfqjz_position` [ RunTime:0.0152s ]
SQL: SHOW COLUMNS FROM `add_gfqjz_instance` [ RunTime:0.0108s ]
SQL: SELECT * FROM `add_gfqjz_position` WHERE ( status=0 )  [ RunTime:0.0004s ]

[ 2016-01-21T13:57:14+08:00 ] ::1 /index.php/Addition/Gfqjz/position?id=3
INFO: [ app_init ] --START--
INFO: Run Behavior\BuildLiteBehavior [ RunTime:0.000019s ]
INFO: [ app_init ] --END-- [ RunTime:0.000367s ]
INFO: [ app_begin ] --START--
INFO: Run Behavior\ReadHtmlCacheBehavior [ RunTime:0.000825s ]
INFO: [ app_begin ] --END-- [ RunTime:0.000962s ]
SQL: SHOW COLUMNS FROM `add_gfqjz_position` [ RunTime:0.0126s ]
SQL: SHOW COLUMNS FROM `add_gfqjz_instance` [ RunTime:0.0114s ]
SQL: SELECT * FROM `add_gfqjz_position` WHERE ( status=0 AND id=3 ) LIMIT 1   [ RunTime:0.0003s ]
SQL: SELECT * FROM `add_gfqjz_instance` WHERE ( position_id=3 AND TO_DAYS(serve_date)>TO_DAYS(NOW()) )  [ RunTime:0.0003s ]

[ 2016-01-21T13:57:54+08:00 ] ::1 /index.php/Addition/Gfqjz/position
INFO: [ app_init ] --START--
INFO: Run Behavior\BuildLiteBehavior [ RunTime:0.000023s ]
INFO: [ app_init ] --END-- [ RunTime:0.000413s ]
INFO: [ app_begin ] --START--
INFO: Run Behavior\ReadHtmlCacheBehavior [ RunTime:0.001019s ]
INFO: [ app_begin ] --END-- [ RunTime:0.001197s ]
SQL: SHOW COLUMNS FROM `add_gfqjz_position` [ RunTime:0.0243s ]
SQL: SHOW COLUMNS FROM `add_gfqjz_instance` [ RunTime:0.0145s ]
SQL: SELECT * FROM `add_gfqjz_position` WHERE ( status=0 )  [ RunTime:0.0003s ]

[ 2016-01-21T13:57:55+08:00 ] ::1 /index.php/Addition/Gfqjz/position?id=3
INFO: [ app_init ] --START--
INFO: Run Behavior\BuildLiteBehavior [ RunTime:0.000046s ]
INFO: [ app_init ] --END-- [ RunTime:0.001136s ]
INFO: [ app_begin ] --START--
INFO: Run Behavior\ReadHtmlCacheBehavior [ RunTime:0.001312s ]
INFO: [ app_begin ] --END-- [ RunTime:0.001636s ]
SQL: SHOW COLUMNS FROM `add_gfqjz_position` [ RunTime:0.0193s ]
SQL: SHOW COLUMNS FROM `add_gfqjz_instance` [ RunTime:0.0209s ]
SQL: SELECT * FROM `add_gfqjz_position` WHERE ( status=0 AND id=3 ) LIMIT 1   [ RunTime:0.0003s ]
SQL: SELECT * FROM `add_gfqjz_instance` WHERE ( position_id=3 AND TO_DAYS(serve_date)>TO_DAYS(NOW()) )  [ RunTime:0.0002s ]

[ 2016-01-21T13:58:20+08:00 ] ::1 /index.php/Addition/Gfqjz/position
INFO: [ app_init ] --START--
INFO: Run Behavior\BuildLiteBehavior [ RunTime:0.000021s ]
INFO: [ app_init ] --END-- [ RunTime:0.000409s ]
INFO: [ app_begin ] --START--
INFO: Run Behavior\ReadHtmlCacheBehavior [ RunTime:0.000566s ]
INFO: [ app_begin ] --END-- [ RunTime:0.000663s ]
SQL: SHOW COLUMNS FROM `add_gfqjz_position` [ RunTime:0.0175s ]
SQL: SHOW COLUMNS FROM `add_gfqjz_instance` [ RunTime:0.0221s ]
SQL: SELECT * FROM `add_gfqjz_position` WHERE ( status=0 )  [ RunTime:0.0005s ]

[ 2016-01-21T13:58:23+08:00 ] ::1 /index.php/Addition/Gfqjz/position?id=3
INFO: [ app_init ] --START--
INFO: Run Behavior\BuildLiteBehavior [ RunTime:0.000026s ]
INFO: [ app_init ] --END-- [ RunTime:0.000431s ]
INFO: [ app_begin ] --START--
INFO: Run Behavior\ReadHtmlCacheBehavior [ RunTime:0.000497s ]
INFO: [ app_begin ] --END-- [ RunTime:0.000606s ]
SQL: SHOW COLUMNS FROM `add_gfqjz_position` [ RunTime:0.0142s ]
SQL: SHOW COLUMNS FROM `add_gfqjz_instance` [ RunTime:0.0109s ]
SQL: SELECT * FROM `add_gfqjz_position` WHERE ( status=0 AND id=3 ) LIMIT 1   [ RunTime:0.0004s ]
SQL: SELECT * FROM `add_gfqjz_instance` WHERE ( position_id=3 AND TO_DAYS(serve_date)>TO_DAYS(NOW()) )  [ RunTime:0.0002s ]

[ 2016-01-21T13:58:26+08:00 ] ::1 /index.php/Addition/Gfqjz/position
INFO: [ app_init ] --START--
INFO: Run Behavior\BuildLiteBehavior [ RunTime:0.000020s ]
INFO: [ app_init ] --END-- [ RunTime:0.000376s ]
INFO: [ app_begin ] --START--
INFO: Run Behavior\ReadHtmlCacheBehavior [ RunTime:0.000813s ]
INFO: [ app_begin ] --END-- [ RunTime:0.000964s ]
SQL: SHOW COLUMNS FROM `add_gfqjz_position` [ RunTime:0.0161s ]
SQL: SHOW COLUMNS FROM `add_gfqjz_instance` [ RunTime:0.0124s ]
SQL: SELECT * FROM `add_gfqjz_position` WHERE ( status=0 )  [ RunTime:0.0003s ]

[ 2016-01-21T13:58:27+08:00 ] ::1 /index.php/Addition/Gfqjz/position?id=3
INFO: [ app_init ] --START--
INFO: Run Behavior\BuildLiteBehavior [ RunTime:0.000021s ]
INFO: [ app_init ] --END-- [ RunTime:0.000429s ]
INFO: [ app_begin ] --START--
INFO: Run Behavior\ReadHtmlCacheBehavior [ RunTime:0.000566s ]
INFO: [ app_begin ] --END-- [ RunTime:0.000657s ]
SQL: SHOW COLUMNS FROM `add_gfqjz_position` [ RunTime:0.0119s ]
SQL: SHOW COLUMNS FROM `add_gfqjz_instance` [ RunTime:0.0103s ]
SQL: SELECT * FROM `add_gfqjz_position` WHERE ( status=0 AND id=3 ) LIMIT 1   [ RunTime:0.0003s ]
SQL: SELECT * FROM `add_gfqjz_instance` WHERE ( position_id=3 AND TO_DAYS(serve_date)>TO_DAYS(NOW()) )  [ RunTime:0.0002s ]

[ 2016-01-21T13:58:39+08:00 ] ::1 /index.php/Addition/Gfqjz/position
INFO: [ app_init ] --START--
INFO: Run Behavior\BuildLiteBehavior [ RunTime:0.000036s ]
INFO: [ app_init ] --END-- [ RunTime:0.000623s ]
INFO: [ app_begin ] --START--
INFO: Run Behavior\ReadHtmlCacheBehavior [ RunTime:0.000882s ]
INFO: [ app_begin ] --END-- [ RunTime:0.001049s ]
SQL: SHOW COLUMNS FROM `add_gfqjz_position` [ RunTime:0.0148s ]
SQL: SHOW COLUMNS FROM `add_gfqjz_instance` [ RunTime:0.0124s ]
SQL: SELECT * FROM `add_gfqjz_position` WHERE ( status=0 )  [ RunTime:0.0003s ]

[ 2016-01-21T13:58:40+08:00 ] ::1 /index.php/Addition/Gfqjz/position?id=3
INFO: [ app_init ] --START--
INFO: Run Behavior\BuildLiteBehavior [ RunTime:0.000020s ]
INFO: [ app_init ] --END-- [ RunTime:0.000373s ]
INFO: [ app_begin ] --START--
INFO: Run Behavior\ReadHtmlCacheBehavior [ RunTime:0.000566s ]
INFO: [ app_begin ] --END-- [ RunTime:0.000655s ]
SQL: SHOW COLUMNS FROM `add_gfqjz_position` [ RunTime:0.0079s ]
SQL: SHOW COLUMNS FROM `add_gfqjz_instance` [ RunTime:0.0100s ]
SQL: SELECT * FROM `add_gfqjz_position` WHERE ( status=0 AND id=3 ) LIMIT 1   [ RunTime:0.0003s ]
SQL: SELECT * FROM `add_gfqjz_instance` WHERE ( position_id=3 AND TO_DAYS(serve_date)>TO_DAYS(NOW()) )  [ RunTime:0.0002s ]

[ 2016-01-21T14:35:39+08:00 ] ::1 /index.php/Addition/Gfqjz/position
INFO: [ app_init ] --START--
INFO: Run Behavior\BuildLiteBehavior [ RunTime:0.000034s ]
INFO: [ app_init ] --END-- [ RunTime:0.000579s ]
INFO: [ app_begin ] --START--
INFO: Run Behavior\ReadHtmlCacheBehavior [ RunTime:0.000833s ]
INFO: [ app_begin ] --END-- [ RunTime:0.001030s ]
SQL: SHOW COLUMNS FROM `add_gfqjz_position` [ RunTime:0.0151s ]
SQL: SHOW COLUMNS FROM `add_gfqjz_instance` [ RunTime:0.0122s ]
SQL: SELECT * FROM `add_gfqjz_position` WHERE ( status=0 )  [ RunTime:0.0004s ]

[ 2016-01-21T14:35:40+08:00 ] ::1 /index.php/Addition/Gfqjz/position?id=3
INFO: [ app_init ] --START--
INFO: Run Behavior\BuildLiteBehavior [ RunTime:0.000026s ]
INFO: [ app_init ] --END-- [ RunTime:0.000455s ]
INFO: [ app_begin ] --START--
INFO: Run Behavior\ReadHtmlCacheBehavior [ RunTime:0.000531s ]
INFO: [ app_begin ] --END-- [ RunTime:0.000654s ]
SQL: SHOW COLUMNS FROM `add_gfqjz_position` [ RunTime:0.0135s ]
SQL: SHOW COLUMNS FROM `add_gfqjz_instance` [ RunTime:0.0107s ]
SQL: SELECT * FROM `add_gfqjz_position` WHERE ( status=0 AND id=3 ) LIMIT 1   [ RunTime:0.0004s ]
SQL: SELECT * FROM `add_gfqjz_instance` WHERE ( position_id=3 AND TO_DAYS(serve_date)>TO_DAYS(NOW()) ) ORDER BY serve_date  [ RunTime:0.0216s ]

[ 2016-01-21T14:36:43+08:00 ] ::1 /index.php/Addition/Gfqjz/position
INFO: [ app_init ] --START--
INFO: Run Behavior\BuildLiteBehavior [ RunTime:0.000030s ]
INFO: [ app_init ] --END-- [ RunTime:0.000566s ]
INFO: [ app_begin ] --START--
INFO: Run Behavior\ReadHtmlCacheBehavior [ RunTime:0.000840s ]
INFO: [ app_begin ] --END-- [ RunTime:0.000997s ]
SQL: SHOW COLUMNS FROM `add_gfqjz_position` [ RunTime:0.0122s ]
SQL: SHOW COLUMNS FROM `add_gfqjz_instance` [ RunTime:0.0119s ]
SQL: SELECT * FROM `add_gfqjz_position` WHERE ( status=0 )  [ RunTime:0.0003s ]

[ 2016-01-21T14:36:46+08:00 ] ::1 /index.php/Addition/Gfqjz/position?id=2
INFO: [ app_init ] --START--
INFO: Run Behavior\BuildLiteBehavior [ RunTime:0.000024s ]
INFO: [ app_init ] --END-- [ RunTime:0.000457s ]
INFO: [ app_begin ] --START--
INFO: Run Behavior\ReadHtmlCacheBehavior [ RunTime:0.001385s ]
INFO: [ app_begin ] --END-- [ RunTime:0.001615s ]
SQL: SHOW COLUMNS FROM `add_gfqjz_position` [ RunTime:0.0129s ]
SQL: SHOW COLUMNS FROM `add_gfqjz_instance` [ RunTime:0.0109s ]
SQL: SELECT * FROM `add_gfqjz_position` WHERE ( status=0 AND id=2 ) LIMIT 1   [ RunTime:0.0004s ]
SQL: SELECT * FROM `add_gfqjz_instance` WHERE ( position_id=2 AND TO_DAYS(serve_date)>TO_DAYS(NOW()) ) ORDER BY serve_date  [ RunTime:0.0003s ]

[ 2016-01-21T14:37:36+08:00 ] ::1 /index.php/Addition/Gfqjz/position
INFO: [ app_init ] --START--
INFO: Run Behavior\BuildLiteBehavior [ RunTime:0.000022s ]
INFO: [ app_init ] --END-- [ RunTime:0.000400s ]
INFO: [ app_begin ] --START--
INFO: Run Behavior\ReadHtmlCacheBehavior [ RunTime:0.000590s ]
INFO: [ app_begin ] --END-- [ RunTime:0.000691s ]
SQL: SHOW COLUMNS FROM `add_gfqjz_position` [ RunTime:0.0202s ]
SQL: SHOW COLUMNS FROM `add_gfqjz_instance` [ RunTime:0.0141s ]
SQL: SELECT * FROM `add_gfqjz_position` WHERE ( status=0 )  [ RunTime:0.0004s ]

[ 2016-01-21T14:37:37+08:00 ] ::1 /index.php/Addition/Gfqjz/position?id=3
INFO: [ app_init ] --START--
INFO: Run Behavior\BuildLiteBehavior [ RunTime:0.000020s ]
INFO: [ app_init ] --END-- [ RunTime:0.000408s ]
INFO: [ app_begin ] --START--
INFO: Run Behavior\ReadHtmlCacheBehavior [ RunTime:0.000573s ]
INFO: [ app_begin ] --END-- [ RunTime:0.000671s ]
SQL: SHOW COLUMNS FROM `add_gfqjz_position` [ RunTime:0.0128s ]
SQL: SHOW COLUMNS FROM `add_gfqjz_instance` [ RunTime:0.0104s ]
SQL: SELECT * FROM `add_gfqjz_position` WHERE ( status=0 AND id=3 ) LIMIT 1   [ RunTime:0.0004s ]
SQL: SELECT * FROM `add_gfqjz_instance` WHERE ( position_id=3 AND TO_DAYS(serve_date)>TO_DAYS(NOW()) ) ORDER BY serve_date  [ RunTime:0.0006s ]

[ 2016-01-21T14:38:02+08:00 ] ::1 /index.php/Addition/Gfqjz/position
INFO: [ app_init ] --START--
INFO: Run Behavior\BuildLiteBehavior [ RunTime:0.000022s ]
INFO: [ app_init ] --END-- [ RunTime:0.000404s ]
INFO: [ app_begin ] --START--
INFO: Run Behavior\ReadHtmlCacheBehavior [ RunTime:0.000528s ]
INFO: [ app_begin ] --END-- [ RunTime:0.000639s ]
SQL: SHOW COLUMNS FROM `add_gfqjz_position` [ RunTime:0.0158s ]
SQL: SHOW COLUMNS FROM `add_gfqjz_instance` [ RunTime:0.0144s ]
SQL: SELECT * FROM `add_gfqjz_position` WHERE ( status=0 )  [ RunTime:0.0003s ]

[ 2016-01-21T14:38:04+08:00 ] ::1 /index.php/Addition/Gfqjz/position?id=3
INFO: [ app_init ] --START--
INFO: Run Behavior\BuildLiteBehavior [ RunTime:0.000024s ]
INFO: [ app_init ] --END-- [ RunTime:0.000415s ]
INFO: [ app_begin ] --START--
INFO: Run Behavior\ReadHtmlCacheBehavior [ RunTime:0.000502s ]
INFO: [ app_begin ] --END-- [ RunTime:0.000624s ]
SQL: SHOW COLUMNS FROM `add_gfqjz_position` [ RunTime:0.0122s ]
SQL: SHOW COLUMNS FROM `add_gfqjz_instance` [ RunTime:0.0106s ]
SQL: SELECT * FROM `add_gfqjz_position` WHERE ( status=0 AND id=3 ) LIMIT 1   [ RunTime:0.0004s ]
SQL: SELECT * FROM `add_gfqjz_instance` WHERE ( position_id=3 AND TO_DAYS(serve_date)>TO_DAYS(NOW()) ) ORDER BY serve_date  [ RunTime:0.0003s ]

[ 2016-01-21T14:53:56+08:00 ] ::1 /index.php/Addition/Gfqjz/position
INFO: [ app_init ] --START--
INFO: Run Behavior\BuildLiteBehavior [ RunTime:0.000034s ]
INFO: [ app_init ] --END-- [ RunTime:0.000596s ]
INFO: [ app_begin ] --START--
INFO: Run Behavior\ReadHtmlCacheBehavior [ RunTime:0.001021s ]
INFO: [ app_begin ] --END-- [ RunTime:0.001225s ]
SQL: SHOW COLUMNS FROM `add_gfqjz_position` [ RunTime:0.0223s ]
SQL: SHOW COLUMNS FROM `add_gfqjz_instance` [ RunTime:0.3054s ]
SQL: SELECT * FROM `add_gfqjz_position` WHERE ( status=0 )  [ RunTime:0.0004s ]

[ 2016-01-21T14:54:13+08:00 ] ::1 /index.php/Addition/Gfqjz/position
INFO: [ app_init ] --START--
INFO: Run Behavior\BuildLiteBehavior [ RunTime:0.000020s ]
INFO: [ app_init ] --END-- [ RunTime:0.000368s ]
INFO: [ app_begin ] --START--
INFO: Run Behavior\ReadHtmlCacheBehavior [ RunTime:0.000581s ]
INFO: [ app_begin ] --END-- [ RunTime:0.000672s ]
SQL: SHOW COLUMNS FROM `add_gfqjz_position` [ RunTime:0.0125s ]
SQL: SHOW COLUMNS FROM `add_gfqjz_instance` [ RunTime:0.0119s ]
SQL: SELECT * FROM `add_gfqjz_position` WHERE ( status=0 )  [ RunTime:0.0003s ]

[ 2016-01-21T14:54:14+08:00 ] ::1 /index.php/Addition/Gfqjz/position?id=3
INFO: [ app_init ] --START--
INFO: Run Behavior\BuildLiteBehavior [ RunTime:0.000019s ]
INFO: [ app_init ] --END-- [ RunTime:0.000365s ]
INFO: [ app_begin ] --START--
INFO: Run Behavior\ReadHtmlCacheBehavior [ RunTime:0.000550s ]
INFO: [ app_begin ] --END-- [ RunTime:0.000648s ]
SQL: SHOW COLUMNS FROM `add_gfqjz_position` [ RunTime:0.0121s ]
SQL: SHOW COLUMNS FROM `add_gfqjz_instance` [ RunTime:0.0104s ]
SQL: SELECT * FROM `add_gfqjz_position` WHERE ( status=0 AND id=3 ) LIMIT 1   [ RunTime:0.0004s ]
SQL: SELECT * FROM `add_gfqjz_instance` WHERE ( position_id=3 AND TO_DAYS(serve_date)>TO_DAYS(NOW()) ) ORDER BY serve_date  [ RunTime:0.0003s ]

[ 2016-01-21T14:54:50+08:00 ] ::1 /index.php/Addition/Gfqjz/position
INFO: [ app_init ] --START--
INFO: Run Behavior\BuildLiteBehavior [ RunTime:0.000022s ]
INFO: [ app_init ] --END-- [ RunTime:0.000397s ]
INFO: [ app_begin ] --START--
INFO: Run Behavior\ReadHtmlCacheBehavior [ RunTime:0.000523s ]
INFO: [ app_begin ] --END-- [ RunTime:0.000613s ]
SQL: SHOW COLUMNS FROM `add_gfqjz_position` [ RunTime:0.0135s ]
SQL: SHOW COLUMNS FROM `add_gfqjz_instance` [ RunTime:0.0122s ]
SQL: SELECT * FROM `add_gfqjz_position` WHERE ( status=0 )  [ RunTime:0.0003s ]

[ 2016-01-21T14:54:51+08:00 ] ::1 /index.php/Addition/Gfqjz/position?id=3
INFO: [ app_init ] --START--
INFO: Run Behavior\BuildLiteBehavior [ RunTime:0.000021s ]
INFO: [ app_init ] --END-- [ RunTime:0.000461s ]
INFO: [ app_begin ] --START--
INFO: Run Behavior\ReadHtmlCacheBehavior [ RunTime:0.000521s ]
INFO: [ app_begin ] --END-- [ RunTime:0.000611s ]
SQL: SHOW COLUMNS FROM `add_gfqjz_position` [ RunTime:0.0129s ]
SQL: SHOW COLUMNS FROM `add_gfqjz_instance` [ RunTime:0.0118s ]
SQL: SELECT * FROM `add_gfqjz_position` WHERE ( status=0 AND id=3 ) LIMIT 1   [ RunTime:0.0003s ]
SQL: SELECT * FROM `add_gfqjz_instance` WHERE ( position_id=3 AND TO_DAYS(serve_date)>TO_DAYS(NOW()) ) ORDER BY serve_date  [ RunTime:0.0003s ]

[ 2016-01-21T14:56:17+08:00 ] ::1 /index.php/Addition/Gfqjz/position
INFO: [ app_init ] --START--
INFO: Run Behavior\BuildLiteBehavior [ RunTime:0.000022s ]
INFO: [ app_init ] --END-- [ RunTime:0.000386s ]
INFO: [ app_begin ] --START--
INFO: Run Behavior\ReadHtmlCacheBehavior [ RunTime:0.000554s ]
INFO: [ app_begin ] --END-- [ RunTime:0.000650s ]
SQL: SHOW COLUMNS FROM `add_gfqjz_position` [ RunTime:0.0202s ]
SQL: SHOW COLUMNS FROM `add_gfqjz_instance` [ RunTime:0.0160s ]
SQL: SELECT * FROM `add_gfqjz_position` WHERE ( status=0 )  [ RunTime:0.0003s ]

[ 2016-01-21T14:56:18+08:00 ] ::1 /index.php/Addition/Gfqjz/position?id=3
INFO: [ app_init ] --START--
INFO: Run Behavior\BuildLiteBehavior [ RunTime:0.000022s ]
INFO: [ app_init ] --END-- [ RunTime:0.000542s ]
INFO: [ app_begin ] --START--
INFO: Run Behavior\ReadHtmlCacheBehavior [ RunTime:0.000600s ]
INFO: [ app_begin ] --END-- [ RunTime:0.000705s ]
SQL: SHOW COLUMNS FROM `add_gfqjz_position` [ RunTime:0.0253s ]
SQL: SHOW COLUMNS FROM `add_gfqjz_instance` [ RunTime:0.0255s ]
SQL: SELECT * FROM `add_gfqjz_position` WHERE ( status=0 AND id=3 ) LIMIT 1   [ RunTime:0.0003s ]
SQL: SELECT * FROM `add_gfqjz_instance` WHERE ( position_id=3 AND TO_DAYS(serve_date)>TO_DAYS(NOW()) ) ORDER BY serve_date  [ RunTime:0.0019s ]

[ 2016-01-21T14:56:49+08:00 ] ::1 /index.php/Addition/Gfqjz/position
INFO: [ app_init ] --START--
INFO: Run Behavior\BuildLiteBehavior [ RunTime:0.000032s ]
INFO: [ app_init ] --END-- [ RunTime:0.000590s ]
INFO: [ app_begin ] --START--
INFO: Run Behavior\ReadHtmlCacheBehavior [ RunTime:0.000791s ]
INFO: [ app_begin ] --END-- [ RunTime:0.000970s ]
SQL: SHOW COLUMNS FROM `add_gfqjz_position` [ RunTime:0.0183s ]
SQL: SHOW COLUMNS FROM `add_gfqjz_instance` [ RunTime:0.0240s ]
SQL: SELECT * FROM `add_gfqjz_position` WHERE ( status=0 )  [ RunTime:0.0003s ]

[ 2016-01-21T14:56:50+08:00 ] ::1 /index.php/Addition/Gfqjz/position?id=3
INFO: [ app_init ] --START--
INFO: Run Behavior\BuildLiteBehavior [ RunTime:0.000036s ]
INFO: [ app_init ] --END-- [ RunTime:0.000652s ]
INFO: [ app_begin ] --START--
INFO: Run Behavior\ReadHtmlCacheBehavior [ RunTime:0.000766s ]
INFO: [ app_begin ] --END-- [ RunTime:0.000959s ]
SQL: SHOW COLUMNS FROM `add_gfqjz_position` [ RunTime:0.0236s ]
SQL: SHOW COLUMNS FROM `add_gfqjz_instance` [ RunTime:0.0208s ]
SQL: SELECT * FROM `add_gfqjz_position` WHERE ( status=0 AND id=3 ) LIMIT 1   [ RunTime:0.0007s ]
SQL: SELECT * FROM `add_gfqjz_instance` WHERE ( position_id=3 AND TO_DAYS(serve_date)>TO_DAYS(NOW()) ) ORDER BY serve_date  [ RunTime:0.0005s ]

[ 2016-01-21T14:58:45+08:00 ] ::1 /index.php/Addition/Gfqjz/position
INFO: [ app_init ] --START--
INFO: Run Behavior\BuildLiteBehavior [ RunTime:0.000024s ]
INFO: [ app_init ] --END-- [ RunTime:0.000403s ]
INFO: [ app_begin ] --START--
INFO: Run Behavior\ReadHtmlCacheBehavior [ RunTime:0.000561s ]
INFO: [ app_begin ] --END-- [ RunTime:0.000659s ]
SQL: SHOW COLUMNS FROM `add_gfqjz_position` [ RunTime:0.0155s ]
SQL: SHOW COLUMNS FROM `add_gfqjz_instance` [ RunTime:0.0121s ]
SQL: SELECT * FROM `add_gfqjz_position` WHERE ( status=0 )  [ RunTime:0.0003s ]

[ 2016-01-21T14:58:48+08:00 ] ::1 /index.php/Addition/Gfqjz/position?id=3
INFO: [ app_init ] --START--
INFO: Run Behavior\BuildLiteBehavior [ RunTime:0.000019s ]
INFO: [ app_init ] --END-- [ RunTime:0.000361s ]
INFO: [ app_begin ] --START--
INFO: Run Behavior\ReadHtmlCacheBehavior [ RunTime:0.000522s ]
INFO: [ app_begin ] --END-- [ RunTime:0.000613s ]
SQL: SHOW COLUMNS FROM `add_gfqjz_position` [ RunTime:0.0404s ]
SQL: SHOW COLUMNS FROM `add_gfqjz_instance` [ RunTime:0.0108s ]
SQL: SELECT * FROM `add_gfqjz_position` WHERE ( status=0 AND id=3 ) LIMIT 1   [ RunTime:0.0003s ]
SQL: SELECT * FROM `add_gfqjz_instance` WHERE ( position_id=3 AND TO_DAYS(serve_date)>TO_DAYS(NOW()) ) ORDER BY serve_date  [ RunTime:0.0003s ]

[ 2016-01-21T14:59:41+08:00 ] ::1 /index.php/Addition/Gfqjz/position
INFO: [ app_init ] --START--
INFO: Run Behavior\BuildLiteBehavior [ RunTime:0.000038s ]
INFO: [ app_init ] --END-- [ RunTime:0.000562s ]
INFO: [ app_begin ] --START--
INFO: Run Behavior\ReadHtmlCacheBehavior [ RunTime:0.000973s ]
INFO: [ app_begin ] --END-- [ RunTime:0.001150s ]
SQL: SHOW COLUMNS FROM `add_gfqjz_position` [ RunTime:0.0141s ]
SQL: SHOW COLUMNS FROM `add_gfqjz_instance` [ RunTime:0.0125s ]
SQL: SELECT * FROM `add_gfqjz_position` WHERE ( status=0 )  [ RunTime:0.0003s ]

[ 2016-01-21T14:59:42+08:00 ] ::1 /index.php/Addition/Gfqjz/position?id=3
INFO: [ app_init ] --START--
INFO: Run Behavior\BuildLiteBehavior [ RunTime:0.000026s ]
INFO: [ app_init ] --END-- [ RunTime:0.000472s ]
INFO: [ app_begin ] --START--
INFO: Run Behavior\ReadHtmlCacheBehavior [ RunTime:0.000708s ]
INFO: [ app_begin ] --END-- [ RunTime:0.000830s ]
SQL: SHOW COLUMNS FROM `add_gfqjz_position` [ RunTime:0.0134s ]
SQL: SHOW COLUMNS FROM `add_gfqjz_instance` [ RunTime:0.0115s ]
SQL: SELECT * FROM `add_gfqjz_position` WHERE ( status=0 AND id=3 ) LIMIT 1   [ RunTime:0.0004s ]
SQL: SELECT * FROM `add_gfqjz_instance` WHERE ( position_id=3 AND TO_DAYS(serve_date)>TO_DAYS(NOW()) ) ORDER BY serve_date  [ RunTime:0.0003s ]

[ 2016-01-21T15:01:52+08:00 ] ::1 /index.php/Addition/Gfqjz/position
INFO: [ app_init ] --START--
INFO: Run Behavior\BuildLiteBehavior [ RunTime:0.000041s ]
INFO: [ app_init ] --END-- [ RunTime:0.000756s ]
INFO: [ app_begin ] --START--
INFO: Run Behavior\ReadHtmlCacheBehavior [ RunTime:0.001672s ]
INFO: [ app_begin ] --END-- [ RunTime:0.001902s ]
SQL: SHOW COLUMNS FROM `add_gfqjz_position` [ RunTime:0.0159s ]
SQL: SHOW COLUMNS FROM `add_gfqjz_instance` [ RunTime:0.0139s ]
SQL: SELECT * FROM `add_gfqjz_position` WHERE ( status=0 )  [ RunTime:0.0003s ]

[ 2016-01-21T15:01:54+08:00 ] ::1 /index.php/Addition/Gfqjz/position?id=3
INFO: [ app_init ] --START--
INFO: Run Behavior\BuildLiteBehavior [ RunTime:0.000172s ]
INFO: [ app_init ] --END-- [ RunTime:0.001329s ]
INFO: [ app_begin ] --START--
INFO: Run Behavior\ReadHtmlCacheBehavior [ RunTime:0.000940s ]
INFO: [ app_begin ] --END-- [ RunTime:0.001107s ]
SQL: SHOW COLUMNS FROM `add_gfqjz_position` [ RunTime:0.0176s ]
SQL: SHOW COLUMNS FROM `add_gfqjz_instance` [ RunTime:0.0136s ]
SQL: SELECT * FROM `add_gfqjz_position` WHERE ( status=0 AND id=3 ) LIMIT 1   [ RunTime:0.0004s ]
SQL: SELECT * FROM `add_gfqjz_instance` WHERE ( position_id=3 AND TO_DAYS(serve_date)>TO_DAYS(NOW()) ) ORDER BY serve_date  [ RunTime:0.0004s ]

[ 2016-01-21T19:33:17+08:00 ] ::1 /index.php/Addition/Gfqjz/position
INFO: [ app_init ] --START--
INFO: Run Behavior\BuildLiteBehavior [ RunTime:0.000027s ]
INFO: [ app_init ] --END-- [ RunTime:0.005756s ]
INFO: [ app_begin ] --START--
INFO: Run Behavior\ReadHtmlCacheBehavior [ RunTime:0.006164s ]
INFO: [ app_begin ] --END-- [ RunTime:0.006299s ]
SQL: SHOW COLUMNS FROM `add_gfqjz_position` [ RunTime:0.0129s ]
SQL: SHOW COLUMNS FROM `add_gfqjz_instance` [ RunTime:0.0107s ]
SQL: SELECT * FROM `add_gfqjz_position` WHERE ( status=0 )  [ RunTime:0.0005s ]

[ 2016-01-21T19:39:58+08:00 ] ::1 /index.php/Addition/Gfqjz/position
INFO: [ app_init ] --START--
INFO: Run Behavior\BuildLiteBehavior [ RunTime:0.000032s ]
INFO: [ app_init ] --END-- [ RunTime:0.000615s ]
INFO: [ app_begin ] --START--
INFO: Run Behavior\ReadHtmlCacheBehavior [ RunTime:0.000900s ]
INFO: [ app_begin ] --END-- [ RunTime:0.001059s ]
SQL: SHOW COLUMNS FROM `add_gfqjz_position` [ RunTime:0.0149s ]
SQL: SHOW COLUMNS FROM `add_gfqjz_instance` [ RunTime:0.0156s ]
SQL: SELECT * FROM `add_gfqjz_position` WHERE ( status=0 )  [ RunTime:0.0003s ]

[ 2016-01-21T19:40:38+08:00 ] ::1 /index.php/Addition/Gfqjz/position?id=2
INFO: [ app_init ] --START--
INFO: Run Behavior\BuildLiteBehavior [ RunTime:0.000020s ]
INFO: [ app_init ] --END-- [ RunTime:0.000337s ]
INFO: [ app_begin ] --START--
INFO: Run Behavior\ReadHtmlCacheBehavior [ RunTime:0.000517s ]
INFO: [ app_begin ] --END-- [ RunTime:0.000638s ]
SQL: SHOW COLUMNS FROM `add_gfqjz_position` [ RunTime:0.0133s ]
SQL: SHOW COLUMNS FROM `add_gfqjz_instance` [ RunTime:0.0104s ]
SQL: SELECT * FROM `add_gfqjz_position` WHERE ( status=0 AND id=2 ) LIMIT 1   [ RunTime:0.0005s ]
SQL: SELECT * FROM `add_gfqjz_instance` WHERE ( position_id=2 AND TO_DAYS(serve_date)>TO_DAYS(NOW()) ) ORDER BY serve_date  [ RunTime:0.0003s ]

[ 2016-01-21T20:43:59+08:00 ] ::1 /index.php/Addition/Gfqjz/position
INFO: [ app_init ] --START--
INFO: Run Behavior\BuildLiteBehavior [ RunTime:0.000035s ]
INFO: [ app_init ] --END-- [ RunTime:0.000606s ]
INFO: [ app_begin ] --START--
INFO: Run Behavior\ReadHtmlCacheBehavior [ RunTime:0.000768s ]
INFO: [ app_begin ] --END-- [ RunTime:0.000919s ]
SQL: SHOW COLUMNS FROM `add_gfqjz_position` [ RunTime:0.0155s ]
SQL: SHOW COLUMNS FROM `add_gfqjz_instance` [ RunTime:0.0113s ]
SQL: SELECT * FROM `add_gfqjz_position` WHERE ( status=0 )  [ RunTime:0.0003s ]

[ 2016-01-21T20:45:12+08:00 ] ::1 /index.php/Addition/Gfqjz/position
INFO: [ app_init ] --START--
INFO: Run Behavior\BuildLiteBehavior [ RunTime:0.000024s ]
INFO: [ app_init ] --END-- [ RunTime:0.000397s ]
INFO: [ app_begin ] --START--
INFO: Run Behavior\ReadHtmlCacheBehavior [ RunTime:0.000703s ]
INFO: [ app_begin ] --END-- [ RunTime:0.000840s ]
SQL: SHOW COLUMNS FROM `add_gfqjz_position` [ RunTime:0.0139s ]
SQL: SHOW COLUMNS FROM `add_gfqjz_instance` [ RunTime:0.0108s ]
SQL: SELECT * FROM `add_gfqjz_position` WHERE ( status=0 )  [ RunTime:0.0004s ]

[ 2016-01-21T20:49:12+08:00 ] ::1 /index.php/Addition/Gfqjz/position
INFO: [ app_init ] --START--
INFO: Run Behavior\BuildLiteBehavior [ RunTime:0.000036s ]
INFO: [ app_init ] --END-- [ RunTime:0.000805s ]
INFO: [ app_begin ] --START--
INFO: Run Behavior\ReadHtmlCacheBehavior [ RunTime:0.000925s ]
INFO: [ app_begin ] --END-- [ RunTime:0.001099s ]
SQL: SHOW COLUMNS FROM `add_gfqjz_position` [ RunTime:0.0210s ]
SQL: SHOW COLUMNS FROM `add_gfqjz_instance` [ RunTime:0.0190s ]
SQL: SELECT * FROM `add_gfqjz_position` WHERE ( status=0 )  [ RunTime:0.0003s ]

[ 2016-01-21T20:49:27+08:00 ] ::1 /index.php/Addition/Gfqjz/position
INFO: [ app_init ] --START--
INFO: Run Behavior\BuildLiteBehavior [ RunTime:0.000023s ]
INFO: [ app_init ] --END-- [ RunTime:0.000539s ]
INFO: [ app_begin ] --START--
INFO: Run Behavior\ReadHtmlCacheBehavior [ RunTime:0.000651s ]
INFO: [ app_begin ] --END-- [ RunTime:0.000766s ]
SQL: SHOW COLUMNS FROM `add_gfqjz_position` [ RunTime:0.0191s ]
SQL: SHOW COLUMNS FROM `add_gfqjz_instance` [ RunTime:0.0133s ]
SQL: SELECT * FROM `add_gfqjz_position` WHERE ( status=0 )  [ RunTime:0.0003s ]

[ 2016-01-21T20:49:59+08:00 ] ::1 /index.php/Addition/Gfqjz/position?id=3
INFO: [ app_init ] --START--
INFO: Run Behavior\BuildLiteBehavior [ RunTime:0.000035s ]
INFO: [ app_init ] --END-- [ RunTime:0.000877s ]
INFO: [ app_begin ] --START--
INFO: Run Behavior\ReadHtmlCacheBehavior [ RunTime:0.000967s ]
INFO: [ app_begin ] --END-- [ RunTime:0.001133s ]
SQL: SHOW COLUMNS FROM `add_gfqjz_position` [ RunTime:0.0126s ]
SQL: SHOW COLUMNS FROM `add_gfqjz_instance` [ RunTime:0.0112s ]
SQL: SELECT * FROM `add_gfqjz_position` WHERE ( status=0 AND id=3 ) LIMIT 1   [ RunTime:0.0004s ]
SQL: SELECT * FROM `add_gfqjz_instance` WHERE ( position_id=3 AND TO_DAYS(serve_date)>TO_DAYS(NOW()) ) ORDER BY serve_date  [ RunTime:0.0003s ]

[ 2016-01-21T20:50:49+08:00 ] ::1 /index.php/Addition/Gfqjz/position
INFO: [ app_init ] --START--
INFO: Run Behavior\BuildLiteBehavior [ RunTime:0.000035s ]
INFO: [ app_init ] --END-- [ RunTime:0.000716s ]
INFO: [ app_begin ] --START--
INFO: Run Behavior\ReadHtmlCacheBehavior [ RunTime:0.000945s ]
INFO: [ app_begin ] --END-- [ RunTime:0.001108s ]
SQL: SHOW COLUMNS FROM `add_gfqjz_position` [ RunTime:0.0288s ]
SQL: SHOW COLUMNS FROM `add_gfqjz_instance` [ RunTime:0.0148s ]
SQL: SELECT * FROM `add_gfqjz_position` WHERE ( status=0 )  [ RunTime:0.0014s ]

[ 2016-01-21T20:50:51+08:00 ] ::1 /index.php/Addition/Gfqjz/position?id=3
INFO: [ app_init ] --START--
INFO: Run Behavior\BuildLiteBehavior [ RunTime:0.000023s ]
INFO: [ app_init ] --END-- [ RunTime:0.000412s ]
INFO: [ app_begin ] --START--
INFO: Run Behavior\ReadHtmlCacheBehavior [ RunTime:0.000636s ]
INFO: [ app_begin ] --END-- [ RunTime:0.000755s ]
SQL: SHOW COLUMNS FROM `add_gfqjz_position` [ RunTime:0.0158s ]
SQL: SHOW COLUMNS FROM `add_gfqjz_instance` [ RunTime:0.0125s ]
SQL: SELECT * FROM `add_gfqjz_position` WHERE ( status=0 AND id=3 ) LIMIT 1   [ RunTime:0.0003s ]
SQL: SELECT * FROM `add_gfqjz_instance` WHERE ( position_id=3 AND TO_DAYS(serve_date)>TO_DAYS(NOW()) ) ORDER BY serve_date  [ RunTime:0.0003s ]

[ 2016-01-21T20:51:26+08:00 ] ::1 /index.php/Addition/Gfqjz/position
INFO: [ app_init ] --START--
INFO: Run Behavior\BuildLiteBehavior [ RunTime:0.000034s ]
INFO: [ app_init ] --END-- [ RunTime:0.000671s ]
INFO: [ app_begin ] --START--
INFO: Run Behavior\ReadHtmlCacheBehavior [ RunTime:0.000975s ]
INFO: [ app_begin ] --END-- [ RunTime:0.001167s ]
SQL: SHOW COLUMNS FROM `add_gfqjz_position` [ RunTime:0.0221s ]
SQL: SHOW COLUMNS FROM `add_gfqjz_instance` [ RunTime:0.0280s ]
SQL: SELECT * FROM `add_gfqjz_position` WHERE ( status=0 )  [ RunTime:0.0003s ]

[ 2016-01-21T20:51:28+08:00 ] ::1 /index.php/Addition/Gfqjz/position?id=3
INFO: [ app_init ] --START--
INFO: Run Behavior\BuildLiteBehavior [ RunTime:0.000037s ]
INFO: [ app_init ] --END-- [ RunTime:0.001013s ]
INFO: [ app_begin ] --START--
INFO: Run Behavior\ReadHtmlCacheBehavior [ RunTime:0.000910s ]
INFO: [ app_begin ] --END-- [ RunTime:0.001076s ]
SQL: SHOW COLUMNS FROM `add_gfqjz_position` [ RunTime:0.0203s ]
SQL: SHOW COLUMNS FROM `add_gfqjz_instance` [ RunTime:0.0150s ]
SQL: SELECT * FROM `add_gfqjz_position` WHERE ( status=0 AND id=3 ) LIMIT 1   [ RunTime:0.0004s ]
SQL: SELECT * FROM `add_gfqjz_instance` WHERE ( position_id=3 AND TO_DAYS(serve_date)>TO_DAYS(NOW()) ) ORDER BY serve_date  [ RunTime:0.0003s ]

[ 2016-01-21T20:52:01+08:00 ] ::1 /index.php/Addition/Gfqjz/position
INFO: [ app_init ] --START--
INFO: Run Behavior\BuildLiteBehavior [ RunTime:0.000034s ]
INFO: [ app_init ] --END-- [ RunTime:0.000598s ]
INFO: [ app_begin ] --START--
INFO: Run Behavior\ReadHtmlCacheBehavior [ RunTime:0.000660s ]
INFO: [ app_begin ] --END-- [ RunTime:0.000819s ]
SQL: SHOW COLUMNS FROM `add_gfqjz_position` [ RunTime:0.0228s ]
SQL: SHOW COLUMNS FROM `add_gfqjz_instance` [ RunTime:0.0113s ]
SQL: SELECT * FROM `add_gfqjz_position` WHERE ( status=0 )  [ RunTime:0.0004s ]

[ 2016-01-21T20:52:02+08:00 ] ::1 /index.php/Addition/Gfqjz/position?id=3
INFO: [ app_init ] --START--
INFO: Run Behavior\BuildLiteBehavior [ RunTime:0.000020s ]
INFO: [ app_init ] --END-- [ RunTime:0.000344s ]
INFO: [ app_begin ] --START--
INFO: Run Behavior\ReadHtmlCacheBehavior [ RunTime:0.000429s ]
INFO: [ app_begin ] --END-- [ RunTime:0.000517s ]
SQL: SHOW COLUMNS FROM `add_gfqjz_position` [ RunTime:0.0292s ]
SQL: SHOW COLUMNS FROM `add_gfqjz_instance` [ RunTime:0.0114s ]
SQL: SELECT * FROM `add_gfqjz_position` WHERE ( status=0 AND id=3 ) LIMIT 1   [ RunTime:0.0004s ]
SQL: SELECT * FROM `add_gfqjz_instance` WHERE ( position_id=3 AND TO_DAYS(serve_date)>TO_DAYS(NOW()) ) ORDER BY serve_date  [ RunTime:0.0003s ]

[ 2016-01-21T20:54:04+08:00 ] ::1 /index.php/Addition/Gfqjz/position
INFO: [ app_init ] --START--
INFO: Run Behavior\BuildLiteBehavior [ RunTime:0.000020s ]
INFO: [ app_init ] --END-- [ RunTime:0.000385s ]
INFO: [ app_begin ] --START--
INFO: Run Behavior\ReadHtmlCacheBehavior [ RunTime:0.000707s ]
INFO: [ app_begin ] --END-- [ RunTime:0.000836s ]
SQL: SHOW COLUMNS FROM `add_gfqjz_position` [ RunTime:0.0152s ]
SQL: SHOW COLUMNS FROM `add_gfqjz_instance` [ RunTime:0.0132s ]
SQL: SELECT * FROM `add_gfqjz_position` WHERE ( status=0 )  [ RunTime:0.0004s ]

[ 2016-01-21T20:54:06+08:00 ] ::1 /index.php/Addition/Gfqjz/position?id=3
INFO: [ app_init ] --START--
INFO: Run Behavior\BuildLiteBehavior [ RunTime:0.000024s ]
INFO: [ app_init ] --END-- [ RunTime:0.000449s ]
INFO: [ app_begin ] --START--
INFO: Run Behavior\ReadHtmlCacheBehavior [ RunTime:0.000671s ]
INFO: [ app_begin ] --END-- [ RunTime:0.000783s ]
SQL: SHOW COLUMNS FROM `add_gfqjz_position` [ RunTime:0.0125s ]
SQL: SHOW COLUMNS FROM `add_gfqjz_instance` [ RunTime:0.0116s ]
SQL: SELECT * FROM `add_gfqjz_position` WHERE ( status=0 AND id=3 ) LIMIT 1   [ RunTime:0.0004s ]
SQL: SELECT * FROM `add_gfqjz_instance` WHERE ( position_id=3 AND TO_DAYS(serve_date)>TO_DAYS(NOW()) ) ORDER BY serve_date  [ RunTime:0.0003s ]

[ 2016-01-21T21:01:33+08:00 ] ::1 /index.php/Addition/Gfqjz/position
INFO: [ app_init ] --START--
INFO: Run Behavior\BuildLiteBehavior [ RunTime:0.000024s ]
INFO: [ app_init ] --END-- [ RunTime:0.000403s ]
INFO: [ app_begin ] --START--
INFO: Run Behavior\ReadHtmlCacheBehavior [ RunTime:0.000631s ]
INFO: [ app_begin ] --END-- [ RunTime:0.000749s ]
SQL: SHOW COLUMNS FROM `add_gfqjz_position` [ RunTime:0.0163s ]
SQL: SHOW COLUMNS FROM `add_gfqjz_instance` [ RunTime:0.0138s ]
SQL: SELECT * FROM `add_gfqjz_position` WHERE ( status=0 )  [ RunTime:0.0003s ]

[ 2016-01-21T21:01:34+08:00 ] ::1 /index.php/Addition/Gfqjz/position?id=3
INFO: [ app_init ] --START--
INFO: Run Behavior\BuildLiteBehavior [ RunTime:0.000025s ]
INFO: [ app_init ] --END-- [ RunTime:0.000423s ]
INFO: [ app_begin ] --START--
INFO: Run Behavior\ReadHtmlCacheBehavior [ RunTime:0.000544s ]
INFO: [ app_begin ] --END-- [ RunTime:0.000659s ]
SQL: SHOW COLUMNS FROM `add_gfqjz_position` [ RunTime:0.0139s ]
SQL: SHOW COLUMNS FROM `add_gfqjz_instance` [ RunTime:0.0116s ]
SQL: SELECT * FROM `add_gfqjz_position` WHERE ( status=0 AND id=3 ) LIMIT 1   [ RunTime:0.0003s ]
SQL: SELECT * FROM `add_gfqjz_instance` WHERE ( position_id=3 AND TO_DAYS(serve_date)>TO_DAYS(NOW()) ) ORDER BY serve_date  [ RunTime:0.0003s ]

[ 2016-01-21T21:02:24+08:00 ] ::1 /index.php/Addition/Gfqjz/position
INFO: [ app_init ] --START--
INFO: Run Behavior\BuildLiteBehavior [ RunTime:0.000020s ]
INFO: [ app_init ] --END-- [ RunTime:0.000388s ]
INFO: [ app_begin ] --START--
INFO: Run Behavior\ReadHtmlCacheBehavior [ RunTime:0.000545s ]
INFO: [ app_begin ] --END-- [ RunTime:0.000639s ]
SQL: SHOW COLUMNS FROM `add_gfqjz_position` [ RunTime:0.0166s ]
SQL: SHOW COLUMNS FROM `add_gfqjz_instance` [ RunTime:0.0120s ]
SQL: SELECT * FROM `add_gfqjz_position` WHERE ( status=0 )  [ RunTime:0.0003s ]

[ 2016-01-21T21:02:25+08:00 ] ::1 /index.php/Addition/Gfqjz/position?id=3
INFO: [ app_init ] --START--
INFO: Run Behavior\BuildLiteBehavior [ RunTime:0.000020s ]
INFO: [ app_init ] --END-- [ RunTime:0.000399s ]
INFO: [ app_begin ] --START--
INFO: Run Behavior\ReadHtmlCacheBehavior [ RunTime:0.000500s ]
INFO: [ app_begin ] --END-- [ RunTime:0.000622s ]
SQL: SHOW COLUMNS FROM `add_gfqjz_position` [ RunTime:0.0121s ]
SQL: SHOW COLUMNS FROM `add_gfqjz_instance` [ RunTime:0.0117s ]
SQL: SELECT * FROM `add_gfqjz_position` WHERE ( status=0 AND id=3 ) LIMIT 1   [ RunTime:0.0003s ]
SQL: SELECT * FROM `add_gfqjz_instance` WHERE ( position_id=3 AND TO_DAYS(serve_date)>TO_DAYS(NOW()) ) ORDER BY serve_date  [ RunTime:0.0003s ]

[ 2016-01-21T21:37:10+08:00 ] ::1 /index.php/Addition/Gfqjz/position
INFO: [ app_init ] --START--
INFO: Run Behavior\BuildLiteBehavior [ RunTime:0.000022s ]
INFO: [ app_init ] --END-- [ RunTime:0.000401s ]
INFO: [ app_begin ] --START--
INFO: Run Behavior\ReadHtmlCacheBehavior [ RunTime:0.000612s ]
INFO: [ app_begin ] --END-- [ RunTime:0.000720s ]
SQL: SHOW COLUMNS FROM `add_gfqjz_position` [ RunTime:0.0163s ]
SQL: SHOW COLUMNS FROM `add_gfqjz_instance` [ RunTime:0.0115s ]
SQL: SELECT * FROM `add_gfqjz_position` WHERE ( status=0 )  [ RunTime:0.0003s ]

[ 2016-01-21T21:37:12+08:00 ] ::1 /index.php/Addition/Gfqjz/position?id=3
INFO: [ app_init ] --START--
INFO: Run Behavior\BuildLiteBehavior [ RunTime:0.000026s ]
INFO: [ app_init ] --END-- [ RunTime:0.000479s ]
INFO: [ app_begin ] --START--
INFO: Run Behavior\ReadHtmlCacheBehavior [ RunTime:0.000797s ]
INFO: [ app_begin ] --END-- [ RunTime:0.000927s ]
SQL: SHOW COLUMNS FROM `add_gfqjz_position` [ RunTime:0.0131s ]
SQL: SHOW COLUMNS FROM `add_gfqjz_instance` [ RunTime:0.0113s ]
SQL: SELECT * FROM `add_gfqjz_position` WHERE ( status=0 AND id=3 ) LIMIT 1   [ RunTime:0.0004s ]
SQL: SELECT * FROM `add_gfqjz_instance` WHERE ( position_id=3 AND TO_DAYS(serve_date)>TO_DAYS(NOW()) ) ORDER BY serve_date  [ RunTime:0.0003s ]

[ 2016-01-21T21:39:53+08:00 ] ::1 /index.php/Addition/Gfqjz/position
INFO: [ app_init ] --START--
INFO: Run Behavior\BuildLiteBehavior [ RunTime:0.000032s ]
INFO: [ app_init ] --END-- [ RunTime:0.000585s ]
INFO: [ app_begin ] --START--
INFO: Run Behavior\ReadHtmlCacheBehavior [ RunTime:0.000724s ]
INFO: [ app_begin ] --END-- [ RunTime:0.000866s ]
SQL: SHOW COLUMNS FROM `add_gfqjz_position` [ RunTime:0.0187s ]
SQL: SHOW COLUMNS FROM `add_gfqjz_instance` [ RunTime:0.0153s ]
SQL: SELECT * FROM `add_gfqjz_position` WHERE ( status=0 )  [ RunTime:0.0003s ]

[ 2016-01-21T21:39:55+08:00 ] ::1 /index.php/Addition/Gfqjz/position?id=3
INFO: [ app_init ] --START--
INFO: Run Behavior\BuildLiteBehavior [ RunTime:0.000020s ]
INFO: [ app_init ] --END-- [ RunTime:0.000361s ]
INFO: [ app_begin ] --START--
INFO: Run Behavior\ReadHtmlCacheBehavior [ RunTime:0.000435s ]
INFO: [ app_begin ] --END-- [ RunTime:0.000539s ]
SQL: SHOW COLUMNS FROM `add_gfqjz_position` [ RunTime:0.0131s ]
SQL: SHOW COLUMNS FROM `add_gfqjz_instance` [ RunTime:0.0240s ]
SQL: SELECT * FROM `add_gfqjz_position` WHERE ( status=0 AND id=3 ) LIMIT 1   [ RunTime:0.0003s ]
SQL: SELECT * FROM `add_gfqjz_instance` WHERE ( position_id=3 AND TO_DAYS(serve_date)>TO_DAYS(NOW()) ) ORDER BY serve_date  [ RunTime:0.0003s ]

[ 2016-01-21T21:42:58+08:00 ] ::1 /index.php/Addition/Gfqjz/position
INFO: [ app_init ] --START--
INFO: Run Behavior\BuildLiteBehavior [ RunTime:0.000037s ]
INFO: [ app_init ] --END-- [ RunTime:0.000657s ]
INFO: [ app_begin ] --START--
INFO: Run Behavior\ReadHtmlCacheBehavior [ RunTime:0.000883s ]
INFO: [ app_begin ] --END-- [ RunTime:0.001044s ]
SQL: SHOW COLUMNS FROM `add_gfqjz_position` [ RunTime:0.0260s ]
SQL: SHOW COLUMNS FROM `add_gfqjz_instance` [ RunTime:0.0138s ]
SQL: SELECT * FROM `add_gfqjz_position` WHERE ( status=0 )  [ RunTime:0.0005s ]

[ 2016-01-21T21:43:00+08:00 ] ::1 /index.php/Addition/Gfqjz/position?id=3
INFO: [ app_init ] --START--
INFO: Run Behavior\BuildLiteBehavior [ RunTime:0.000028s ]
INFO: [ app_init ] --END-- [ RunTime:0.000511s ]
INFO: [ app_begin ] --START--
INFO: Run Behavior\ReadHtmlCacheBehavior [ RunTime:0.000442s ]
INFO: [ app_begin ] --END-- [ RunTime:0.000530s ]
SQL: SHOW COLUMNS FROM `add_gfqjz_position` [ RunTime:0.0142s ]
SQL: SHOW COLUMNS FROM `add_gfqjz_instance` [ RunTime:0.0218s ]
SQL: SELECT * FROM `add_gfqjz_position` WHERE ( status=0 AND id=3 ) LIMIT 1   [ RunTime:0.0004s ]
SQL: SELECT * FROM `add_gfqjz_instance` WHERE ( position_id=3 AND TO_DAYS(serve_date)>TO_DAYS(NOW()) ) ORDER BY serve_date  [ RunTime:0.0006s ]

[ 2016-01-21T21:44:30+08:00 ] ::1 /index.php/Addition/Gfqjz/position
INFO: [ app_init ] --START--
INFO: Run Behavior\BuildLiteBehavior [ RunTime:0.000034s ]
INFO: [ app_init ] --END-- [ RunTime:0.000602s ]
INFO: [ app_begin ] --START--
INFO: Run Behavior\ReadHtmlCacheBehavior [ RunTime:0.000946s ]
INFO: [ app_begin ] --END-- [ RunTime:0.001165s ]
SQL: SHOW COLUMNS FROM `add_gfqjz_position` [ RunTime:0.0216s ]
SQL: SHOW COLUMNS FROM `add_gfqjz_instance` [ RunTime:0.0317s ]
SQL: SELECT * FROM `add_gfqjz_position` WHERE ( status=0 )  [ RunTime:0.0004s ]

[ 2016-01-21T21:44:31+08:00 ] ::1 /index.php/Addition/Gfqjz/position?id=3
INFO: [ app_init ] --START--
INFO: Run Behavior\BuildLiteBehavior [ RunTime:0.000021s ]
INFO: [ app_init ] --END-- [ RunTime:0.000359s ]
INFO: [ app_begin ] --START--
INFO: Run Behavior\ReadHtmlCacheBehavior [ RunTime:0.000525s ]
INFO: [ app_begin ] --END-- [ RunTime:0.000625s ]
SQL: SHOW COLUMNS FROM `add_gfqjz_position` [ RunTime:0.0135s ]
SQL: SHOW COLUMNS FROM `add_gfqjz_instance` [ RunTime:0.0115s ]
SQL: SELECT * FROM `add_gfqjz_position` WHERE ( status=0 AND id=3 ) LIMIT 1   [ RunTime:0.0003s ]
SQL: SELECT * FROM `add_gfqjz_instance` WHERE ( position_id=3 AND TO_DAYS(serve_date)>TO_DAYS(NOW()) ) ORDER BY serve_date  [ RunTime:0.0003s ]

[ 2016-01-21T21:48:03+08:00 ] ::1 /index.php/Addition/Gfqjz/position
INFO: [ app_init ] --START--
INFO: Run Behavior\BuildLiteBehavior [ RunTime:0.000032s ]
INFO: [ app_init ] --END-- [ RunTime:0.000597s ]
INFO: [ app_begin ] --START--
INFO: Run Behavior\ReadHtmlCacheBehavior [ RunTime:0.000518s ]
INFO: [ app_begin ] --END-- [ RunTime:0.000609s ]
SQL: SHOW COLUMNS FROM `add_gfqjz_position` [ RunTime:0.0138s ]
SQL: SHOW COLUMNS FROM `add_gfqjz_instance` [ RunTime:0.0134s ]
SQL: SELECT * FROM `add_gfqjz_position` WHERE ( status=0 )  [ RunTime:0.0003s ]

[ 2016-01-21T21:48:04+08:00 ] ::1 /index.php/Addition/Gfqjz/position?id=3
INFO: [ app_init ] --START--
INFO: Run Behavior\BuildLiteBehavior [ RunTime:0.000144s ]
INFO: [ app_init ] --END-- [ RunTime:0.000840s ]
INFO: [ app_begin ] --START--
INFO: Run Behavior\ReadHtmlCacheBehavior [ RunTime:0.000661s ]
INFO: [ app_begin ] --END-- [ RunTime:0.000820s ]
SQL: SHOW COLUMNS FROM `add_gfqjz_position` [ RunTime:0.0140s ]
SQL: SHOW COLUMNS FROM `add_gfqjz_instance` [ RunTime:0.0107s ]
SQL: SELECT * FROM `add_gfqjz_position` WHERE ( status=0 AND id=3 ) LIMIT 1   [ RunTime:0.0003s ]
SQL: SELECT * FROM `add_gfqjz_instance` WHERE ( position_id=3 AND TO_DAYS(serve_date)>TO_DAYS(NOW()) ) ORDER BY serve_date  [ RunTime:0.0003s ]

[ 2016-01-21T21:48:40+08:00 ] ::1 /index.php/Addition/Gfqjz/position
INFO: [ app_init ] --START--
INFO: Run Behavior\BuildLiteBehavior [ RunTime:0.000022s ]
INFO: [ app_init ] --END-- [ RunTime:0.000405s ]
INFO: [ app_begin ] --START--
INFO: Run Behavior\ReadHtmlCacheBehavior [ RunTime:0.000604s ]
INFO: [ app_begin ] --END-- [ RunTime:0.000732s ]
SQL: SHOW COLUMNS FROM `add_gfqjz_position` [ RunTime:0.0128s ]
SQL: SHOW COLUMNS FROM `add_gfqjz_instance` [ RunTime:0.0112s ]
SQL: SELECT * FROM `add_gfqjz_position` WHERE ( status=0 )  [ RunTime:0.0005s ]

[ 2016-01-21T21:48:41+08:00 ] ::1 /index.php/Addition/Gfqjz/position?id=3
INFO: [ app_init ] --START--
INFO: Run Behavior\BuildLiteBehavior [ RunTime:0.000029s ]
INFO: [ app_init ] --END-- [ RunTime:0.000541s ]
INFO: [ app_begin ] --START--
INFO: Run Behavior\ReadHtmlCacheBehavior [ RunTime:0.000734s ]
INFO: [ app_begin ] --END-- [ RunTime:0.000861s ]
SQL: SHOW COLUMNS FROM `add_gfqjz_position` [ RunTime:0.0134s ]
SQL: SHOW COLUMNS FROM `add_gfqjz_instance` [ RunTime:0.0120s ]
SQL: SELECT * FROM `add_gfqjz_position` WHERE ( status=0 AND id=3 ) LIMIT 1   [ RunTime:0.0004s ]
SQL: SELECT * FROM `add_gfqjz_instance` WHERE ( position_id=3 AND TO_DAYS(serve_date)>TO_DAYS(NOW()) ) ORDER BY serve_date  [ RunTime:0.0003s ]

[ 2016-01-21T21:50:08+08:00 ] ::1 /index.php/Addition/Gfqjz/position
INFO: [ app_init ] --START--
INFO: Run Behavior\BuildLiteBehavior [ RunTime:0.000023s ]
INFO: [ app_init ] --END-- [ RunTime:0.000396s ]
INFO: [ app_begin ] --START--
INFO: Run Behavior\ReadHtmlCacheBehavior [ RunTime:0.000515s ]
INFO: [ app_begin ] --END-- [ RunTime:0.000610s ]
SQL: SHOW COLUMNS FROM `add_gfqjz_position` [ RunTime:0.0138s ]
SQL: SHOW COLUMNS FROM `add_gfqjz_instance` [ RunTime:0.0104s ]
SQL: SELECT * FROM `add_gfqjz_position` WHERE ( status=0 )  [ RunTime:0.0003s ]

[ 2016-01-21T21:50:09+08:00 ] ::1 /index.php/Addition/Gfqjz/position?id=2
INFO: [ app_init ] --START--
INFO: Run Behavior\BuildLiteBehavior [ RunTime:0.000025s ]
INFO: [ app_init ] --END-- [ RunTime:0.000421s ]
INFO: [ app_begin ] --START--
INFO: Run Behavior\ReadHtmlCacheBehavior [ RunTime:0.000513s ]
INFO: [ app_begin ] --END-- [ RunTime:0.000622s ]
SQL: SHOW COLUMNS FROM `add_gfqjz_position` [ RunTime:0.0142s ]
SQL: SHOW COLUMNS FROM `add_gfqjz_instance` [ RunTime:0.0322s ]
SQL: SELECT * FROM `add_gfqjz_position` WHERE ( status=0 AND id=2 ) LIMIT 1   [ RunTime:0.0004s ]
SQL: SELECT * FROM `add_gfqjz_instance` WHERE ( position_id=2 AND TO_DAYS(serve_date)>TO_DAYS(NOW()) ) ORDER BY serve_date  [ RunTime:0.0003s ]

[ 2016-01-21T21:59:49+08:00 ] ::1 /index.php/Addition/Gfqjz/position
INFO: [ app_init ] --START--
INFO: Run Behavior\BuildLiteBehavior [ RunTime:0.000034s ]
INFO: [ app_init ] --END-- [ RunTime:0.000598s ]
INFO: [ app_begin ] --START--
INFO: Run Behavior\ReadHtmlCacheBehavior [ RunTime:0.000861s ]
INFO: [ app_begin ] --END-- [ RunTime:0.001015s ]
SQL: SHOW COLUMNS FROM `add_gfqjz_position` [ RunTime:0.0149s ]
SQL: SHOW COLUMNS FROM `add_gfqjz_instance` [ RunTime:0.0116s ]
SQL: SELECT * FROM `add_gfqjz_position` WHERE ( status=0 )  [ RunTime:0.0003s ]

[ 2016-01-21T21:59:52+08:00 ] ::1 /index.php/Addition/Gfqjz/position?id=3
INFO: [ app_init ] --START--
INFO: Run Behavior\BuildLiteBehavior [ RunTime:0.000023s ]
INFO: [ app_init ] --END-- [ RunTime:0.000414s ]
INFO: [ app_begin ] --START--
INFO: Run Behavior\ReadHtmlCacheBehavior [ RunTime:0.000613s ]
INFO: [ app_begin ] --END-- [ RunTime:0.000723s ]
SQL: SHOW COLUMNS FROM `add_gfqjz_position` [ RunTime:0.0127s ]
SQL: SHOW COLUMNS FROM `add_gfqjz_instance` [ RunTime:0.0105s ]
SQL: SELECT * FROM `add_gfqjz_position` WHERE ( status=0 AND id=3 ) LIMIT 1   [ RunTime:0.0004s ]
SQL: SELECT * FROM `add_gfqjz_instance` WHERE ( position_id=3 AND TO_DAYS(serve_date)>TO_DAYS(NOW()) ) ORDER BY serve_date  [ RunTime:0.0003s ]

[ 2016-01-21T22:31:54+08:00 ] ::1 /index.php/Addition/Gfqjz/position
INFO: [ app_init ] --START--
INFO: Run Behavior\BuildLiteBehavior [ RunTime:0.000036s ]
INFO: [ app_init ] --END-- [ RunTime:0.000673s ]
INFO: [ app_begin ] --START--
INFO: Run Behavior\ReadHtmlCacheBehavior [ RunTime:0.001370s ]
INFO: [ app_begin ] --END-- [ RunTime:0.001557s ]
SQL: SHOW COLUMNS FROM `add_gfqjz_position` [ RunTime:0.0199s ]
SQL: SHOW COLUMNS FROM `add_gfqjz_instance` [ RunTime:0.0158s ]
SQL: SELECT * FROM `add_gfqjz_position` WHERE ( status=0 )  [ RunTime:0.0004s ]

[ 2016-01-21T22:31:56+08:00 ] ::1 /index.php/Addition/Gfqjz/position?id=3
INFO: [ app_init ] --START--
INFO: Run Behavior\BuildLiteBehavior [ RunTime:0.000031s ]
INFO: [ app_init ] --END-- [ RunTime:0.000367s ]
INFO: [ app_begin ] --START--
INFO: Run Behavior\ReadHtmlCacheBehavior [ RunTime:0.000419s ]
INFO: [ app_begin ] --END-- [ RunTime:0.000520s ]
SQL: SHOW COLUMNS FROM `add_gfqjz_position` [ RunTime:0.0121s ]
SQL: SHOW COLUMNS FROM `add_gfqjz_instance` [ RunTime:0.0108s ]
SQL: SELECT * FROM `add_gfqjz_position` WHERE ( status=0 AND id=3 ) LIMIT 1   [ RunTime:0.0004s ]
SQL: SELECT * FROM `add_gfqjz_instance` WHERE ( position_id=3 AND TO_DAYS(serve_date)>TO_DAYS(NOW()) ) ORDER BY serve_date  [ RunTime:0.0003s ]

[ 2016-01-21T22:39:03+08:00 ] ::1 /index.php/Addition/Gfqjz/position
INFO: [ app_init ] --START--
INFO: Run Behavior\BuildLiteBehavior [ RunTime:0.000032s ]
INFO: [ app_init ] --END-- [ RunTime:0.000607s ]
INFO: [ app_begin ] --START--
INFO: Run Behavior\ReadHtmlCacheBehavior [ RunTime:0.000599s ]
INFO: [ app_begin ] --END-- [ RunTime:0.000730s ]
SQL: SHOW COLUMNS FROM `add_gfqjz_position` [ RunTime:0.0176s ]
SQL: SHOW COLUMNS FROM `add_gfqjz_instance` [ RunTime:0.0131s ]
SQL: SELECT * FROM `add_gfqjz_position` WHERE ( status=0 )  [ RunTime:0.0004s ]

[ 2016-01-21T22:39:04+08:00 ] ::1 /index.php/Addition/Gfqjz/position?id=3
INFO: [ app_init ] --START--
INFO: Run Behavior\BuildLiteBehavior [ RunTime:0.000025s ]
INFO: [ app_init ] --END-- [ RunTime:0.000524s ]
INFO: [ app_begin ] --START--
INFO: Run Behavior\ReadHtmlCacheBehavior [ RunTime:0.000630s ]
INFO: [ app_begin ] --END-- [ RunTime:0.000740s ]
SQL: SHOW COLUMNS FROM `add_gfqjz_position` [ RunTime:0.0123s ]
SQL: SHOW COLUMNS FROM `add_gfqjz_instance` [ RunTime:0.0114s ]
SQL: SELECT * FROM `add_gfqjz_position` WHERE ( status=0 AND id=3 ) LIMIT 1   [ RunTime:0.0004s ]
SQL: SELECT * FROM `add_gfqjz_instance` WHERE ( position_id=3 AND TO_DAYS(serve_date)>TO_DAYS(NOW()) ) ORDER BY serve_date  [ RunTime:0.0003s ]

[ 2016-01-21T22:39:46+08:00 ] ::1 /index.php/Addition/Gfqjz/position
INFO: [ app_init ] --START--
INFO: Run Behavior\BuildLiteBehavior [ RunTime:0.000031s ]
INFO: [ app_init ] --END-- [ RunTime:0.000537s ]
INFO: [ app_begin ] --START--
INFO: Run Behavior\ReadHtmlCacheBehavior [ RunTime:0.001091s ]
INFO: [ app_begin ] --END-- [ RunTime:0.001488s ]
SQL: SHOW COLUMNS FROM `add_gfqjz_position` [ RunTime:0.0167s ]
SQL: SHOW COLUMNS FROM `add_gfqjz_instance` [ RunTime:0.0107s ]
SQL: SELECT * FROM `add_gfqjz_position` WHERE ( status=0 )  [ RunTime:0.0003s ]

[ 2016-01-21T22:39:47+08:00 ] ::1 /index.php/Addition/Gfqjz/position?id=3
INFO: [ app_init ] --START--
INFO: Run Behavior\BuildLiteBehavior [ RunTime:0.000026s ]
INFO: [ app_init ] --END-- [ RunTime:0.000482s ]
INFO: [ app_begin ] --START--
INFO: Run Behavior\ReadHtmlCacheBehavior [ RunTime:0.000774s ]
INFO: [ app_begin ] --END-- [ RunTime:0.000907s ]
SQL: SHOW COLUMNS FROM `add_gfqjz_position` [ RunTime:0.0140s ]
SQL: SHOW COLUMNS FROM `add_gfqjz_instance` [ RunTime:0.0125s ]
SQL: SELECT * FROM `add_gfqjz_position` WHERE ( status=0 AND id=3 ) LIMIT 1   [ RunTime:0.0004s ]
SQL: SELECT * FROM `add_gfqjz_instance` WHERE ( position_id=3 AND TO_DAYS(serve_date)>TO_DAYS(NOW()) ) ORDER BY serve_date  [ RunTime:0.0004s ]

[ 2016-01-21T22:40:24+08:00 ] ::1 /index.php/Addition/Gfqjz/position
INFO: [ app_init ] --START--
INFO: Run Behavior\BuildLiteBehavior [ RunTime:0.000036s ]
INFO: [ app_init ] --END-- [ RunTime:0.000709s ]
INFO: [ app_begin ] --START--
INFO: Run Behavior\ReadHtmlCacheBehavior [ RunTime:0.000995s ]
INFO: [ app_begin ] --END-- [ RunTime:0.001192s ]
SQL: SHOW COLUMNS FROM `add_gfqjz_position` [ RunTime:0.0228s ]
SQL: SHOW COLUMNS FROM `add_gfqjz_instance` [ RunTime:0.0209s ]
SQL: SELECT * FROM `add_gfqjz_position` WHERE ( status=0 )  [ RunTime:0.0004s ]

[ 2016-01-21T22:40:24+08:00 ] ::1 /index.php/Addition/Gfqjz/position?id=3
INFO: [ app_init ] --START--
INFO: Run Behavior\BuildLiteBehavior [ RunTime:0.000022s ]
INFO: [ app_init ] --END-- [ RunTime:0.000364s ]
INFO: [ app_begin ] --START--
INFO: Run Behavior\ReadHtmlCacheBehavior [ RunTime:0.000549s ]
INFO: [ app_begin ] --END-- [ RunTime:0.000653s ]
SQL: SHOW COLUMNS FROM `add_gfqjz_position` [ RunTime:0.0089s ]
SQL: SHOW COLUMNS FROM `add_gfqjz_instance` [ RunTime:0.0124s ]
SQL: SELECT * FROM `add_gfqjz_position` WHERE ( status=0 AND id=3 ) LIMIT 1   [ RunTime:0.0003s ]
SQL: SELECT * FROM `add_gfqjz_instance` WHERE ( position_id=3 AND TO_DAYS(serve_date)>TO_DAYS(NOW()) ) ORDER BY serve_date  [ RunTime:0.0002s ]

[ 2016-01-21T22:42:51+08:00 ] ::1 /index.php/Addition/Gfqjz/position
INFO: [ app_init ] --START--
INFO: Run Behavior\BuildLiteBehavior [ RunTime:0.000025s ]
INFO: [ app_init ] --END-- [ RunTime:0.000452s ]
INFO: [ app_begin ] --START--
INFO: Run Behavior\ReadHtmlCacheBehavior [ RunTime:0.000809s ]
INFO: [ app_begin ] --END-- [ RunTime:0.000981s ]
SQL: SHOW COLUMNS FROM `add_gfqjz_position` [ RunTime:0.0175s ]
SQL: SHOW COLUMNS FROM `add_gfqjz_instance` [ RunTime:0.0164s ]
SQL: SELECT * FROM `add_gfqjz_position` WHERE ( status=0 )  [ RunTime:0.0009s ]

[ 2016-01-21T22:42:53+08:00 ] ::1 /index.php/Addition/Gfqjz/position?id=3
INFO: [ app_init ] --START--
INFO: Run Behavior\BuildLiteBehavior [ RunTime:0.000041s ]
INFO: [ app_init ] --END-- [ RunTime:0.000672s ]
INFO: [ app_begin ] --START--
INFO: Run Behavior\ReadHtmlCacheBehavior [ RunTime:0.000712s ]
INFO: [ app_begin ] --END-- [ RunTime:0.000846s ]
SQL: SHOW COLUMNS FROM `add_gfqjz_position` [ RunTime:0.0151s ]
SQL: SHOW COLUMNS FROM `add_gfqjz_instance` [ RunTime:0.0121s ]
SQL: SELECT * FROM `add_gfqjz_position` WHERE ( status=0 AND id=3 ) LIMIT 1   [ RunTime:0.0003s ]
SQL: SELECT * FROM `add_gfqjz_instance` WHERE ( position_id=3 AND TO_DAYS(serve_date)>TO_DAYS(NOW()) ) ORDER BY serve_date  [ RunTime:0.0003s ]

[ 2016-01-21T22:47:04+08:00 ] ::1 /index.php/Addition/Gfqjz/position
INFO: [ app_init ] --START--
INFO: Run Behavior\BuildLiteBehavior [ RunTime:0.000034s ]
INFO: [ app_init ] --END-- [ RunTime:0.000605s ]
INFO: [ app_begin ] --START--
INFO: Run Behavior\ReadHtmlCacheBehavior [ RunTime:0.000798s ]
INFO: [ app_begin ] --END-- [ RunTime:0.000965s ]
SQL: SHOW COLUMNS FROM `add_gfqjz_position` [ RunTime:0.0163s ]
SQL: SHOW COLUMNS FROM `add_gfqjz_instance` [ RunTime:0.0163s ]
SQL: SELECT * FROM `add_gfqjz_position` WHERE ( status=0 )  [ RunTime:0.0005s ]

[ 2016-01-21T22:47:06+08:00 ] ::1 /index.php/Addition/Gfqjz/position?id=2
INFO: [ app_init ] --START--
INFO: Run Behavior\BuildLiteBehavior [ RunTime:0.000024s ]
INFO: [ app_init ] --END-- [ RunTime:0.000412s ]
INFO: [ app_begin ] --START--
INFO: Run Behavior\ReadHtmlCacheBehavior [ RunTime:0.000674s ]
INFO: [ app_begin ] --END-- [ RunTime:0.000791s ]
SQL: SHOW COLUMNS FROM `add_gfqjz_position` [ RunTime:0.0148s ]
SQL: SHOW COLUMNS FROM `add_gfqjz_instance` [ RunTime:0.0104s ]
SQL: SELECT * FROM `add_gfqjz_position` WHERE ( status=0 AND id=2 ) LIMIT 1   [ RunTime:0.0003s ]
SQL: SELECT * FROM `add_gfqjz_instance` WHERE ( position_id=2 AND TO_DAYS(serve_date)>TO_DAYS(NOW()) ) ORDER BY serve_date  [ RunTime:0.0003s ]

[ 2016-01-21T22:56:31+08:00 ] ::1 /index.php/Addition/Gfqjz/position
INFO: [ app_init ] --START--
INFO: Run Behavior\BuildLiteBehavior [ RunTime:0.000021s ]
INFO: [ app_init ] --END-- [ RunTime:0.000399s ]
INFO: [ app_begin ] --START--
INFO: Run Behavior\ReadHtmlCacheBehavior [ RunTime:0.000536s ]
INFO: [ app_begin ] --END-- [ RunTime:0.000629s ]
SQL: SHOW COLUMNS FROM `add_gfqjz_position` [ RunTime:0.0175s ]
SQL: SHOW COLUMNS FROM `add_gfqjz_instance` [ RunTime:0.0128s ]
SQL: SELECT * FROM `add_gfqjz_position` WHERE ( status=0 )  [ RunTime:0.0004s ]

[ 2016-01-21T22:56:32+08:00 ] ::1 /index.php/Addition/Gfqjz/position?id=3
INFO: [ app_init ] --START--
INFO: Run Behavior\BuildLiteBehavior [ RunTime:0.000024s ]
INFO: [ app_init ] --END-- [ RunTime:0.000421s ]
INFO: [ app_begin ] --START--
INFO: Run Behavior\ReadHtmlCacheBehavior [ RunTime:0.000496s ]
INFO: [ app_begin ] --END-- [ RunTime:0.000604s ]
SQL: SHOW COLUMNS FROM `add_gfqjz_position` [ RunTime:0.0146s ]
SQL: SHOW COLUMNS FROM `add_gfqjz_instance` [ RunTime:0.0108s ]
SQL: SELECT * FROM `add_gfqjz_position` WHERE ( status=0 AND id=3 ) LIMIT 1   [ RunTime:0.0003s ]
SQL: SELECT * FROM `add_gfqjz_instance` WHERE ( position_id=3 AND TO_DAYS(serve_date)>TO_DAYS(NOW()) ) ORDER BY serve_date  [ RunTime:0.0004s ]

[ 2016-01-21T22:58:32+08:00 ] ::1 /index.php/Addition/Gfqjz/position
INFO: [ app_init ] --START--
INFO: Run Behavior\BuildLiteBehavior [ RunTime:0.000022s ]
INFO: [ app_init ] --END-- [ RunTime:0.000421s ]
INFO: [ app_begin ] --START--
INFO: Run Behavior\ReadHtmlCacheBehavior [ RunTime:0.000902s ]
INFO: [ app_begin ] --END-- [ RunTime:0.001073s ]
SQL: SHOW COLUMNS FROM `add_gfqjz_position` [ RunTime:0.0194s ]
SQL: SHOW COLUMNS FROM `add_gfqjz_instance` [ RunTime:0.0147s ]
SQL: SELECT * FROM `add_gfqjz_position` WHERE ( status=0 )  [ RunTime:0.0003s ]

[ 2016-01-21T22:58:33+08:00 ] ::1 /index.php/Addition/Gfqjz/position?id=3
INFO: [ app_init ] --START--
INFO: Run Behavior\BuildLiteBehavior [ RunTime:0.000029s ]
INFO: [ app_init ] --END-- [ RunTime:0.000359s ]
INFO: [ app_begin ] --START--
INFO: Run Behavior\ReadHtmlCacheBehavior [ RunTime:0.000606s ]
INFO: [ app_begin ] --END-- [ RunTime:0.000703s ]
SQL: SHOW COLUMNS FROM `add_gfqjz_position` [ RunTime:0.0145s ]
SQL: SHOW COLUMNS FROM `add_gfqjz_instance` [ RunTime:0.0110s ]
SQL: SELECT * FROM `add_gfqjz_position` WHERE ( status=0 AND id=3 ) LIMIT 1   [ RunTime:0.0004s ]
SQL: SELECT * FROM `add_gfqjz_instance` WHERE ( position_id=3 AND TO_DAYS(serve_date)>TO_DAYS(NOW()) ) ORDER BY serve_date  [ RunTime:0.0003s ]

[ 2016-01-21T22:59:32+08:00 ] ::1 /index.php/Addition/Gfqjz/position
INFO: [ app_init ] --START--
INFO: Run Behavior\BuildLiteBehavior [ RunTime:0.000024s ]
INFO: [ app_init ] --END-- [ RunTime:0.000431s ]
INFO: [ app_begin ] --START--
INFO: Run Behavior\ReadHtmlCacheBehavior [ RunTime:0.000579s ]
INFO: [ app_begin ] --END-- [ RunTime:0.000681s ]
SQL: SHOW COLUMNS FROM `add_gfqjz_position` [ RunTime:0.0136s ]
SQL: SHOW COLUMNS FROM `add_gfqjz_instance` [ RunTime:0.0108s ]
SQL: SELECT * FROM `add_gfqjz_position` WHERE ( status=0 )  [ RunTime:0.0005s ]

[ 2016-01-21T22:59:34+08:00 ] ::1 /index.php/Addition/Gfqjz/position?id=3
INFO: [ app_init ] --START--
INFO: Run Behavior\BuildLiteBehavior [ RunTime:0.000025s ]
INFO: [ app_init ] --END-- [ RunTime:0.000449s ]
INFO: [ app_begin ] --START--
INFO: Run Behavior\ReadHtmlCacheBehavior [ RunTime:0.000615s ]
INFO: [ app_begin ] --END-- [ RunTime:0.000726s ]
SQL: SHOW COLUMNS FROM `add_gfqjz_position` [ RunTime:0.0141s ]
SQL: SHOW COLUMNS FROM `add_gfqjz_instance` [ RunTime:0.0106s ]
SQL: SELECT * FROM `add_gfqjz_position` WHERE ( status=0 AND id=3 ) LIMIT 1   [ RunTime:0.0005s ]
SQL: SELECT * FROM `add_gfqjz_instance` WHERE ( position_id=3 AND TO_DAYS(serve_date)>TO_DAYS(NOW()) ) ORDER BY serve_date  [ RunTime:0.0003s ]

[ 2016-01-21T23:05:01+08:00 ] ::1 /index.php/Addition/Gfqjz/position
INFO: [ app_init ] --START--
INFO: Run Behavior\BuildLiteBehavior [ RunTime:0.000025s ]
INFO: [ app_init ] --END-- [ RunTime:0.000413s ]
INFO: [ app_begin ] --START--
INFO: Run Behavior\ReadHtmlCacheBehavior [ RunTime:0.000707s ]
INFO: [ app_begin ] --END-- [ RunTime:0.000847s ]
SQL: SHOW COLUMNS FROM `add_gfqjz_position` [ RunTime:0.0249s ]
SQL: SHOW COLUMNS FROM `add_gfqjz_instance` [ RunTime:0.0130s ]
SQL: SELECT * FROM `add_gfqjz_position` WHERE ( status=0 )  [ RunTime:0.0003s ]

[ 2016-01-21T23:05:02+08:00 ] ::1 /index.php/Addition/Gfqjz/position?id=3
INFO: [ app_init ] --START--
INFO: Run Behavior\BuildLiteBehavior [ RunTime:0.000026s ]
INFO: [ app_init ] --END-- [ RunTime:0.000467s ]
INFO: [ app_begin ] --START--
INFO: Run Behavior\ReadHtmlCacheBehavior [ RunTime:0.000909s ]
INFO: [ app_begin ] --END-- [ RunTime:0.001078s ]
SQL: SHOW COLUMNS FROM `add_gfqjz_position` [ RunTime:0.0131s ]
SQL: SHOW COLUMNS FROM `add_gfqjz_instance` [ RunTime:0.0155s ]
SQL: SELECT * FROM `add_gfqjz_position` WHERE ( status=0 AND id=3 ) LIMIT 1   [ RunTime:0.0004s ]
SQL: SELECT * FROM `add_gfqjz_instance` WHERE ( position_id=3 AND TO_DAYS(serve_date)>TO_DAYS(NOW()) ) ORDER BY serve_date  [ RunTime:0.0003s ]

[ 2016-01-21T23:05:39+08:00 ] ::1 /index.php/Addition/Gfqjz/position
INFO: [ app_init ] --START--
INFO: Run Behavior\BuildLiteBehavior [ RunTime:0.000025s ]
INFO: [ app_init ] --END-- [ RunTime:0.000406s ]
INFO: [ app_begin ] --START--
INFO: Run Behavior\ReadHtmlCacheBehavior [ RunTime:0.000575s ]
INFO: [ app_begin ] --END-- [ RunTime:0.000669s ]
SQL: SHOW COLUMNS FROM `add_gfqjz_position` [ RunTime:0.0173s ]
SQL: SHOW COLUMNS FROM `add_gfqjz_instance` [ RunTime:0.0129s ]
SQL: SELECT * FROM `add_gfqjz_position` WHERE ( status=0 )  [ RunTime:0.0003s ]

[ 2016-01-21T23:05:40+08:00 ] ::1 /index.php/Addition/Gfqjz/position?id=3
INFO: [ app_init ] --START--
INFO: Run Behavior\BuildLiteBehavior [ RunTime:0.000024s ]
INFO: [ app_init ] --END-- [ RunTime:0.000449s ]
INFO: [ app_begin ] --START--
INFO: Run Behavior\ReadHtmlCacheBehavior [ RunTime:0.000700s ]
INFO: [ app_begin ] --END-- [ RunTime:0.000859s ]
SQL: SHOW COLUMNS FROM `add_gfqjz_position` [ RunTime:0.0127s ]
SQL: SHOW COLUMNS FROM `add_gfqjz_instance` [ RunTime:0.0119s ]
SQL: SELECT * FROM `add_gfqjz_position` WHERE ( status=0 AND id=3 ) LIMIT 1   [ RunTime:0.0004s ]
SQL: SELECT * FROM `add_gfqjz_instance` WHERE ( position_id=3 AND TO_DAYS(serve_date)>TO_DAYS(NOW()) ) ORDER BY serve_date  [ RunTime:0.0003s ]

[ 2016-01-21T23:10:52+08:00 ] ::1 /index.php/Addition/Gfqjz/position
INFO: [ app_init ] --START--
INFO: Run Behavior\BuildLiteBehavior [ RunTime:0.000034s ]
INFO: [ app_init ] --END-- [ RunTime:0.000640s ]
INFO: [ app_begin ] --START--
INFO: Run Behavior\ReadHtmlCacheBehavior [ RunTime:0.000536s ]
INFO: [ app_begin ] --END-- [ RunTime:0.000636s ]
SQL: SHOW COLUMNS FROM `add_gfqjz_position` [ RunTime:0.0332s ]
SQL: SHOW COLUMNS FROM `add_gfqjz_instance` [ RunTime:0.0134s ]
SQL: SELECT * FROM `add_gfqjz_position` WHERE ( status=0 )  [ RunTime:0.0003s ]

[ 2016-01-21T23:10:54+08:00 ] ::1 /index.php/Addition/Gfqjz/position?id=3
INFO: [ app_init ] --START--
INFO: Run Behavior\BuildLiteBehavior [ RunTime:0.000039s ]
INFO: [ app_init ] --END-- [ RunTime:0.000824s ]
INFO: [ app_begin ] --START--
INFO: Run Behavior\ReadHtmlCacheBehavior [ RunTime:0.001530s ]
INFO: [ app_begin ] --END-- [ RunTime:0.001843s ]
SQL: SHOW COLUMNS FROM `add_gfqjz_position` [ RunTime:0.0147s ]
SQL: SHOW COLUMNS FROM `add_gfqjz_instance` [ RunTime:0.0117s ]
SQL: SELECT * FROM `add_gfqjz_position` WHERE ( status=0 AND id=3 ) LIMIT 1   [ RunTime:0.0004s ]
SQL: SELECT * FROM `add_gfqjz_instance` WHERE ( position_id=3 AND TO_DAYS(serve_date)>TO_DAYS(NOW()) ) ORDER BY serve_date  [ RunTime:0.0003s ]

[ 2016-01-21T23:12:15+08:00 ] ::1 /index.php/Addition/Gfqjz/position
INFO: [ app_init ] --START--
INFO: Run Behavior\BuildLiteBehavior [ RunTime:0.000035s ]
INFO: [ app_init ] --END-- [ RunTime:0.000640s ]
INFO: [ app_begin ] --START--
INFO: Run Behavior\ReadHtmlCacheBehavior [ RunTime:0.001482s ]
INFO: [ app_begin ] --END-- [ RunTime:0.001673s ]
SQL: SHOW COLUMNS FROM `add_gfqjz_position` [ RunTime:0.0219s ]
SQL: SHOW COLUMNS FROM `add_gfqjz_instance` [ RunTime:0.0151s ]
SQL: SELECT * FROM `add_gfqjz_position` WHERE ( status=0 )  [ RunTime:0.0005s ]

[ 2016-01-21T23:12:16+08:00 ] ::1 /index.php/Addition/Gfqjz/position?id=3
INFO: [ app_init ] --START--
INFO: Run Behavior\BuildLiteBehavior [ RunTime:0.000026s ]
INFO: [ app_init ] --END-- [ RunTime:0.000413s ]
INFO: [ app_begin ] --START--
INFO: Run Behavior\ReadHtmlCacheBehavior [ RunTime:0.000688s ]
INFO: [ app_begin ] --END-- [ RunTime:0.000823s ]
SQL: SHOW COLUMNS FROM `add_gfqjz_position` [ RunTime:0.0156s ]
SQL: SHOW COLUMNS FROM `add_gfqjz_instance` [ RunTime:0.0151s ]
SQL: SELECT * FROM `add_gfqjz_position` WHERE ( status=0 AND id=3 ) LIMIT 1   [ RunTime:0.0005s ]
SQL: SELECT * FROM `add_gfqjz_instance` WHERE ( position_id=3 AND TO_DAYS(serve_date)>TO_DAYS(NOW()) ) ORDER BY serve_date  [ RunTime:0.0005s ]

[ 2016-01-21T23:13:31+08:00 ] ::1 /index.php/Addition/Gfqjz/position
INFO: [ app_init ] --START--
INFO: Run Behavior\BuildLiteBehavior [ RunTime:0.000021s ]
INFO: [ app_init ] --END-- [ RunTime:0.000392s ]
INFO: [ app_begin ] --START--
INFO: Run Behavior\ReadHtmlCacheBehavior [ RunTime:0.000718s ]
INFO: [ app_begin ] --END-- [ RunTime:0.000845s ]
SQL: SHOW COLUMNS FROM `add_gfqjz_position` [ RunTime:0.0199s ]
SQL: SHOW COLUMNS FROM `add_gfqjz_instance` [ RunTime:0.0128s ]
SQL: SELECT * FROM `add_gfqjz_position` WHERE ( status=0 )  [ RunTime:0.0003s ]

[ 2016-01-21T23:13:32+08:00 ] ::1 /index.php/Addition/Gfqjz/position?id=3
INFO: [ app_init ] --START--
INFO: Run Behavior\BuildLiteBehavior [ RunTime:0.000041s ]
INFO: [ app_init ] --END-- [ RunTime:0.000624s ]
INFO: [ app_begin ] --START--
INFO: Run Behavior\ReadHtmlCacheBehavior [ RunTime:0.000433s ]
INFO: [ app_begin ] --END-- [ RunTime:0.000525s ]
SQL: SHOW COLUMNS FROM `add_gfqjz_position` [ RunTime:0.0125s ]
SQL: SHOW COLUMNS FROM `add_gfqjz_instance` [ RunTime:0.0121s ]
SQL: SELECT * FROM `add_gfqjz_position` WHERE ( status=0 AND id=3 ) LIMIT 1   [ RunTime:0.0004s ]
SQL: SELECT * FROM `add_gfqjz_instance` WHERE ( position_id=3 AND TO_DAYS(serve_date)>TO_DAYS(NOW()) ) ORDER BY serve_date  [ RunTime:0.0003s ]

[ 2016-01-21T23:14:24+08:00 ] ::1 /index.php/Addition/Gfqjz/position
INFO: [ app_init ] --START--
INFO: Run Behavior\BuildLiteBehavior [ RunTime:0.000021s ]
INFO: [ app_init ] --END-- [ RunTime:0.000409s ]
INFO: [ app_begin ] --START--
INFO: Run Behavior\ReadHtmlCacheBehavior [ RunTime:0.000531s ]
INFO: [ app_begin ] --END-- [ RunTime:0.000630s ]
SQL: SHOW COLUMNS FROM `add_gfqjz_position` [ RunTime:0.0215s ]
SQL: SHOW COLUMNS FROM `add_gfqjz_instance` [ RunTime:0.0150s ]
SQL: SELECT * FROM `add_gfqjz_position` WHERE ( status=0 )  [ RunTime:0.0006s ]

[ 2016-01-21T23:14:25+08:00 ] ::1 /index.php/Addition/Gfqjz/position?id=3
INFO: [ app_init ] --START--
INFO: Run Behavior\BuildLiteBehavior [ RunTime:0.000032s ]
INFO: [ app_init ] --END-- [ RunTime:0.000571s ]
INFO: [ app_begin ] --START--
INFO: Run Behavior\ReadHtmlCacheBehavior [ RunTime:0.000807s ]
INFO: [ app_begin ] --END-- [ RunTime:0.000961s ]
SQL: SHOW COLUMNS FROM `add_gfqjz_position` [ RunTime:0.0166s ]
SQL: SHOW COLUMNS FROM `add_gfqjz_instance` [ RunTime:0.0145s ]
SQL: SELECT * FROM `add_gfqjz_position` WHERE ( status=0 AND id=3 ) LIMIT 1   [ RunTime:0.0003s ]
SQL: SELECT * FROM `add_gfqjz_instance` WHERE ( position_id=3 AND TO_DAYS(serve_date)>TO_DAYS(NOW()) ) ORDER BY serve_date  [ RunTime:0.0004s ]

[ 2016-01-21T23:16:49+08:00 ] ::1 /index.php/Addition/Gfqjz/position
INFO: [ app_init ] --START--
INFO: Run Behavior\BuildLiteBehavior [ RunTime:0.000022s ]
INFO: [ app_init ] --END-- [ RunTime:0.000399s ]
INFO: [ app_begin ] --START--
INFO: Run Behavior\ReadHtmlCacheBehavior [ RunTime:0.000866s ]
INFO: [ app_begin ] --END-- [ RunTime:0.001022s ]
SQL: SHOW COLUMNS FROM `add_gfqjz_position` [ RunTime:0.0472s ]
SQL: SHOW COLUMNS FROM `add_gfqjz_instance` [ RunTime:0.0257s ]
SQL: SELECT * FROM `add_gfqjz_position` WHERE ( status=0 )  [ RunTime:0.0003s ]

[ 2016-01-21T23:16:51+08:00 ] ::1 /index.php/Addition/Gfqjz/position?id=3
INFO: [ app_init ] --START--
INFO: Run Behavior\BuildLiteBehavior [ RunTime:0.000023s ]
INFO: [ app_init ] --END-- [ RunTime:0.000416s ]
INFO: [ app_begin ] --START--
INFO: Run Behavior\ReadHtmlCacheBehavior [ RunTime:0.000492s ]
INFO: [ app_begin ] --END-- [ RunTime:0.000602s ]
SQL: SHOW COLUMNS FROM `add_gfqjz_position` [ RunTime:0.0172s ]
SQL: SHOW COLUMNS FROM `add_gfqjz_instance` [ RunTime:0.0108s ]
SQL: SELECT * FROM `add_gfqjz_position` WHERE ( status=0 AND id=3 ) LIMIT 1   [ RunTime:0.0004s ]
SQL: SELECT * FROM `add_gfqjz_instance` WHERE ( position_id=3 AND TO_DAYS(serve_date)>TO_DAYS(NOW()) ) ORDER BY serve_date  [ RunTime:0.0003s ]

[ 2016-01-21T23:25:08+08:00 ] 127.0.0.1 /index.php/Addition/Gfqjz/position
INFO: [ app_init ] --START--
INFO: Run Behavior\BuildLiteBehavior [ RunTime:0.000030s ]
INFO: [ app_init ] --END-- [ RunTime:0.000574s ]
INFO: [ app_begin ] --START--
INFO: Run Behavior\ReadHtmlCacheBehavior [ RunTime:0.000715s ]
INFO: [ app_begin ] --END-- [ RunTime:0.000859s ]
SQL: SHOW COLUMNS FROM `add_gfqjz_position` [ RunTime:0.0327s ]
SQL: SHOW COLUMNS FROM `add_gfqjz_instance` [ RunTime:0.0156s ]
SQL: SELECT * FROM `add_gfqjz_position` WHERE ( status=0 )  [ RunTime:0.0005s ]

[ 2016-01-21T23:25:10+08:00 ] 127.0.0.1 /index.php/Addition/Gfqjz/position?id=3
INFO: [ app_init ] --START--
INFO: Run Behavior\BuildLiteBehavior [ RunTime:0.000037s ]
INFO: [ app_init ] --END-- [ RunTime:0.000725s ]
INFO: [ app_begin ] --START--
INFO: Run Behavior\ReadHtmlCacheBehavior [ RunTime:0.000778s ]
INFO: [ app_begin ] --END-- [ RunTime:0.000951s ]
SQL: SHOW COLUMNS FROM `add_gfqjz_position` [ RunTime:0.0187s ]
SQL: SHOW COLUMNS FROM `add_gfqjz_instance` [ RunTime:0.0106s ]
SQL: SELECT * FROM `add_gfqjz_position` WHERE ( status=0 AND id=3 ) LIMIT 1   [ RunTime:0.0005s ]
SQL: SELECT * FROM `add_gfqjz_instance` WHERE ( position_id=3 AND TO_DAYS(serve_date)>TO_DAYS(NOW()) ) ORDER BY serve_date  [ RunTime:0.0004s ]

[ 2016-01-21T23:34:12+08:00 ] 127.0.0.1 /index.php/Addition/Gfqjz/position
INFO: [ app_init ] --START--
INFO: Run Behavior\BuildLiteBehavior [ RunTime:0.000034s ]
INFO: [ app_init ] --END-- [ RunTime:0.000625s ]
INFO: [ app_begin ] --START--
INFO: Run Behavior\ReadHtmlCacheBehavior [ RunTime:0.000781s ]
INFO: [ app_begin ] --END-- [ RunTime:0.000933s ]
SQL: SHOW COLUMNS FROM `add_gfqjz_position` [ RunTime:0.0175s ]
SQL: SHOW COLUMNS FROM `add_gfqjz_instance` [ RunTime:0.0130s ]
SQL: SELECT * FROM `add_gfqjz_position` WHERE ( status=0 )  [ RunTime:0.0003s ]

[ 2016-01-21T23:34:14+08:00 ] 127.0.0.1 /index.php/Addition/Gfqjz/position?id=3
INFO: [ app_init ] --START--
INFO: Run Behavior\BuildLiteBehavior [ RunTime:0.000026s ]
INFO: [ app_init ] --END-- [ RunTime:0.000558s ]
INFO: [ app_begin ] --START--
INFO: Run Behavior\ReadHtmlCacheBehavior [ RunTime:0.000608s ]
INFO: [ app_begin ] --END-- [ RunTime:0.000751s ]
SQL: SHOW COLUMNS FROM `add_gfqjz_position` [ RunTime:0.0142s ]
SQL: SHOW COLUMNS FROM `add_gfqjz_instance` [ RunTime:0.0102s ]
SQL: SELECT * FROM `add_gfqjz_position` WHERE ( status=0 AND id=3 ) LIMIT 1   [ RunTime:0.0010s ]
SQL: SELECT * FROM `add_gfqjz_instance` WHERE ( position_id=3 AND TO_DAYS(serve_date)>TO_DAYS(NOW()) ) ORDER BY serve_date  [ RunTime:0.0003s ]

[ 2016-01-21T23:49:09+08:00 ] 127.0.0.1 /index.php/Addition/Gfqjz/position
INFO: [ app_init ] --START--
INFO: Run Behavior\BuildLiteBehavior [ RunTime:0.000030s ]
INFO: [ app_init ] --END-- [ RunTime:0.000425s ]
INFO: [ app_begin ] --START--
INFO: Run Behavior\ReadHtmlCacheBehavior [ RunTime:0.000518s ]
INFO: [ app_begin ] --END-- [ RunTime:0.000622s ]
SQL: SHOW COLUMNS FROM `add_gfqjz_position` [ RunTime:0.0150s ]
SQL: SHOW COLUMNS FROM `add_gfqjz_instance` [ RunTime:0.0105s ]
SQL: SELECT * FROM `add_gfqjz_position` WHERE ( status=0 )  [ RunTime:0.0003s ]

[ 2016-01-21T23:49:10+08:00 ] 127.0.0.1 /index.php/Addition/Gfqjz/position?id=3
INFO: [ app_init ] --START--
INFO: Run Behavior\BuildLiteBehavior [ RunTime:0.000026s ]
INFO: [ app_init ] --END-- [ RunTime:0.000450s ]
INFO: [ app_begin ] --START--
INFO: Run Behavior\ReadHtmlCacheBehavior [ RunTime:0.000500s ]
INFO: [ app_begin ] --END-- [ RunTime:0.000612s ]
SQL: SHOW COLUMNS FROM `add_gfqjz_position` [ RunTime:0.0141s ]
SQL: SHOW COLUMNS FROM `add_gfqjz_instance` [ RunTime:0.0125s ]
SQL: SELECT * FROM `add_gfqjz_position` WHERE ( status=0 AND id=3 ) LIMIT 1   [ RunTime:0.0003s ]
SQL: SELECT * FROM `add_gfqjz_instance` WHERE ( position_id=3 AND TO_DAYS(serve_date)>TO_DAYS(NOW()) ) ORDER BY serve_date  [ RunTime:0.0002s ]

[ 2016-01-21T23:52:57+08:00 ] 127.0.0.1 /index.php/Addition/Gfqjz/position
INFO: [ app_init ] --START--
INFO: Run Behavior\BuildLiteBehavior [ RunTime:0.000040s ]
INFO: [ app_init ] --END-- [ RunTime:0.000652s ]
INFO: [ app_begin ] --START--
INFO: Run Behavior\ReadHtmlCacheBehavior [ RunTime:0.000765s ]
INFO: [ app_begin ] --END-- [ RunTime:0.000939s ]
SQL: SHOW COLUMNS FROM `add_gfqjz_position` [ RunTime:0.0144s ]
SQL: SHOW COLUMNS FROM `add_gfqjz_instance` [ RunTime:0.0117s ]
SQL: SELECT * FROM `add_gfqjz_position` WHERE ( status=0 )  [ RunTime:0.0003s ]

[ 2016-01-21T23:52:58+08:00 ] 127.0.0.1 /index.php/Addition/Gfqjz/position?id=3
INFO: [ app_init ] --START--
INFO: Run Behavior\BuildLiteBehavior [ RunTime:0.000025s ]
INFO: [ app_init ] --END-- [ RunTime:0.000567s ]
INFO: [ app_begin ] --START--
INFO: Run Behavior\ReadHtmlCacheBehavior [ RunTime:0.000448s ]
INFO: [ app_begin ] --END-- [ RunTime:0.000547s ]
SQL: SHOW COLUMNS FROM `add_gfqjz_position` [ RunTime:0.0879s ]
SQL: SHOW COLUMNS FROM `add_gfqjz_instance` [ RunTime:0.0140s ]
SQL: SELECT * FROM `add_gfqjz_position` WHERE ( status=0 AND id=3 ) LIMIT 1   [ RunTime:0.0004s ]
SQL: SELECT * FROM `add_gfqjz_instance` WHERE ( position_id=3 AND TO_DAYS(serve_date)>TO_DAYS(NOW()) ) ORDER BY serve_date  [ RunTime:0.0003s ]

[ 2016-01-21T23:53:42+08:00 ] 127.0.0.1 /index.php/Addition/Gfqjz/position
INFO: [ app_init ] --START--
INFO: Run Behavior\BuildLiteBehavior [ RunTime:0.000021s ]
INFO: [ app_init ] --END-- [ RunTime:0.000454s ]
INFO: [ app_begin ] --START--
INFO: Run Behavior\ReadHtmlCacheBehavior [ RunTime:0.000686s ]
INFO: [ app_begin ] --END-- [ RunTime:0.000815s ]
SQL: SHOW COLUMNS FROM `add_gfqjz_position` [ RunTime:0.0170s ]
SQL: SHOW COLUMNS FROM `add_gfqjz_instance` [ RunTime:0.0109s ]
SQL: SELECT * FROM `add_gfqjz_position` WHERE ( status=0 )  [ RunTime:0.0003s ]

[ 2016-01-21T23:53:43+08:00 ] 127.0.0.1 /index.php/Addition/Gfqjz/position?id=3
INFO: [ app_init ] --START--
INFO: Run Behavior\BuildLiteBehavior [ RunTime:0.000028s ]
INFO: [ app_init ] --END-- [ RunTime:0.000493s ]
INFO: [ app_begin ] --START--
INFO: Run Behavior\ReadHtmlCacheBehavior [ RunTime:0.000731s ]
INFO: [ app_begin ] --END-- [ RunTime:0.000853s ]
SQL: SHOW COLUMNS FROM `add_gfqjz_position` [ RunTime:0.0124s ]
SQL: SHOW COLUMNS FROM `add_gfqjz_instance` [ RunTime:0.0113s ]
SQL: SELECT * FROM `add_gfqjz_position` WHERE ( status=0 AND id=3 ) LIMIT 1   [ RunTime:0.0004s ]
SQL: SELECT * FROM `add_gfqjz_instance` WHERE ( position_id=3 AND TO_DAYS(serve_date)>TO_DAYS(NOW()) ) ORDER BY serve_date  [ RunTime:0.0003s ]

