[ 2016-01-23T08:34:16+08:00 ] ::1 /index.php/Addition/Gfqjz/position
INFO: [ app_init ] --START--
INFO: Run Behavior\BuildLiteBehavior [ RunTime:0.000025s ]
INFO: [ app_init ] --END-- [ RunTime:0.005775s ]
INFO: [ app_begin ] --START--
INFO: Run Behavior\ReadHtmlCacheBehavior [ RunTime:0.006124s ]
INFO: [ app_begin ] --END-- [ RunTime:0.006238s ]
SQL: SHOW COLUMNS FROM `add_gfqjz_position` [ RunTime:0.0121s ]
SQL: SHOW COLUMNS FROM `add_gfqjz_instance` [ RunTime:0.0108s ]
SQL: SELECT * FROM `add_gfqjz_position` WHERE ( status=0 )  [ RunTime:0.0003s ]

[ 2016-01-23T08:34:29+08:00 ] ::1 /index.php/Addition/Gfqjz/position
INFO: [ app_init ] --START--
INFO: Run Behavior\BuildLiteBehavior [ RunTime:0.000034s ]
INFO: [ app_init ] --END-- [ RunTime:0.000586s ]
INFO: [ app_begin ] --START--
INFO: Run Behavior\ReadHtmlCacheBehavior [ RunTime:0.000859s ]
INFO: [ app_begin ] --END-- [ RunTime:0.001010s ]
SQL: SHOW COLUMNS FROM `add_gfqjz_position` [ RunTime:0.0118s ]
SQL: SHOW COLUMNS FROM `add_gfqjz_instance` [ RunTime:0.0122s ]
SQL: SELECT * FROM `add_gfqjz_position` WHERE ( status=0 )  [ RunTime:0.0003s ]

[ 2016-01-23T08:34:40+08:00 ] ::1 /index.php/Addition/Gfqjz/position
INFO: [ app_init ] --START--
INFO: Run Behavior\BuildLiteBehavior [ RunTime:0.000025s ]
INFO: [ app_init ] --END-- [ RunTime:0.000483s ]
INFO: [ app_begin ] --START--
INFO: Run Behavior\ReadHtmlCacheBehavior [ RunTime:0.000654s ]
INFO: [ app_begin ] --END-- [ RunTime:0.000765s ]
SQL: SHOW COLUMNS FROM `add_gfqjz_position` [ RunTime:0.0136s ]
SQL: SHOW COLUMNS FROM `add_gfqjz_instance` [ RunTime:0.0099s ]
SQL: SELECT * FROM `add_gfqjz_position` WHERE ( status=0 )  [ RunTime:0.0003s ]

[ 2016-01-23T08:35:09+08:00 ] ::1 /index.php/Addition/Gfqjz/position
INFO: [ app_init ] --START--
INFO: Run Behavior\BuildLiteBehavior [ RunTime:0.000024s ]
INFO: [ app_init ] --END-- [ RunTime:0.000468s ]
INFO: [ app_begin ] --START--
INFO: Run Behavior\ReadHtmlCacheBehavior [ RunTime:0.000643s ]
INFO: [ app_begin ] --END-- [ RunTime:0.000756s ]
SQL: SHOW COLUMNS FROM `add_gfqjz_position` [ RunTime:0.0122s ]
SQL: SHOW COLUMNS FROM `add_gfqjz_instance` [ RunTime:0.0102s ]
SQL: SELECT * FROM `add_gfqjz_position` WHERE ( status=0 )  [ RunTime:0.0003s ]

[ 2016-01-23T08:57:16+08:00 ] ::1 /index.php/Addition/Gfqjz/position
INFO: [ app_init ] --START--
INFO: Run Behavior\BuildLiteBehavior [ RunTime:0.000022s ]
INFO: [ app_init ] --END-- [ RunTime:0.000412s ]
INFO: [ app_begin ] --START--
INFO: Run Behavior\ReadHtmlCacheBehavior [ RunTime:0.000758s ]
INFO: [ app_begin ] --END-- [ RunTime:0.000858s ]
SQL: SHOW COLUMNS FROM `add_gfqjz_position` [ RunTime:0.0160s ]
SQL: SHOW COLUMNS FROM `add_gfqjz_instance` [ RunTime:0.0113s ]
SQL: SELECT * FROM `add_gfqjz_position` WHERE ( status=0 )  [ RunTime:0.0004s ]

[ 2016-01-23T08:57:22+08:00 ] ::1 /index.php/Addition/Gfqjz/position
INFO: [ app_init ] --START--
INFO: Run Behavior\BuildLiteBehavior [ RunTime:0.000023s ]
INFO: [ app_init ] --END-- [ RunTime:0.000442s ]
INFO: [ app_begin ] --START--
INFO: Run Behavior\ReadHtmlCacheBehavior [ RunTime:0.000691s ]
INFO: [ app_begin ] --END-- [ RunTime:0.000816s ]
SQL: SHOW COLUMNS FROM `add_gfqjz_position` [ RunTime:0.0122s ]
SQL: SHOW COLUMNS FROM `add_gfqjz_instance` [ RunTime:0.0100s ]
SQL: SELECT * FROM `add_gfqjz_position` WHERE ( status=0 )  [ RunTime:0.0003s ]

[ 2016-01-23T09:11:34+08:00 ] ::1 /index.php/Addition/Gfqjz/position
INFO: [ app_init ] --START--
INFO: Run Behavior\BuildLiteBehavior [ RunTime:0.000034s ]
INFO: [ app_init ] --END-- [ RunTime:0.000601s ]
INFO: [ app_begin ] --START--
INFO: Run Behavior\ReadHtmlCacheBehavior [ RunTime:0.000661s ]
INFO: [ app_begin ] --END-- [ RunTime:0.000794s ]
SQL: SHOW COLUMNS FROM `add_gfqjz_position` [ RunTime:0.0170s ]
SQL: SHOW COLUMNS FROM `add_gfqjz_instance` [ RunTime:0.0159s ]
SQL: SELECT * FROM `add_gfqjz_position` WHERE ( status=0 )  [ RunTime:0.0004s ]

[ 2016-01-23T09:11:39+08:00 ] ::1 /index.php/Addition/Gfqjz/position
INFO: [ app_init ] --START--
INFO: Run Behavior\BuildLiteBehavior [ RunTime:0.000039s ]
INFO: [ app_init ] --END-- [ RunTime:0.000644s ]
INFO: [ app_begin ] --START--
INFO: Run Behavior\ReadHtmlCacheBehavior [ RunTime:0.000831s ]
INFO: [ app_begin ] --END-- [ RunTime:0.000978s ]
SQL: SHOW COLUMNS FROM `add_gfqjz_position` [ RunTime:0.0135s ]
SQL: SHOW COLUMNS FROM `add_gfqjz_instance` [ RunTime:0.0105s ]
SQL: SELECT * FROM `add_gfqjz_position` WHERE ( status=0 )  [ RunTime:0.0003s ]

[ 2016-01-23T09:14:55+08:00 ] ::1 /index.php/Addition/Gfqjz/position
INFO: [ app_init ] --START--
INFO: Run Behavior\BuildLiteBehavior [ RunTime:0.000041s ]
INFO: [ app_init ] --END-- [ RunTime:0.000795s ]
INFO: [ app_begin ] --START--
INFO: Run Behavior\ReadHtmlCacheBehavior [ RunTime:0.000990s ]
INFO: [ app_begin ] --END-- [ RunTime:0.001176s ]
SQL: SHOW COLUMNS FROM `add_gfqjz_position` [ RunTime:0.0158s ]
SQL: SHOW COLUMNS FROM `add_gfqjz_instance` [ RunTime:0.0124s ]
SQL: SELECT * FROM `add_gfqjz_position` WHERE ( status=0 )  [ RunTime:0.0004s ]

[ 2016-01-23T09:17:02+08:00 ] ::1 /index.php/Addition/Gfqjz/position
INFO: [ app_init ] --START--
INFO: Run Behavior\BuildLiteBehavior [ RunTime:0.000025s ]
INFO: [ app_init ] --END-- [ RunTime:0.000464s ]
INFO: [ app_begin ] --START--
INFO: Run Behavior\ReadHtmlCacheBehavior [ RunTime:0.000639s ]
INFO: [ app_begin ] --END-- [ RunTime:0.000752s ]
SQL: SHOW COLUMNS FROM `add_gfqjz_position` [ RunTime:0.0142s ]
SQL: INSERT INTO `add_gfqjz_position` (`publish_id`,`address`,`description`,`spot`,`day_flag`,`reward`,`term`,`number`,`status`) VALUES ('7','北门','ddd','7:00-9:00','1101100','20','2016-02-15','5','0') [ RunTime:0.0067s ]

[ 2016-01-23T09:18:17+08:00 ] ::1 /index.php/Addition/Gfqjz/position?id=3
INFO: [ app_init ] --START--
INFO: Run Behavior\BuildLiteBehavior [ RunTime:0.000022s ]
INFO: [ app_init ] --END-- [ RunTime:0.000410s ]
INFO: [ app_begin ] --START--
INFO: Run Behavior\ReadHtmlCacheBehavior [ RunTime:0.000548s ]
INFO: [ app_begin ] --END-- [ RunTime:0.000640s ]
SQL: SHOW COLUMNS FROM `add_gfqjz_position` [ RunTime:0.0165s ]
SQL: SHOW COLUMNS FROM `add_gfqjz_instance` [ RunTime:0.0104s ]
SQL: SELECT * FROM `add_gfqjz_position` WHERE ( status=0 AND id=3 ) LIMIT 1   [ RunTime:0.0004s ]
SQL: SELECT * FROM `add_gfqjz_instance` WHERE ( position_id=3 AND TO_DAYS(serve_date)>TO_DAYS(NOW()) ) ORDER BY serve_date  [ RunTime:0.0004s ]

[ 2016-01-23T09:22:03+08:00 ] ::1 /index.php/Addition/Gfqjz/position
INFO: [ app_init ] --START--
INFO: Run Behavior\BuildLiteBehavior [ RunTime:0.000026s ]
INFO: [ app_init ] --END-- [ RunTime:0.001850s ]
INFO: [ app_begin ] --START--
INFO: Run Behavior\ReadHtmlCacheBehavior [ RunTime:0.000679s ]
INFO: [ app_begin ] --END-- [ RunTime:0.000830s ]
SQL: SHOW COLUMNS FROM `add_gfqjz_position` [ RunTime:0.0136s ]
SQL: SHOW COLUMNS FROM `add_gfqjz_instance` [ RunTime:0.0142s ]
SQL: SELECT * FROM `add_gfqjz_position` WHERE ( status=0 )  [ RunTime:0.0003s ]

[ 2016-01-23T09:27:56+08:00 ] ::1 /index.php/Addition/Gfqjz/position
INFO: [ app_init ] --START--
INFO: Run Behavior\BuildLiteBehavior [ RunTime:0.000022s ]
INFO: [ app_init ] --END-- [ RunTime:0.000417s ]
INFO: [ app_begin ] --START--
INFO: Run Behavior\ReadHtmlCacheBehavior [ RunTime:0.000734s ]
INFO: [ app_begin ] --END-- [ RunTime:0.000881s ]
SQL: SHOW COLUMNS FROM `add_gfqjz_position` [ RunTime:0.0180s ]
SQL: SHOW COLUMNS FROM `add_gfqjz_instance` [ RunTime:0.0129s ]
SQL: SELECT * FROM `add_gfqjz_position` WHERE ( status=0 )  [ RunTime:0.0004s ]

[ 2016-01-23T09:27:57+08:00 ] ::1 /index.php/Addition/Gfqjz/position?id=4
INFO: [ app_init ] --START--
INFO: Run Behavior\BuildLiteBehavior [ RunTime:0.000026s ]
INFO: [ app_init ] --END-- [ RunTime:0.000477s ]
INFO: [ app_begin ] --START--
INFO: Run Behavior\ReadHtmlCacheBehavior [ RunTime:0.000712s ]
INFO: [ app_begin ] --END-- [ RunTime:0.000824s ]
SQL: SHOW COLUMNS FROM `add_gfqjz_position` [ RunTime:0.0135s ]
SQL: SHOW COLUMNS FROM `add_gfqjz_instance` [ RunTime:0.0126s ]
SQL: SELECT * FROM `add_gfqjz_position` WHERE ( status=0 AND id=4 ) LIMIT 1   [ RunTime:0.0003s ]
SQL: SELECT * FROM `add_gfqjz_instance` WHERE ( position_id=4 AND TO_DAYS(serve_date)>TO_DAYS(NOW()) ) ORDER BY serve_date  [ RunTime:0.0003s ]

[ 2016-01-23T09:30:22+08:00 ] ::1 /index.php/Addition/Gfqjz/position?id=4
INFO: [ app_init ] --START--
INFO: Run Behavior\BuildLiteBehavior [ RunTime:0.000024s ]
INFO: [ app_init ] --END-- [ RunTime:0.000457s ]
INFO: [ app_begin ] --START--
INFO: Run Behavior\ReadHtmlCacheBehavior [ RunTime:0.000639s ]
INFO: [ app_begin ] --END-- [ RunTime:0.000751s ]
SQL: SHOW COLUMNS FROM `add_gfqjz_position` [ RunTime:0.0124s ]
SQL: SHOW COLUMNS FROM `add_gfqjz_instance` [ RunTime:0.0101s ]
SQL: SELECT * FROM `add_gfqjz_position` WHERE ( status=0 AND id=4 ) LIMIT 1   [ RunTime:0.0004s ]
SQL: SELECT * FROM `add_gfqjz_instance` WHERE ( position_id=4 AND TO_DAYS(serve_date)>TO_DAYS(NOW()) ) ORDER BY serve_date  [ RunTime:0.0003s ]

[ 2016-01-23T09:40:10+08:00 ] ::1 /index.php/Addition/Gfqjz/position
INFO: [ app_init ] --START--
INFO: Run Behavior\BuildLiteBehavior [ RunTime:0.000023s ]
INFO: [ app_init ] --END-- [ RunTime:0.000802s ]
INFO: [ app_begin ] --START--
INFO: Run Behavior\ReadHtmlCacheBehavior [ RunTime:0.000563s ]
INFO: [ app_begin ] --END-- [ RunTime:0.000661s ]
SQL: SHOW COLUMNS FROM `add_gfqjz_position` [ RunTime:0.0179s ]
SQL: SHOW COLUMNS FROM `add_gfqjz_instance` [ RunTime:0.0171s ]
SQL: SELECT * FROM `add_gfqjz_position` WHERE ( status=0 )  [ RunTime:0.0004s ]

[ 2016-01-23T09:40:14+08:00 ] ::1 /index.php/Addition/Gfqjz/position?id=4
INFO: [ app_init ] --START--
INFO: Run Behavior\BuildLiteBehavior [ RunTime:0.000024s ]
INFO: [ app_init ] --END-- [ RunTime:0.000469s ]
INFO: [ app_begin ] --START--
INFO: Run Behavior\ReadHtmlCacheBehavior [ RunTime:0.000556s ]
INFO: [ app_begin ] --END-- [ RunTime:0.000675s ]
SQL: SHOW COLUMNS FROM `add_gfqjz_position` [ RunTime:0.0480s ]
SQL: SHOW COLUMNS FROM `add_gfqjz_instance` [ RunTime:0.0112s ]
SQL: SELECT * FROM `add_gfqjz_position` WHERE ( status=0 AND id=4 ) LIMIT 1   [ RunTime:0.0004s ]
SQL: SELECT * FROM `add_gfqjz_instance` WHERE ( position_id=4 AND TO_DAYS(serve_date)>TO_DAYS(NOW()) ) ORDER BY serve_date  [ RunTime:0.0003s ]

[ 2016-01-23T09:41:32+08:00 ] ::1 /index.php/Addition/Gfqjz/position
INFO: [ app_init ] --START--
INFO: Run Behavior\BuildLiteBehavior [ RunTime:0.000063s ]
INFO: [ app_init ] --END-- [ RunTime:0.001547s ]
INFO: [ app_begin ] --START--
INFO: Run Behavior\ReadHtmlCacheBehavior [ RunTime:0.000719s ]
INFO: [ app_begin ] --END-- [ RunTime:0.000863s ]
SQL: SHOW COLUMNS FROM `add_gfqjz_position` [ RunTime:0.0178s ]
SQL: SHOW COLUMNS FROM `add_gfqjz_instance` [ RunTime:0.0123s ]
SQL: SELECT * FROM `add_gfqjz_position` WHERE ( status=0 )  [ RunTime:0.0006s ]

[ 2016-01-23T09:41:43+08:00 ] ::1 /index.php/Addition/Gfqjz/position
INFO: [ app_init ] --START--
INFO: Run Behavior\BuildLiteBehavior [ RunTime:0.000024s ]
INFO: [ app_init ] --END-- [ RunTime:0.000517s ]
INFO: [ app_begin ] --START--
INFO: Run Behavior\ReadHtmlCacheBehavior [ RunTime:0.000603s ]
INFO: [ app_begin ] --END-- [ RunTime:0.000696s ]
SQL: SHOW COLUMNS FROM `add_gfqjz_position` [ RunTime:0.0127s ]
SQL: SHOW COLUMNS FROM `add_gfqjz_instance` [ RunTime:0.0104s ]
SQL: SELECT * FROM `add_gfqjz_position` WHERE ( status=0 )  [ RunTime:0.0004s ]

[ 2016-01-23T09:41:46+08:00 ] ::1 /index.php/Addition/Gfqjz/position?id=4
INFO: [ app_init ] --START--
INFO: Run Behavior\BuildLiteBehavior [ RunTime:0.000024s ]
INFO: [ app_init ] --END-- [ RunTime:0.000461s ]
INFO: [ app_begin ] --START--
INFO: Run Behavior\ReadHtmlCacheBehavior [ RunTime:0.000669s ]
INFO: [ app_begin ] --END-- [ RunTime:0.000791s ]
SQL: SHOW COLUMNS FROM `add_gfqjz_position` [ RunTime:0.0133s ]
SQL: SHOW COLUMNS FROM `add_gfqjz_instance` [ RunTime:0.0106s ]
SQL: SELECT * FROM `add_gfqjz_position` WHERE ( status=0 AND id=4 ) LIMIT 1   [ RunTime:0.0003s ]
SQL: SELECT * FROM `add_gfqjz_instance` WHERE ( position_id=4 AND TO_DAYS(serve_date)>TO_DAYS(NOW()) ) ORDER BY serve_date  [ RunTime:0.0003s ]

[ 2016-01-23T09:41:51+08:00 ] ::1 /index.php/Addition/Gfqjz/position
INFO: [ app_init ] --START--
INFO: Run Behavior\BuildLiteBehavior [ RunTime:0.000024s ]
INFO: [ app_init ] --END-- [ RunTime:0.000465s ]
INFO: [ app_begin ] --START--
INFO: Run Behavior\ReadHtmlCacheBehavior [ RunTime:0.000639s ]
INFO: [ app_begin ] --END-- [ RunTime:0.000751s ]
SQL: SHOW COLUMNS FROM `add_gfqjz_position` [ RunTime:0.0125s ]
SQL: SHOW COLUMNS FROM `add_gfqjz_instance` [ RunTime:0.0107s ]
SQL: SELECT * FROM `add_gfqjz_position` WHERE ( status=0 )  [ RunTime:0.0004s ]

[ 2016-01-23T09:41:52+08:00 ] ::1 /index.php/Addition/Gfqjz/position?id=3
INFO: [ app_init ] --START--
INFO: Run Behavior\BuildLiteBehavior [ RunTime:0.000024s ]
INFO: [ app_init ] --END-- [ RunTime:0.000460s ]
INFO: [ app_begin ] --START--
INFO: Run Behavior\ReadHtmlCacheBehavior [ RunTime:0.000918s ]
INFO: [ app_begin ] --END-- [ RunTime:0.001065s ]
SQL: SHOW COLUMNS FROM `add_gfqjz_position` [ RunTime:0.0227s ]
SQL: SHOW COLUMNS FROM `add_gfqjz_instance` [ RunTime:0.0101s ]
SQL: SELECT * FROM `add_gfqjz_position` WHERE ( status=0 AND id=3 ) LIMIT 1   [ RunTime:0.0003s ]
SQL: SELECT * FROM `add_gfqjz_instance` WHERE ( position_id=3 AND TO_DAYS(serve_date)>TO_DAYS(NOW()) ) ORDER BY serve_date  [ RunTime:0.0003s ]

[ 2016-01-23T09:42:55+08:00 ] ::1 /index.php/Addition/Gfqjz/position
INFO: [ app_init ] --START--
INFO: Run Behavior\BuildLiteBehavior [ RunTime:0.000020s ]
INFO: [ app_init ] --END-- [ RunTime:0.000410s ]
INFO: [ app_begin ] --START--
INFO: Run Behavior\ReadHtmlCacheBehavior [ RunTime:0.000552s ]
INFO: [ app_begin ] --END-- [ RunTime:0.000644s ]
SQL: SHOW COLUMNS FROM `add_gfqjz_position` [ RunTime:0.0126s ]
SQL: SHOW COLUMNS FROM `add_gfqjz_instance` [ RunTime:0.0114s ]
SQL: SELECT * FROM `add_gfqjz_position` WHERE ( status=0 )  [ RunTime:0.0003s ]

[ 2016-01-23T09:42:55+08:00 ] ::1 /index.php/Addition/Gfqjz/position?id=3
INFO: [ app_init ] --START--
INFO: Run Behavior\BuildLiteBehavior [ RunTime:0.000026s ]
INFO: [ app_init ] --END-- [ RunTime:0.000453s ]
INFO: [ app_begin ] --START--
INFO: Run Behavior\ReadHtmlCacheBehavior [ RunTime:0.000644s ]
INFO: [ app_begin ] --END-- [ RunTime:0.000757s ]
SQL: SHOW COLUMNS FROM `add_gfqjz_position` [ RunTime:0.0088s ]
SQL: SHOW COLUMNS FROM `add_gfqjz_instance` [ RunTime:0.0085s ]
SQL: SELECT * FROM `add_gfqjz_position` WHERE ( status=0 AND id=3 ) LIMIT 1   [ RunTime:0.0003s ]
SQL: SELECT * FROM `add_gfqjz_instance` WHERE ( position_id=3 AND TO_DAYS(serve_date)>TO_DAYS(NOW()) ) ORDER BY serve_date  [ RunTime:0.0003s ]

[ 2016-01-23T09:43:59+08:00 ] ::1 /index.php/Addition/Gfqjz/position
INFO: [ app_init ] --START--
INFO: Run Behavior\BuildLiteBehavior [ RunTime:0.000040s ]
INFO: [ app_init ] --END-- [ RunTime:0.000682s ]
INFO: [ app_begin ] --START--
INFO: Run Behavior\ReadHtmlCacheBehavior [ RunTime:0.001526s ]
INFO: [ app_begin ] --END-- [ RunTime:0.001751s ]
SQL: SHOW COLUMNS FROM `add_gfqjz_position` [ RunTime:0.0196s ]
SQL: SHOW COLUMNS FROM `add_gfqjz_instance` [ RunTime:0.0185s ]
SQL: SELECT * FROM `add_gfqjz_position` WHERE ( status=0 )  [ RunTime:0.0010s ]

[ 2016-01-23T09:44:01+08:00 ] ::1 /index.php/Addition/Gfqjz/position?id=3
INFO: [ app_init ] --START--
INFO: Run Behavior\BuildLiteBehavior [ RunTime:0.000029s ]
INFO: [ app_init ] --END-- [ RunTime:0.000491s ]
INFO: [ app_begin ] --START--
INFO: Run Behavior\ReadHtmlCacheBehavior [ RunTime:0.000834s ]
INFO: [ app_begin ] --END-- [ RunTime:0.001022s ]
SQL: SHOW COLUMNS FROM `add_gfqjz_position` [ RunTime:0.0149s ]
SQL: SHOW COLUMNS FROM `add_gfqjz_instance` [ RunTime:0.0139s ]
SQL: SELECT * FROM `add_gfqjz_position` WHERE ( status=0 AND id=3 ) LIMIT 1   [ RunTime:0.0005s ]
SQL: SELECT * FROM `add_gfqjz_instance` WHERE ( position_id=3 AND TO_DAYS(serve_date)>TO_DAYS(NOW()) ) ORDER BY serve_date  [ RunTime:0.0003s ]

[ 2016-01-23T09:44:49+08:00 ] ::1 /index.php/Addition/Gfqjz/position
INFO: [ app_init ] --START--
INFO: Run Behavior\BuildLiteBehavior [ RunTime:0.000034s ]
INFO: [ app_init ] --END-- [ RunTime:0.000627s ]
INFO: [ app_begin ] --START--
INFO: Run Behavior\ReadHtmlCacheBehavior [ RunTime:0.001671s ]
INFO: [ app_begin ] --END-- [ RunTime:0.001864s ]
SQL: SHOW COLUMNS FROM `add_gfqjz_position` [ RunTime:0.0200s ]
SQL: SHOW COLUMNS FROM `add_gfqjz_instance` [ RunTime:0.0183s ]
SQL: SELECT * FROM `add_gfqjz_position` WHERE ( status=0 )  [ RunTime:0.0005s ]

[ 2016-01-23T09:44:50+08:00 ] ::1 /index.php/Addition/Gfqjz/position?id=3
INFO: [ app_init ] --START--
INFO: Run Behavior\BuildLiteBehavior [ RunTime:0.000040s ]
INFO: [ app_init ] --END-- [ RunTime:0.000888s ]
INFO: [ app_begin ] --START--
INFO: Run Behavior\ReadHtmlCacheBehavior [ RunTime:0.000895s ]
INFO: [ app_begin ] --END-- [ RunTime:0.001025s ]
SQL: SHOW COLUMNS FROM `add_gfqjz_position` [ RunTime:0.0159s ]
SQL: SHOW COLUMNS FROM `add_gfqjz_instance` [ RunTime:0.0114s ]
SQL: SELECT * FROM `add_gfqjz_position` WHERE ( status=0 AND id=3 ) LIMIT 1   [ RunTime:0.0008s ]
SQL: SELECT * FROM `add_gfqjz_instance` WHERE ( position_id=3 AND TO_DAYS(serve_date)>TO_DAYS(NOW()) ) ORDER BY serve_date  [ RunTime:0.0003s ]

[ 2016-01-23T09:48:38+08:00 ] ::1 /index.php/Addition/Gfqjz/position
INFO: [ app_init ] --START--
INFO: Run Behavior\BuildLiteBehavior [ RunTime:0.000038s ]
INFO: [ app_init ] --END-- [ RunTime:0.000592s ]
INFO: [ app_begin ] --START--
INFO: Run Behavior\ReadHtmlCacheBehavior [ RunTime:0.001197s ]
INFO: [ app_begin ] --END-- [ RunTime:0.001482s ]
SQL: SHOW COLUMNS FROM `add_gfqjz_position` [ RunTime:0.0250s ]
SQL: SHOW COLUMNS FROM `add_gfqjz_instance` [ RunTime:0.0130s ]
SQL: SELECT * FROM `add_gfqjz_position` WHERE ( status=0 )  [ RunTime:0.0004s ]

[ 2016-01-23T09:48:39+08:00 ] ::1 /index.php/Addition/Gfqjz/position?id=4
INFO: [ app_init ] --START--
INFO: Run Behavior\BuildLiteBehavior [ RunTime:0.000029s ]
INFO: [ app_init ] --END-- [ RunTime:0.000473s ]
INFO: [ app_begin ] --START--
INFO: Run Behavior\ReadHtmlCacheBehavior [ RunTime:0.000672s ]
INFO: [ app_begin ] --END-- [ RunTime:0.000803s ]
SQL: SHOW COLUMNS FROM `add_gfqjz_position` [ RunTime:0.0129s ]
SQL: SHOW COLUMNS FROM `add_gfqjz_instance` [ RunTime:0.0102s ]
SQL: SELECT * FROM `add_gfqjz_position` WHERE ( status=0 AND id=4 ) LIMIT 1   [ RunTime:0.0004s ]
SQL: SELECT * FROM `add_gfqjz_instance` WHERE ( position_id=4 AND TO_DAYS(serve_date)>TO_DAYS(NOW()) ) ORDER BY serve_date  [ RunTime:0.0003s ]

[ 2016-01-23T09:48:58+08:00 ] ::1 /index.php/Addition/Gfqjz/position?id=4
INFO: [ app_init ] --START--
INFO: Run Behavior\BuildLiteBehavior [ RunTime:0.000028s ]
INFO: [ app_init ] --END-- [ RunTime:0.000458s ]
INFO: [ app_begin ] --START--
INFO: Run Behavior\ReadHtmlCacheBehavior [ RunTime:0.000705s ]
INFO: [ app_begin ] --END-- [ RunTime:0.000851s ]
SQL: SHOW COLUMNS FROM `add_gfqjz_position` [ RunTime:0.0434s ]
SQL: UPDATE `add_gfqjz_position` SET `publish_id`='7',`address`='北门',`description`='ddd',`spot`='7:00-9:00',`day_flag`='1101100',`reward`='20',`term`='2016-02-15 00:00:00',`number`='6',`status`='0' WHERE ( id=4 ) [ RunTime:0.0072s ]

[ 2016-01-23T09:50:09+08:00 ] ::1 /index.php/Addition/Gfqjz/position?id=4
INFO: [ app_init ] --START--
INFO: Run Behavior\BuildLiteBehavior [ RunTime:0.000026s ]
INFO: [ app_init ] --END-- [ RunTime:0.000489s ]
INFO: [ app_begin ] --START--
INFO: Run Behavior\ReadHtmlCacheBehavior [ RunTime:0.000701s ]
INFO: [ app_begin ] --END-- [ RunTime:0.000827s ]
SQL: SHOW COLUMNS FROM `add_gfqjz_position` [ RunTime:0.0127s ]
SQL: SHOW COLUMNS FROM `add_gfqjz_instance` [ RunTime:0.0106s ]
SQL: SELECT * FROM `add_gfqjz_position` WHERE ( status=0 AND id=4 ) LIMIT 1   [ RunTime:0.0004s ]
SQL: SELECT * FROM `add_gfqjz_instance` WHERE ( position_id=4 AND TO_DAYS(serve_date)>TO_DAYS(NOW()) ) ORDER BY serve_date  [ RunTime:0.0002s ]

[ 2016-01-23T09:50:17+08:00 ] ::1 /index.php/Addition/Gfqjz/position?id=4
INFO: [ app_init ] --START--
INFO: Run Behavior\BuildLiteBehavior [ RunTime:0.000029s ]
INFO: [ app_init ] --END-- [ RunTime:0.000471s ]
INFO: [ app_begin ] --START--
INFO: Run Behavior\ReadHtmlCacheBehavior [ RunTime:0.000644s ]
INFO: [ app_begin ] --END-- [ RunTime:0.000771s ]
SQL: SHOW COLUMNS FROM `add_gfqjz_position` [ RunTime:0.0126s ]
SQL: UPDATE `add_gfqjz_position` SET `publish_id`='7',`address`='北门',`description`='ddd',`spot`='7:00-9:00',`day_flag`='1101100',`reward`='20',`term`='2016-02-15 00:00:00',`number`='7',`status`='0' WHERE ( id=4 ) [ RunTime:0.0057s ]

[ 2016-01-23T09:51:06+08:00 ] ::1 /index.php/Addition/Gfqjz/position
INFO: [ app_init ] --START--
INFO: Run Behavior\BuildLiteBehavior [ RunTime:0.000034s ]
INFO: [ app_init ] --END-- [ RunTime:0.000493s ]
INFO: [ app_begin ] --START--
INFO: Run Behavior\ReadHtmlCacheBehavior [ RunTime:0.000575s ]
INFO: [ app_begin ] --END-- [ RunTime:0.000675s ]
SQL: SHOW COLUMNS FROM `add_gfqjz_position` [ RunTime:0.0199s ]
SQL: SHOW COLUMNS FROM `add_gfqjz_instance` [ RunTime:0.0134s ]
SQL: SELECT * FROM `add_gfqjz_position` WHERE ( status=0 )  [ RunTime:0.0004s ]

[ 2016-01-23T09:52:30+08:00 ] ::1 /index.php/Addition/Gfqjz/position?id=3
INFO: [ app_init ] --START--
INFO: Run Behavior\BuildLiteBehavior [ RunTime:0.000020s ]
INFO: [ app_init ] --END-- [ RunTime:0.000393s ]
INFO: [ app_begin ] --START--
INFO: Run Behavior\ReadHtmlCacheBehavior [ RunTime:0.000518s ]
INFO: [ app_begin ] --END-- [ RunTime:0.000608s ]
SQL: SHOW COLUMNS FROM `add_gfqjz_position` [ RunTime:0.0131s ]
SQL: SHOW COLUMNS FROM `add_gfqjz_instance` [ RunTime:0.0104s ]
SQL: SELECT * FROM `add_gfqjz_position` WHERE ( status=0 AND id=3 ) LIMIT 1   [ RunTime:0.0004s ]
SQL: SELECT * FROM `add_gfqjz_instance` WHERE ( position_id=3 AND TO_DAYS(serve_date)>TO_DAYS(NOW()) ) ORDER BY serve_date  [ RunTime:0.0003s ]

[ 2016-01-23T09:58:02+08:00 ] ::1 /index.php/Addition/Gfqjz/position
INFO: [ app_init ] --START--
INFO: Run Behavior\BuildLiteBehavior [ RunTime:0.000042s ]
INFO: [ app_init ] --END-- [ RunTime:0.000789s ]
INFO: [ app_begin ] --START--
INFO: Run Behavior\ReadHtmlCacheBehavior [ RunTime:0.000560s ]
INFO: [ app_begin ] --END-- [ RunTime:0.000683s ]
SQL: SHOW COLUMNS FROM `add_gfqjz_position` [ RunTime:0.0238s ]
SQL: SHOW COLUMNS FROM `add_gfqjz_instance` [ RunTime:0.0178s ]
SQL: SELECT * FROM `add_gfqjz_position` WHERE ( status=0 )  [ RunTime:0.0004s ]

[ 2016-01-23T09:58:03+08:00 ] ::1 /index.php/Addition/Gfqjz/position?id=3
INFO: [ app_init ] --START--
INFO: Run Behavior\BuildLiteBehavior [ RunTime:0.000042s ]
INFO: [ app_init ] --END-- [ RunTime:0.000694s ]
INFO: [ app_begin ] --START--
INFO: Run Behavior\ReadHtmlCacheBehavior [ RunTime:0.000637s ]
INFO: [ app_begin ] --END-- [ RunTime:0.000757s ]
SQL: SHOW COLUMNS FROM `add_gfqjz_position` [ RunTime:0.0292s ]
SQL: SHOW COLUMNS FROM `add_gfqjz_instance` [ RunTime:0.0292s ]
SQL: SELECT * FROM `add_gfqjz_position` WHERE ( status=0 AND id=3 ) LIMIT 1   [ RunTime:0.0005s ]
SQL: SELECT * FROM `add_gfqjz_instance` WHERE ( position_id=3 AND TO_DAYS(serve_date)>TO_DAYS(NOW()) ) ORDER BY serve_date  [ RunTime:0.0005s ]

[ 2016-01-23T09:58:17+08:00 ] ::1 /index.php/Addition/Gfqjz/position?id=3
INFO: [ app_init ] --START--
INFO: Run Behavior\BuildLiteBehavior [ RunTime:0.000028s ]
INFO: [ app_init ] --END-- [ RunTime:0.000468s ]
INFO: [ app_begin ] --START--
INFO: Run Behavior\ReadHtmlCacheBehavior [ RunTime:0.000645s ]
INFO: [ app_begin ] --END-- [ RunTime:0.000761s ]
SQL: SHOW COLUMNS FROM `add_gfqjz_position` [ RunTime:0.0127s ]
ERR: 1451:Cannot delete or update a parent row: a foreign key constraint fails (`renshiya`.`add_gfqjz_instance`, CONSTRAINT `add_gfqjz_instance_ibfk_3` FOREIGN KEY (`position_id`) REFERENCES `add_gfqjz_position` (`id`))
 [ SQL语句 ] : DELETE FROM `add_gfqjz_position` WHERE ( id=3 )
ERR: 1451:Cannot delete or update a parent row: a foreign key constraint fails (`renshiya`.`add_gfqjz_instance`, CONSTRAINT `add_gfqjz_instance_ibfk_3` FOREIGN KEY (`position_id`) REFERENCES `add_gfqjz_position` (`id`))
 [ SQL语句 ] : DELETE FROM `add_gfqjz_position` WHERE ( id=3 )

[ 2016-01-23T09:59:42+08:00 ] ::1 /index.php/Addition/Gfqjz/position?id=3
INFO: [ app_init ] --START--
INFO: Run Behavior\BuildLiteBehavior [ RunTime:0.000027s ]
INFO: [ app_init ] --END-- [ RunTime:0.000460s ]
INFO: [ app_begin ] --START--
INFO: Run Behavior\ReadHtmlCacheBehavior [ RunTime:0.000629s ]
INFO: [ app_begin ] --END-- [ RunTime:0.000744s ]
SQL: SHOW COLUMNS FROM `add_gfqjz_position` [ RunTime:0.0132s ]
SQL: UPDATE `add_gfqjz_position` SET `status`='1' WHERE ( id=3 ) [ RunTime:0.0055s ]

[ 2016-01-23T09:59:42+08:00 ] ::1 /index.php/Addition/Gfqjz/position
INFO: [ app_init ] --START--
INFO: Run Behavior\BuildLiteBehavior [ RunTime:0.000022s ]
INFO: [ app_init ] --END-- [ RunTime:0.000397s ]
INFO: [ app_begin ] --START--
INFO: Run Behavior\ReadHtmlCacheBehavior [ RunTime:0.000533s ]
INFO: [ app_begin ] --END-- [ RunTime:0.000626s ]
SQL: SHOW COLUMNS FROM `add_gfqjz_position` [ RunTime:0.0082s ]
SQL: SHOW COLUMNS FROM `add_gfqjz_instance` [ RunTime:0.0107s ]
SQL: SELECT * FROM `add_gfqjz_position` WHERE ( status=0 )  [ RunTime:0.0004s ]

[ 2016-01-23T10:34:40+08:00 ] ::1 /index.php/Addition/Gfqjz/position
INFO: [ app_init ] --START--
INFO: Run Behavior\BuildLiteBehavior [ RunTime:0.000045s ]
INFO: [ app_init ] --END-- [ RunTime:0.001260s ]
INFO: [ app_begin ] --START--
INFO: Run Behavior\ReadHtmlCacheBehavior [ RunTime:0.001427s ]
INFO: [ app_begin ] --END-- [ RunTime:0.001748s ]
SQL: SHOW COLUMNS FROM `add_gfqjz_position` [ RunTime:0.0143s ]
SQL: SHOW COLUMNS FROM `add_gfqjz_instance` [ RunTime:0.0160s ]
SQL: SELECT * FROM `add_gfqjz_position` WHERE ( status=0 )  [ RunTime:0.0003s ]

[ 2016-01-23T10:34:44+08:00 ] ::1 /index.php/Addition/Gfqjz/position?id=2
INFO: [ app_init ] --START--
INFO: Run Behavior\BuildLiteBehavior [ RunTime:0.000026s ]
INFO: [ app_init ] --END-- [ RunTime:0.000459s ]
INFO: [ app_begin ] --START--
INFO: Run Behavior\ReadHtmlCacheBehavior [ RunTime:0.000657s ]
INFO: [ app_begin ] --END-- [ RunTime:0.000788s ]
SQL: SHOW COLUMNS FROM `add_gfqjz_position` [ RunTime:0.0121s ]
SQL: SHOW COLUMNS FROM `add_gfqjz_instance` [ RunTime:0.0103s ]
SQL: SELECT * FROM `add_gfqjz_position` WHERE ( status=0 AND id=2 ) LIMIT 1   [ RunTime:0.0004s ]
SQL: SELECT * FROM `add_gfqjz_instance` WHERE ( position_id=2 AND TO_DAYS(serve_date)>TO_DAYS(NOW()) ) ORDER BY serve_date  [ RunTime:0.0003s ]

[ 2016-01-23T10:35:23+08:00 ] ::1 /index.php/Addition/Gfqjz/position?id=2
INFO: [ app_init ] --START--
INFO: Run Behavior\BuildLiteBehavior [ RunTime:0.000026s ]
INFO: [ app_init ] --END-- [ RunTime:0.000471s ]
INFO: [ app_begin ] --START--
INFO: Run Behavior\ReadHtmlCacheBehavior [ RunTime:0.000648s ]
INFO: [ app_begin ] --END-- [ RunTime:0.000776s ]
SQL: SHOW COLUMNS FROM `add_gfqjz_position` [ RunTime:0.0123s ]
SQL: UPDATE `add_gfqjz_position` SET `publish_id`='7',`address`='锦业公寓西门超市',`description`='搬货',`spot`='11:00-13:00,16:00-20:00',`day_flag`='1010101',`reward`='50',`term`='2016-01-31',`number`='4',`status`='0' WHERE ( id=2 ) [ RunTime:0.0054s ]

[ 2016-01-23T10:35:23+08:00 ] ::1 /index.php/Addition/Gfqjz/position
INFO: [ app_init ] --START--
INFO: Run Behavior\BuildLiteBehavior [ RunTime:0.000025s ]
INFO: [ app_init ] --END-- [ RunTime:0.000420s ]
INFO: [ app_begin ] --START--
INFO: Run Behavior\ReadHtmlCacheBehavior [ RunTime:0.000565s ]
INFO: [ app_begin ] --END-- [ RunTime:0.000670s ]
SQL: SHOW COLUMNS FROM `add_gfqjz_position` [ RunTime:0.0082s ]
SQL: SHOW COLUMNS FROM `add_gfqjz_instance` [ RunTime:0.0103s ]
SQL: SELECT * FROM `add_gfqjz_position` WHERE ( status=0 )  [ RunTime:0.0003s ]

[ 2016-01-23T10:52:15+08:00 ] ::1 /index.php/Addition/Gfqjz/position
INFO: [ app_init ] --START--
INFO: Run Behavior\BuildLiteBehavior [ RunTime:0.000022s ]
INFO: [ app_init ] --END-- [ RunTime:0.000402s ]
INFO: [ app_begin ] --START--
INFO: Run Behavior\ReadHtmlCacheBehavior [ RunTime:0.001622s ]
INFO: [ app_begin ] --END-- [ RunTime:0.001992s ]
SQL: SHOW COLUMNS FROM `add_gfqjz_position` [ RunTime:0.0212s ]
SQL: SHOW COLUMNS FROM `add_gfqjz_instance` [ RunTime:0.0126s ]
SQL: SELECT * FROM `add_gfqjz_position` WHERE ( status=0 )  [ RunTime:0.0003s ]

[ 2016-01-23T10:54:00+08:00 ] ::1 /index.php/Addition/Gfqjz/position
INFO: [ app_init ] --START--
INFO: Run Behavior\BuildLiteBehavior [ RunTime:0.000022s ]
INFO: [ app_init ] --END-- [ RunTime:0.000491s ]
INFO: [ app_begin ] --START--
INFO: Run Behavior\ReadHtmlCacheBehavior [ RunTime:0.000514s ]
INFO: [ app_begin ] --END-- [ RunTime:0.000607s ]
SQL: SHOW COLUMNS FROM `add_gfqjz_position` [ RunTime:0.0126s ]
NOTIC: [8] Undefined index: address D:\project\renshiya\api\Addition\Controller\GfqjzController.class.php 第 35 行.
NOTIC: [8] Undefined index: description D:\project\renshiya\api\Addition\Controller\GfqjzController.class.php 第 36 行.
NOTIC: [8] Undefined index: spot D:\project\renshiya\api\Addition\Controller\GfqjzController.class.php 第 37 行.
NOTIC: [8] Undefined index: reward D:\project\renshiya\api\Addition\Controller\GfqjzController.class.php 第 39 行.
ERR: 1048:Column 'address' cannot be null
 [ SQL语句 ] : INSERT INTO `add_gfqjz_position` (`publish_id`,`address`,`description`,`spot`,`day_flag`,`reward`,`term`,`number`,`status`) VALUES ('7',NULL,NULL,NULL,'1100110',NULL,'2016-11-12','3','0')
ERR: 1048:Column 'address' cannot be null
 [ SQL语句 ] : INSERT INTO `add_gfqjz_position` (`publish_id`,`address`,`description`,`spot`,`day_flag`,`reward`,`term`,`number`,`status`) VALUES ('7',NULL,NULL,NULL,'1100110',NULL,'2016-11-12','3','0')

[ 2016-01-23T12:53:09+08:00 ] ::1 /index.php/Addition/Gfqjz/position
INFO: [ app_init ] --START--
INFO: Run Behavior\BuildLiteBehavior [ RunTime:0.000026s ]
INFO: [ app_init ] --END-- [ RunTime:0.000418s ]
INFO: [ app_begin ] --START--
INFO: Run Behavior\ReadHtmlCacheBehavior [ RunTime:0.000649s ]
INFO: [ app_begin ] --END-- [ RunTime:0.000786s ]
SQL: SHOW COLUMNS FROM `add_gfqjz_position` [ RunTime:0.0138s ]
SQL: SHOW COLUMNS FROM `add_gfqjz_instance` [ RunTime:0.0111s ]
SQL: SELECT * FROM `add_gfqjz_position` WHERE ( status=0 )  [ RunTime:0.0003s ]

[ 2016-01-23T12:53:11+08:00 ] ::1 /index.php/Addition/Gfqjz/position?id=4
INFO: [ app_init ] --START--
INFO: Run Behavior\BuildLiteBehavior [ RunTime:0.000028s ]
INFO: [ app_init ] --END-- [ RunTime:0.000471s ]
INFO: [ app_begin ] --START--
INFO: Run Behavior\ReadHtmlCacheBehavior [ RunTime:0.000683s ]
INFO: [ app_begin ] --END-- [ RunTime:0.000814s ]
SQL: SHOW COLUMNS FROM `add_gfqjz_position` [ RunTime:0.0132s ]
SQL: SHOW COLUMNS FROM `add_gfqjz_instance` [ RunTime:0.0471s ]
SQL: SELECT * FROM `add_gfqjz_position` WHERE ( status=0 AND id=4 ) LIMIT 1   [ RunTime:0.0004s ]
SQL: SELECT * FROM `add_gfqjz_instance` WHERE ( position_id=4 AND TO_DAYS(serve_date)>TO_DAYS(NOW()) ) ORDER BY serve_date  [ RunTime:0.0003s ]

[ 2016-01-23T12:53:20+08:00 ] ::1 /index.php/Addition/Gfqjz/position
INFO: [ app_init ] --START--
INFO: Run Behavior\BuildLiteBehavior [ RunTime:0.000026s ]
INFO: [ app_init ] --END-- [ RunTime:0.000441s ]
INFO: [ app_begin ] --START--
INFO: Run Behavior\ReadHtmlCacheBehavior [ RunTime:0.000637s ]
INFO: [ app_begin ] --END-- [ RunTime:0.000756s ]
SQL: SHOW COLUMNS FROM `add_gfqjz_position` [ RunTime:0.0133s ]
SQL: SHOW COLUMNS FROM `add_gfqjz_instance` [ RunTime:0.0223s ]
SQL: SELECT * FROM `add_gfqjz_position` WHERE ( status=0 )  [ RunTime:0.0003s ]

[ 2016-01-23T12:56:45+08:00 ] ::1 /index.php/Addition/Gfqjz/position
INFO: [ app_init ] --START--
INFO: Run Behavior\BuildLiteBehavior [ RunTime:0.000022s ]
INFO: [ app_init ] --END-- [ RunTime:0.000421s ]
INFO: [ app_begin ] --START--
INFO: Run Behavior\ReadHtmlCacheBehavior [ RunTime:0.000546s ]
INFO: [ app_begin ] --END-- [ RunTime:0.000640s ]
SQL: SHOW COLUMNS FROM `add_gfqjz_position` [ RunTime:0.0167s ]
SQL: SHOW COLUMNS FROM `add_gfqjz_instance` [ RunTime:0.0184s ]
SQL: SELECT * FROM `add_gfqjz_position` WHERE ( status=0 )  [ RunTime:0.0005s ]

[ 2016-01-23T12:59:10+08:00 ] ::1 /index.php/Addition/Gfqjz/position
INFO: [ app_init ] --START--
INFO: Run Behavior\BuildLiteBehavior [ RunTime:0.000024s ]
INFO: [ app_init ] --END-- [ RunTime:0.000404s ]
INFO: [ app_begin ] --START--
INFO: Run Behavior\ReadHtmlCacheBehavior [ RunTime:0.000604s ]
INFO: [ app_begin ] --END-- [ RunTime:0.000701s ]
SQL: SHOW COLUMNS FROM `add_gfqjz_position` [ RunTime:0.0197s ]
SQL: SHOW COLUMNS FROM `add_gfqjz_instance` [ RunTime:0.0184s ]
SQL: SELECT * FROM `add_gfqjz_position` WHERE ( status=0 )  [ RunTime:0.0004s ]

[ 2016-01-23T12:59:26+08:00 ] ::1 /index.php/Addition/Gfqjz/position
INFO: [ app_init ] --START--
INFO: Run Behavior\BuildLiteBehavior [ RunTime:0.000031s ]
INFO: [ app_init ] --END-- [ RunTime:0.000568s ]
INFO: [ app_begin ] --START--
INFO: Run Behavior\ReadHtmlCacheBehavior [ RunTime:0.000817s ]
INFO: [ app_begin ] --END-- [ RunTime:0.000975s ]
SQL: SHOW COLUMNS FROM `add_gfqjz_position` [ RunTime:0.0195s ]
SQL: SHOW COLUMNS FROM `add_gfqjz_instance` [ RunTime:0.0146s ]
SQL: SELECT * FROM `add_gfqjz_position` WHERE ( status=0 )  [ RunTime:0.0004s ]

[ 2016-01-23T12:59:54+08:00 ] ::1 /index.php/Addition/Gfqjz/position
INFO: [ app_init ] --START--
INFO: Run Behavior\BuildLiteBehavior [ RunTime:0.000037s ]
INFO: [ app_init ] --END-- [ RunTime:0.000610s ]
INFO: [ app_begin ] --START--
INFO: Run Behavior\ReadHtmlCacheBehavior [ RunTime:0.000642s ]
INFO: [ app_begin ] --END-- [ RunTime:0.000765s ]
SQL: SHOW COLUMNS FROM `add_gfqjz_position` [ RunTime:0.0207s ]
SQL: SHOW COLUMNS FROM `add_gfqjz_instance` [ RunTime:0.0149s ]
SQL: SELECT * FROM `add_gfqjz_position` WHERE ( status=0 )  [ RunTime:0.0004s ]

[ 2016-01-23T13:00:26+08:00 ] ::1 /index.php/Addition/Gfqjz/position
INFO: [ app_init ] --START--
INFO: Run Behavior\BuildLiteBehavior [ RunTime:0.000024s ]
INFO: [ app_init ] --END-- [ RunTime:0.000431s ]
INFO: [ app_begin ] --START--
INFO: Run Behavior\ReadHtmlCacheBehavior [ RunTime:0.000643s ]
INFO: [ app_begin ] --END-- [ RunTime:0.000762s ]
SQL: SHOW COLUMNS FROM `add_gfqjz_position` [ RunTime:0.0201s ]
SQL: SHOW COLUMNS FROM `add_gfqjz_instance` [ RunTime:0.0110s ]
SQL: SELECT * FROM `add_gfqjz_position` WHERE ( status=0 )  [ RunTime:0.0003s ]

[ 2016-01-23T13:03:35+08:00 ] ::1 /index.php/Addition/Gfqjz/position
INFO: [ app_init ] --START--
INFO: Run Behavior\BuildLiteBehavior [ RunTime:0.000021s ]
INFO: [ app_init ] --END-- [ RunTime:0.000399s ]
INFO: [ app_begin ] --START--
INFO: Run Behavior\ReadHtmlCacheBehavior [ RunTime:0.000625s ]
INFO: [ app_begin ] --END-- [ RunTime:0.000732s ]
SQL: SHOW COLUMNS FROM `add_gfqjz_position` [ RunTime:0.0172s ]
SQL: SHOW COLUMNS FROM `add_gfqjz_instance` [ RunTime:0.0170s ]
SQL: SELECT * FROM `add_gfqjz_position` WHERE ( status=0 )  [ RunTime:0.0003s ]

[ 2016-01-23T13:03:37+08:00 ] ::1 /index.php/Addition/Gfqjz/position?id=2
INFO: [ app_init ] --START--
INFO: Run Behavior\BuildLiteBehavior [ RunTime:0.000020s ]
INFO: [ app_init ] --END-- [ RunTime:0.000386s ]
INFO: [ app_begin ] --START--
INFO: Run Behavior\ReadHtmlCacheBehavior [ RunTime:0.000585s ]
INFO: [ app_begin ] --END-- [ RunTime:0.000684s ]
SQL: SHOW COLUMNS FROM `add_gfqjz_position` [ RunTime:0.0136s ]
SQL: SHOW COLUMNS FROM `add_gfqjz_instance` [ RunTime:0.0105s ]
SQL: SELECT * FROM `add_gfqjz_position` WHERE ( status=0 AND id=2 ) LIMIT 1   [ RunTime:0.0003s ]
SQL: SELECT * FROM `add_gfqjz_instance` WHERE ( position_id=2 AND TO_DAYS(serve_date)>TO_DAYS(NOW()) ) ORDER BY serve_date  [ RunTime:0.0003s ]

[ 2016-01-23T13:03:40+08:00 ] ::1 /index.php/Addition/Gfqjz/instance
INFO: [ app_init ] --START--
INFO: Run Behavior\BuildLiteBehavior [ RunTime:0.000026s ]
INFO: [ app_init ] --END-- [ RunTime:0.000605s ]
INFO: [ app_begin ] --START--
INFO: Run Behavior\ReadHtmlCacheBehavior [ RunTime:0.000643s ]
INFO: [ app_begin ] --END-- [ RunTime:0.000756s ]
SQL: SHOW COLUMNS FROM `add_gfqjz_position` [ RunTime:0.0144s ]
SQL: SHOW COLUMNS FROM `add_gfqjz_instance` [ RunTime:0.0113s ]
SQL: SELECT * FROM `add_gfqjz_position` WHERE ( status=0 AND id=2 ) LIMIT 1   [ RunTime:0.0003s ]
SQL: INSERT INTO `add_gfqjz_instance` (`claim_id`,`publish_id`,`position_id`,`status`,`turnover`,`serve_date`) VALUES ('7','7','2','0','50','2016-01-30') [ RunTime:0.0058s ]

[ 2016-01-23T13:17:10+08:00 ] ::1 /index.php/Addition/Gfqjz/position
INFO: [ app_init ] --START--
INFO: Run Behavior\BuildLiteBehavior [ RunTime:0.000021s ]
INFO: [ app_init ] --END-- [ RunTime:0.000395s ]
INFO: [ app_begin ] --START--
INFO: Run Behavior\ReadHtmlCacheBehavior [ RunTime:0.000999s ]
INFO: [ app_begin ] --END-- [ RunTime:0.001184s ]
SQL: SHOW COLUMNS FROM `add_gfqjz_position` [ RunTime:0.0246s ]
SQL: SHOW COLUMNS FROM `add_gfqjz_instance` [ RunTime:0.0144s ]
SQL: SELECT * FROM `add_gfqjz_position` WHERE ( status=0 )  [ RunTime:0.0004s ]

[ 2016-01-23T13:17:17+08:00 ] ::1 /index.php/Addition/Gfqjz/position
INFO: [ app_init ] --START--
INFO: Run Behavior\BuildLiteBehavior [ RunTime:0.000022s ]
INFO: [ app_init ] --END-- [ RunTime:0.000449s ]
INFO: [ app_begin ] --START--
INFO: Run Behavior\ReadHtmlCacheBehavior [ RunTime:0.000573s ]
INFO: [ app_begin ] --END-- [ RunTime:0.000693s ]
SQL: SHOW COLUMNS FROM `add_gfqjz_position` [ RunTime:0.0122s ]
SQL: SHOW COLUMNS FROM `add_gfqjz_instance` [ RunTime:0.0101s ]
SQL: SELECT * FROM `add_gfqjz_position` WHERE ( status=0 )  [ RunTime:0.0003s ]

[ 2016-01-23T13:17:17+08:00 ] ::1 /index.php/Addition/Gfqjz/position?id=2
INFO: [ app_init ] --START--
INFO: Run Behavior\BuildLiteBehavior [ RunTime:0.000024s ]
INFO: [ app_init ] --END-- [ RunTime:0.000461s ]
INFO: [ app_begin ] --START--
INFO: Run Behavior\ReadHtmlCacheBehavior [ RunTime:0.000638s ]
INFO: [ app_begin ] --END-- [ RunTime:0.000749s ]
SQL: SHOW COLUMNS FROM `add_gfqjz_position` [ RunTime:0.0101s ]
SQL: SHOW COLUMNS FROM `add_gfqjz_instance` [ RunTime:0.0099s ]
SQL: SELECT * FROM `add_gfqjz_position` WHERE ( status=0 AND id=2 ) LIMIT 1   [ RunTime:0.0003s ]
SQL: SELECT * FROM `add_gfqjz_instance` WHERE ( position_id=2 AND TO_DAYS(serve_date)>TO_DAYS(NOW()) ) ORDER BY serve_date  [ RunTime:0.0003s ]

[ 2016-01-23T13:17:28+08:00 ] ::1 /index.php/Addition/Gfqjz/instance?id=3
INFO: [ app_init ] --START--
INFO: Run Behavior\BuildLiteBehavior [ RunTime:0.000026s ]
INFO: [ app_init ] --END-- [ RunTime:0.000499s ]
INFO: [ app_begin ] --START--
INFO: Run Behavior\ReadHtmlCacheBehavior [ RunTime:0.000527s ]
INFO: [ app_begin ] --END-- [ RunTime:0.000631s ]
SQL: SHOW COLUMNS FROM `add_gfqjz_instance` [ RunTime:0.0124s ]
SQL: DELETE FROM `add_gfqjz_instance` WHERE ( id=3 ) [ RunTime:0.0056s ]

[ 2016-01-23T13:17:28+08:00 ] ::1 /index.php/Addition/Gfqjz/position
INFO: [ app_init ] --START--
INFO: Run Behavior\BuildLiteBehavior [ RunTime:0.000023s ]
INFO: [ app_init ] --END-- [ RunTime:0.000415s ]
INFO: [ app_begin ] --START--
INFO: Run Behavior\ReadHtmlCacheBehavior [ RunTime:0.000593s ]
INFO: [ app_begin ] --END-- [ RunTime:0.000695s ]
SQL: SHOW COLUMNS FROM `add_gfqjz_position` [ RunTime:0.0105s ]
SQL: SHOW COLUMNS FROM `add_gfqjz_instance` [ RunTime:0.0091s ]
SQL: SELECT * FROM `add_gfqjz_position` WHERE ( status=0 )  [ RunTime:0.0003s ]

[ 2016-01-23T13:18:14+08:00 ] ::1 /index.php/Addition/Gfqjz/position?id=2
INFO: [ app_init ] --START--
INFO: Run Behavior\BuildLiteBehavior [ RunTime:0.000032s ]
INFO: [ app_init ] --END-- [ RunTime:0.001312s ]
INFO: [ app_begin ] --START--
INFO: Run Behavior\ReadHtmlCacheBehavior [ RunTime:0.000666s ]
INFO: [ app_begin ] --END-- [ RunTime:0.000783s ]
SQL: SHOW COLUMNS FROM `add_gfqjz_position` [ RunTime:0.0118s ]
SQL: SHOW COLUMNS FROM `add_gfqjz_instance` [ RunTime:0.0114s ]
SQL: SELECT * FROM `add_gfqjz_position` WHERE ( status=0 AND id=2 ) LIMIT 1   [ RunTime:0.0003s ]
SQL: SELECT * FROM `add_gfqjz_instance` WHERE ( position_id=2 AND TO_DAYS(serve_date)>TO_DAYS(NOW()) ) ORDER BY serve_date  [ RunTime:0.0003s ]

[ 2016-01-23T14:56:28+08:00 ] ::1 /index.php/Addition/Gfqjz/position
INFO: [ app_init ] --START--
INFO: Run Behavior\BuildLiteBehavior [ RunTime:0.000040s ]
INFO: [ app_init ] --END-- [ RunTime:0.000532s ]
INFO: [ app_begin ] --START--
INFO: Run Behavior\ReadHtmlCacheBehavior [ RunTime:0.000594s ]
INFO: [ app_begin ] --END-- [ RunTime:0.000698s ]
SQL: SHOW COLUMNS FROM `add_gfqjz_position` [ RunTime:0.0125s ]
SQL: SHOW COLUMNS FROM `add_gfqjz_instance` [ RunTime:0.0104s ]
SQL: SELECT * FROM `add_gfqjz_position` WHERE ( status=0 )  [ RunTime:0.0004s ]

[ 2016-01-23T14:56:34+08:00 ] ::1 /index.php/Addition/Gfqjz/position?id=4
INFO: [ app_init ] --START--
INFO: Run Behavior\BuildLiteBehavior [ RunTime:0.000024s ]
INFO: [ app_init ] --END-- [ RunTime:0.000457s ]
INFO: [ app_begin ] --START--
INFO: Run Behavior\ReadHtmlCacheBehavior [ RunTime:0.000897s ]
INFO: [ app_begin ] --END-- [ RunTime:0.001052s ]
SQL: SHOW COLUMNS FROM `add_gfqjz_position` [ RunTime:0.0139s ]
SQL: SHOW COLUMNS FROM `add_gfqjz_instance` [ RunTime:0.0119s ]
SQL: SELECT * FROM `add_gfqjz_position` WHERE ( status=0 AND id=4 ) LIMIT 1   [ RunTime:0.0004s ]
SQL: SELECT * FROM `add_gfqjz_instance` WHERE ( position_id=4 AND TO_DAYS(serve_date)>TO_DAYS(NOW()) ) ORDER BY serve_date  [ RunTime:0.0003s ]

[ 2016-01-23T14:56:39+08:00 ] ::1 /index.php/Addition/Gfqjz/position?id=2
INFO: [ app_init ] --START--
INFO: Run Behavior\BuildLiteBehavior [ RunTime:0.000024s ]
INFO: [ app_init ] --END-- [ RunTime:0.000462s ]
INFO: [ app_begin ] --START--
INFO: Run Behavior\ReadHtmlCacheBehavior [ RunTime:0.000683s ]
INFO: [ app_begin ] --END-- [ RunTime:0.000801s ]
SQL: SHOW COLUMNS FROM `add_gfqjz_position` [ RunTime:0.0144s ]
SQL: SHOW COLUMNS FROM `add_gfqjz_instance` [ RunTime:0.0104s ]
SQL: SELECT * FROM `add_gfqjz_position` WHERE ( status=0 AND id=2 ) LIMIT 1   [ RunTime:0.0003s ]
SQL: SELECT * FROM `add_gfqjz_instance` WHERE ( position_id=2 AND TO_DAYS(serve_date)>TO_DAYS(NOW()) ) ORDER BY serve_date  [ RunTime:0.0003s ]

[ 2016-01-23T14:56:50+08:00 ] ::1 /index.php/Addition/Gfqjz/instance
INFO: [ app_init ] --START--
INFO: Run Behavior\BuildLiteBehavior [ RunTime:0.000021s ]
INFO: [ app_init ] --END-- [ RunTime:0.000413s ]
INFO: [ app_begin ] --START--
INFO: Run Behavior\ReadHtmlCacheBehavior [ RunTime:0.000990s ]
INFO: [ app_begin ] --END-- [ RunTime:0.001119s ]
SQL: SHOW COLUMNS FROM `add_gfqjz_position` [ RunTime:0.0123s ]
SQL: SHOW COLUMNS FROM `add_gfqjz_instance` [ RunTime:0.0105s ]
SQL: SHOW COLUMNS FROM `user_bill` [ RunTime:0.0103s ]
SQL: SELECT * FROM `add_gfqjz_position` WHERE ( status=0 AND id=2 ) LIMIT 1   [ RunTime:0.0003s ]
SQL: INSERT INTO `add_gfqjz_instance` (`claim_id`,`publish_id`,`position_id`,`status`,`turnover`,`serve_date`) VALUES ('7','7','2','0','50','2016-01-24') [ RunTime:0.0063s ]
NOTIC: [8] Undefined index: turnover D:\project\renshiya\api\Addition\Controller\GfqjzController.class.php 第 105 行.
NOTIC: [8] Undefined index: balance D:\project\renshiya\api\Addition\Controller\GfqjzController.class.php 第 106 行.
ERR: 1048:Column 'turnover' cannot be null
 [ SQL语句 ] : INSERT INTO `user_bill` (`user_id`,`type`,`service_type`,`service_id`,`turnover`,`balance`) VALUES ('7','0','0','4',NULL,NULL)
ERR: 1048:Column 'turnover' cannot be null
 [ SQL语句 ] : INSERT INTO `user_bill` (`user_id`,`type`,`service_type`,`service_id`,`turnover`,`balance`) VALUES ('7','0','0','4',NULL,NULL)

[ 2016-01-23T14:58:41+08:00 ] ::1 /index.php/Addition/Gfqjz/instance
INFO: [ app_init ] --START--
INFO: Run Behavior\BuildLiteBehavior [ RunTime:0.000024s ]
INFO: [ app_init ] --END-- [ RunTime:0.000464s ]
INFO: [ app_begin ] --START--
INFO: Run Behavior\ReadHtmlCacheBehavior [ RunTime:0.000660s ]
INFO: [ app_begin ] --END-- [ RunTime:0.000779s ]
SQL: SHOW COLUMNS FROM `add_gfqjz_position` [ RunTime:0.0165s ]
SQL: SHOW COLUMNS FROM `add_gfqjz_instance` [ RunTime:0.0129s ]
SQL: SHOW COLUMNS FROM `user_bill` [ RunTime:0.0922s ]
SQL: SELECT * FROM `add_gfqjz_position` WHERE ( status=0 AND id=2 ) LIMIT 1   [ RunTime:0.0004s ]
SQL: INSERT INTO `add_gfqjz_instance` (`claim_id`,`publish_id`,`position_id`,`status`,`turnover`,`serve_date`) VALUES ('7','7','2','0','50','2016-01-24') [ RunTime:0.0054s ]
SQL: INSERT INTO `user_bill` (`user_id`,`type`,`service_type`,`service_id`,`turnover`,`balance`) VALUES ('7','0','0','5','50','0') [ RunTime:0.0056s ]
SQL: INSERT INTO `user_bill` (`user_id`,`type`,`service_type`,`service_id`,`turnover`,`balance`) VALUES ('7','0','0','5','-50','0') [ RunTime:0.0055s ]
SQL: INSERT INTO `add_gfqjz_instance` (`claim_id`,`publish_id`,`position_id`,`status`,`turnover`,`serve_date`) VALUES ('7','7','2','0','50','2016-01-28') [ RunTime:0.0057s ]
SQL: INSERT INTO `user_bill` (`user_id`,`type`,`service_type`,`service_id`,`turnover`,`balance`) VALUES ('7','0','0','6','50','0') [ RunTime:0.0056s ]
SQL: INSERT INTO `user_bill` (`user_id`,`type`,`service_type`,`service_id`,`turnover`,`balance`) VALUES ('7','0','0','6','-50','0') [ RunTime:0.0054s ]

[ 2016-01-23T16:57:50+08:00 ] ::1 /index.php/Addition/Gfqjz/position
INFO: [ app_init ] --START--
INFO: Run Behavior\BuildLiteBehavior [ RunTime:0.000023s ]
INFO: [ app_init ] --END-- [ RunTime:0.000538s ]
INFO: [ app_begin ] --START--
INFO: Run Behavior\ReadHtmlCacheBehavior [ RunTime:0.000522s ]
INFO: [ app_begin ] --END-- [ RunTime:0.000614s ]
SQL: SHOW COLUMNS FROM `add_gfqjz_position` [ RunTime:0.0127s ]
SQL: SHOW COLUMNS FROM `add_gfqjz_instance` [ RunTime:0.0105s ]
SQL: SELECT * FROM `add_gfqjz_position` WHERE ( status=0 )  [ RunTime:0.0003s ]

[ 2016-01-23T16:57:51+08:00 ] ::1 /index.php/Addition/Gfqjz/position?id=2
INFO: [ app_init ] --START--
INFO: Run Behavior\BuildLiteBehavior [ RunTime:0.000028s ]
INFO: [ app_init ] --END-- [ RunTime:0.000523s ]
INFO: [ app_begin ] --START--
INFO: Run Behavior\ReadHtmlCacheBehavior [ RunTime:0.001153s ]
INFO: [ app_begin ] --END-- [ RunTime:0.001259s ]
SQL: SHOW COLUMNS FROM `add_gfqjz_position` [ RunTime:0.0131s ]
SQL: SHOW COLUMNS FROM `add_gfqjz_instance` [ RunTime:0.0106s ]
SQL: SELECT * FROM `add_gfqjz_position` WHERE ( status=0 AND id=2 ) LIMIT 1   [ RunTime:0.0004s ]
SQL: SELECT * FROM `add_gfqjz_instance` WHERE ( position_id=2 AND TO_DAYS(serve_date)>TO_DAYS(NOW()) ) ORDER BY serve_date  [ RunTime:0.0003s ]

[ 2016-01-23T17:20:25+08:00 ] ::1 /index.php/Addition/Gfqjz/position
INFO: [ app_init ] --START--
INFO: Run Behavior\BuildLiteBehavior [ RunTime:0.000032s ]
INFO: [ app_init ] --END-- [ RunTime:0.008290s ]
INFO: [ app_begin ] --START--
INFO: Run Behavior\ReadHtmlCacheBehavior [ RunTime:0.010074s ]
INFO: [ app_begin ] --END-- [ RunTime:0.010293s ]
SQL: SHOW COLUMNS FROM `add_gfqjz_position` [ RunTime:0.0217s ]
SQL: SHOW COLUMNS FROM `add_gfqjz_instance` [ RunTime:0.0166s ]
SQL: SELECT * FROM `add_gfqjz_position` WHERE ( status=0 )  [ RunTime:0.0004s ]

[ 2016-01-23T17:20:57+08:00 ] ::1 /index.php/Addition/Gfqjz/position
INFO: [ app_init ] --START--
INFO: Run Behavior\BuildLiteBehavior [ RunTime:0.000044s ]
INFO: [ app_init ] --END-- [ RunTime:0.001242s ]
INFO: [ app_begin ] --START--
INFO: Run Behavior\ReadHtmlCacheBehavior [ RunTime:0.000929s ]
INFO: [ app_begin ] --END-- [ RunTime:0.001094s ]
SQL: SHOW COLUMNS FROM `add_gfqjz_position` [ RunTime:0.0195s ]
SQL: SHOW COLUMNS FROM `add_gfqjz_instance` [ RunTime:0.0150s ]
SQL: SELECT * FROM `add_gfqjz_position` WHERE ( status=0 )  [ RunTime:0.0003s ]

[ 2016-01-23T17:21:03+08:00 ] ::1 /index.php/Addition/Gfqjz/position
INFO: [ app_init ] --START--
INFO: Run Behavior\BuildLiteBehavior [ RunTime:0.000021s ]
INFO: [ app_init ] --END-- [ RunTime:0.000376s ]
INFO: [ app_begin ] --START--
INFO: Run Behavior\ReadHtmlCacheBehavior [ RunTime:0.000547s ]
INFO: [ app_begin ] --END-- [ RunTime:0.000637s ]
SQL: SHOW COLUMNS FROM `add_gfqjz_position` [ RunTime:0.0129s ]
SQL: SHOW COLUMNS FROM `add_gfqjz_instance` [ RunTime:0.0118s ]
SQL: SELECT * FROM `add_gfqjz_position` WHERE ( status=0 )  [ RunTime:0.0003s ]

[ 2016-01-23T17:21:05+08:00 ] ::1 /index.php/Addition/Gfqjz/position?id=2
INFO: [ app_init ] --START--
INFO: Run Behavior\BuildLiteBehavior [ RunTime:0.000037s ]
INFO: [ app_init ] --END-- [ RunTime:0.000469s ]
INFO: [ app_begin ] --START--
INFO: Run Behavior\ReadHtmlCacheBehavior [ RunTime:0.000651s ]
INFO: [ app_begin ] --END-- [ RunTime:0.000765s ]
SQL: SHOW COLUMNS FROM `add_gfqjz_position` [ RunTime:0.0132s ]
SQL: SHOW COLUMNS FROM `add_gfqjz_instance` [ RunTime:0.0105s ]
SQL: SELECT * FROM `add_gfqjz_position` WHERE ( status=0 AND id=2 ) LIMIT 1   [ RunTime:0.0003s ]
SQL: SELECT * FROM `add_gfqjz_instance` WHERE ( position_id=2 AND TO_DAYS(serve_date)>TO_DAYS(NOW()) ) ORDER BY serve_date  [ RunTime:0.0003s ]

[ 2016-01-23T17:27:45+08:00 ] ::1 /index.php/Addition/Gfqjz/position
INFO: [ app_init ] --START--
INFO: Run Behavior\BuildLiteBehavior [ RunTime:0.000022s ]
INFO: [ app_init ] --END-- [ RunTime:0.000395s ]
INFO: [ app_begin ] --START--
INFO: Run Behavior\ReadHtmlCacheBehavior [ RunTime:0.000561s ]
INFO: [ app_begin ] --END-- [ RunTime:0.000654s ]
SQL: SHOW COLUMNS FROM `add_gfqjz_position` [ RunTime:0.0138s ]
SQL: SHOW COLUMNS FROM `add_gfqjz_instance` [ RunTime:0.0213s ]
SQL: SELECT * FROM `add_gfqjz_position` WHERE ( status=0 )  [ RunTime:0.0004s ]

[ 2016-01-23T17:27:47+08:00 ] ::1 /index.php/Addition/Gfqjz/position?id=2
INFO: [ app_init ] --START--
INFO: Run Behavior\BuildLiteBehavior [ RunTime:0.000020s ]
INFO: [ app_init ] --END-- [ RunTime:0.000399s ]
INFO: [ app_begin ] --START--
INFO: Run Behavior\ReadHtmlCacheBehavior [ RunTime:0.000526s ]
INFO: [ app_begin ] --END-- [ RunTime:0.000616s ]
SQL: SHOW COLUMNS FROM `add_gfqjz_position` [ RunTime:0.0124s ]
SQL: SHOW COLUMNS FROM `add_gfqjz_instance` [ RunTime:0.0103s ]
SQL: SELECT * FROM `add_gfqjz_position` WHERE ( status=0 AND id=2 ) LIMIT 1   [ RunTime:0.0003s ]
SQL: SELECT * FROM `add_gfqjz_instance` WHERE ( position_id=2 AND TO_DAYS(serve_date)>TO_DAYS(NOW()) ) ORDER BY serve_date  [ RunTime:0.0003s ]

[ 2016-01-23T17:28:31+08:00 ] ::1 /index.php/Addition/Gfqjz/position
INFO: [ app_init ] --START--
INFO: Run Behavior\BuildLiteBehavior [ RunTime:0.000020s ]
INFO: [ app_init ] --END-- [ RunTime:0.000383s ]
INFO: [ app_begin ] --START--
INFO: Run Behavior\ReadHtmlCacheBehavior [ RunTime:0.000505s ]
INFO: [ app_begin ] --END-- [ RunTime:0.000598s ]
SQL: SHOW COLUMNS FROM `add_gfqjz_position` [ RunTime:0.0143s ]
SQL: SHOW COLUMNS FROM `add_gfqjz_instance` [ RunTime:0.0125s ]
SQL: SELECT * FROM `add_gfqjz_position` WHERE ( status=0 )  [ RunTime:0.0003s ]

[ 2016-01-23T17:28:32+08:00 ] ::1 /index.php/Addition/Gfqjz/position?id=2
INFO: [ app_init ] --START--
INFO: Run Behavior\BuildLiteBehavior [ RunTime:0.000026s ]
INFO: [ app_init ] --END-- [ RunTime:0.000466s ]
INFO: [ app_begin ] --START--
INFO: Run Behavior\ReadHtmlCacheBehavior [ RunTime:0.000539s ]
INFO: [ app_begin ] --END-- [ RunTime:0.000650s ]
SQL: SHOW COLUMNS FROM `add_gfqjz_position` [ RunTime:0.0116s ]
SQL: SHOW COLUMNS FROM `add_gfqjz_instance` [ RunTime:0.0110s ]
SQL: SELECT * FROM `add_gfqjz_position` WHERE ( status=0 AND id=2 ) LIMIT 1   [ RunTime:0.0003s ]
SQL: SELECT * FROM `add_gfqjz_instance` WHERE ( position_id=2 AND TO_DAYS(serve_date)>TO_DAYS(NOW()) ) ORDER BY serve_date  [ RunTime:0.0003s ]

