[ 2016-01-23T08:34:51+08:00 ] ::1 /index.php/Service/Sbsfc/route
INFO: [ app_init ] --START--
INFO: Run Behavior\BuildLiteBehavior [ RunTime:0.000028s ]
INFO: [ app_init ] --END-- [ RunTime:0.000577s ]
INFO: [ app_begin ] --START--
INFO: Run Behavior\ReadHtmlCacheBehavior [ RunTime:0.000606s ]
INFO: [ app_begin ] --END-- [ RunTime:0.000717s ]
SQL: SHOW COLUMNS FROM `ser_sbsfc_route` [ RunTime:0.0187s ]
SQL: SHOW COLUMNS FROM `ser_sbsfc_instance` [ RunTime:0.0099s ]
SQL: SELECT * FROM `ser_sbsfc_route` WHERE ( status=0 )  [ RunTime:0.0003s ]

[ 2016-01-23T10:00:01+08:00 ] ::1 /index.php/Service/Sbsfc/route
INFO: [ app_init ] --START--
INFO: Run Behavior\BuildLiteBehavior [ RunTime:0.000024s ]
INFO: [ app_init ] --END-- [ RunTime:0.000390s ]
INFO: [ app_begin ] --START--
INFO: Run Behavior\ReadHtmlCacheBehavior [ RunTime:0.000566s ]
INFO: [ app_begin ] --END-- [ RunTime:0.000659s ]
SQL: SHOW COLUMNS FROM `ser_sbsfc_route` [ RunTime:0.0189s ]
SQL: SHOW COLUMNS FROM `ser_sbsfc_instance` [ RunTime:0.0104s ]
SQL: SELECT * FROM `ser_sbsfc_route` WHERE ( status=0 )  [ RunTime:0.0004s ]

[ 2016-01-23T10:34:30+08:00 ] ::1 /index.php/Service/Sbsfc/route
INFO: [ app_init ] --START--
INFO: Run Behavior\BuildLiteBehavior [ RunTime:0.000028s ]
INFO: [ app_init ] --END-- [ RunTime:0.000444s ]
INFO: [ app_begin ] --START--
INFO: Run Behavior\ReadHtmlCacheBehavior [ RunTime:0.000955s ]
INFO: [ app_begin ] --END-- [ RunTime:0.001157s ]
SQL: SHOW COLUMNS FROM `ser_sbsfc_route` [ RunTime:0.0299s ]
SQL: SHOW COLUMNS FROM `ser_sbsfc_instance` [ RunTime:0.0137s ]
SQL: SELECT * FROM `ser_sbsfc_route` WHERE ( status=0 )  [ RunTime:0.0004s ]

[ 2016-01-23T10:52:22+08:00 ] ::1 /index.php/Service/Sbsfc/route
INFO: [ app_init ] --START--
INFO: Run Behavior\BuildLiteBehavior [ RunTime:0.000035s ]
INFO: [ app_init ] --END-- [ RunTime:0.000665s ]
INFO: [ app_begin ] --START--
INFO: Run Behavior\ReadHtmlCacheBehavior [ RunTime:0.000945s ]
INFO: [ app_begin ] --END-- [ RunTime:0.001103s ]
SQL: SHOW COLUMNS FROM `ser_sbsfc_route` [ RunTime:0.0199s ]
SQL: SHOW COLUMNS FROM `ser_sbsfc_instance` [ RunTime:0.0102s ]
SQL: SELECT * FROM `ser_sbsfc_route` WHERE ( status=0 )  [ RunTime:0.0004s ]

[ 2016-01-23T10:55:13+08:00 ] ::1 /index.php/Service/Sbsfc/route
INFO: [ app_init ] --START--
INFO: Run Behavior\BuildLiteBehavior [ RunTime:0.000036s ]
INFO: [ app_init ] --END-- [ RunTime:0.000621s ]
INFO: [ app_begin ] --START--
INFO: Run Behavior\ReadHtmlCacheBehavior [ RunTime:0.000976s ]
INFO: [ app_begin ] --END-- [ RunTime:0.001153s ]
SQL: SHOW COLUMNS FROM `ser_sbsfc_route` [ RunTime:0.0304s ]
SQL: SHOW COLUMNS FROM `ser_sbsfc_instance` [ RunTime:0.0128s ]
SQL: SELECT * FROM `ser_sbsfc_route` WHERE ( status=0 )  [ RunTime:0.0004s ]

[ 2016-01-23T10:56:12+08:00 ] ::1 /index.php/Service/Sbsfc/route
INFO: [ app_init ] --START--
INFO: Run Behavior\BuildLiteBehavior [ RunTime:0.000020s ]
INFO: [ app_init ] --END-- [ RunTime:0.000371s ]
INFO: [ app_begin ] --START--
INFO: Run Behavior\ReadHtmlCacheBehavior [ RunTime:0.000517s ]
INFO: [ app_begin ] --END-- [ RunTime:0.000618s ]
SQL: SHOW COLUMNS FROM `ser_sbsfc_route` [ RunTime:0.0188s ]
SQL: INSERT INTO `ser_sbsfc_route` (`dep_time`,`dep_point`,`car_model`,`car_plate`,`day_flag`,`number`,`term`,`point_1`,`price_1`,`point_2`,`price_2`,`point_3`,`price_3`,`point_4`,`price_4`,`point_end`,`price_end`,`publish_id`,`status`) VALUES ('7:00','北门','奥迪','陕B','1100011','3','2016-12-03','1','1','2','2','3','3','4','4','5','5','7','0') [ RunTime:0.0066s ]

[ 2016-01-23T10:58:09+08:00 ] ::1 /index.php/Service/Sbsfc/route
INFO: [ app_init ] --START--
INFO: Run Behavior\BuildLiteBehavior [ RunTime:0.000025s ]
INFO: [ app_init ] --END-- [ RunTime:0.000406s ]
INFO: [ app_begin ] --START--
INFO: Run Behavior\ReadHtmlCacheBehavior [ RunTime:0.000564s ]
INFO: [ app_begin ] --END-- [ RunTime:0.000672s ]
SQL: SHOW COLUMNS FROM `ser_sbsfc_route` [ RunTime:0.0257s ]
SQL: SHOW COLUMNS FROM `ser_sbsfc_instance` [ RunTime:0.0095s ]
SQL: SELECT * FROM `ser_sbsfc_route` WHERE ( status=0 )  [ RunTime:0.0004s ]

[ 2016-01-23T10:58:11+08:00 ] ::1 /index.php/Service/Sbsfc/route?id=2
INFO: [ app_init ] --START--
INFO: Run Behavior\BuildLiteBehavior [ RunTime:0.000029s ]
INFO: [ app_init ] --END-- [ RunTime:0.000465s ]
INFO: [ app_begin ] --START--
INFO: Run Behavior\ReadHtmlCacheBehavior [ RunTime:0.000658s ]
INFO: [ app_begin ] --END-- [ RunTime:0.000787s ]
SQL: SHOW COLUMNS FROM `ser_sbsfc_route` [ RunTime:0.0190s ]
SQL: SHOW COLUMNS FROM `ser_sbsfc_instance` [ RunTime:0.0103s ]
SQL: SELECT * FROM `ser_sbsfc_route` WHERE ( status=0 AND id=2 ) LIMIT 1   [ RunTime:0.0004s ]
SQL: SELECT * FROM `ser_sbsfc_instance` WHERE ( route_id=2 AND TO_DAYS(serve_date)>TO_DAYS(NOW()) ) ORDER BY serve_date  [ RunTime:0.0003s ]

[ 2016-01-23T15:29:10+08:00 ] ::1 /index.php/Service/Sbsfc/route
INFO: [ app_init ] --START--
INFO: Run Behavior\BuildLiteBehavior [ RunTime:0.000033s ]
INFO: [ app_init ] --END-- [ RunTime:0.000475s ]
INFO: [ app_begin ] --START--
INFO: Run Behavior\ReadHtmlCacheBehavior [ RunTime:0.000805s ]
INFO: [ app_begin ] --END-- [ RunTime:0.001029s ]
SQL: SHOW COLUMNS FROM `ser_sbsfc_route` [ RunTime:0.0199s ]
SQL: SHOW COLUMNS FROM `ser_sbsfc_instance` [ RunTime:0.0103s ]
SQL: SELECT * FROM `ser_sbsfc_route` WHERE ( status=0 )  [ RunTime:0.0004s ]

