[ 2016-01-22T21:29:49+08:00 ] ::1 /index.php/Service/Sbsfc/route
INFO: [ app_init ] --START--
INFO: Run Behavior\BuildLiteBehavior [ RunTime:0.000025s ]
INFO: [ app_init ] --END-- [ RunTime:0.000414s ]
INFO: [ app_begin ] --START--
INFO: Run Behavior\ReadHtmlCacheBehavior [ RunTime:0.000588s ]
INFO: [ app_begin ] --END-- [ RunTime:0.000694s ]
ERR: 无法加载控制器:Sbsfc

[ 2016-01-22T21:31:20+08:00 ] ::1 /index.php/Service/Sbsfc/route
INFO: [ app_init ] --START--
INFO: Run Behavior\BuildLiteBehavior [ RunTime:0.000034s ]
INFO: [ app_init ] --END-- [ RunTime:0.000635s ]
INFO: [ app_begin ] --START--
INFO: Run Behavior\ReadHtmlCacheBehavior [ RunTime:0.000585s ]
INFO: [ app_begin ] --END-- [ RunTime:0.000694s ]
ERR: 无法加载控制器:Sbsfc

[ 2016-01-22T21:31:28+08:00 ] ::1 /index.php/Service/Sbsfc/route
INFO: [ app_init ] --START--
INFO: Run Behavior\BuildLiteBehavior [ RunTime:0.000040s ]
INFO: [ app_init ] --END-- [ RunTime:0.000492s ]
INFO: [ app_begin ] --START--
INFO: Run Behavior\ReadHtmlCacheBehavior [ RunTime:0.000587s ]
INFO: [ app_begin ] --END-- [ RunTime:0.000706s ]
ERR: 无法加载控制器:Sbsfc

[ 2016-01-22T21:32:50+08:00 ] ::1 /index.php/Service/Sbsfc/route
INFO: [ app_init ] --START--
INFO: Run Behavior\BuildLiteBehavior [ RunTime:0.000023s ]
INFO: [ app_init ] --END-- [ RunTime:0.000736s ]
INFO: [ app_begin ] --START--
INFO: Run Behavior\ReadHtmlCacheBehavior [ RunTime:0.000454s ]
INFO: [ app_begin ] --END-- [ RunTime:0.000581s ]
ERR: 非法操作:route

[ 2016-01-22T21:36:03+08:00 ] ::1 /index.php/Service/Sbsfc/route
INFO: [ app_init ] --START--
INFO: Run Behavior\BuildLiteBehavior [ RunTime:0.000022s ]
INFO: [ app_init ] --END-- [ RunTime:0.000499s ]
INFO: [ app_begin ] --START--
INFO: Run Behavior\ReadHtmlCacheBehavior [ RunTime:0.000584s ]
INFO: [ app_begin ] --END-- [ RunTime:0.000708s ]
SQL: SHOW COLUMNS FROM `ser_sbsfc_route` [ RunTime:0.0189s ]
SQL: SHOW COLUMNS FROM `ser_sbsfc_instance` [ RunTime:0.0107s ]
ERR: 1054:Unknown column 'status' in 'where clause'
 [ SQL语句 ] : SELECT * FROM `ser_sbsfc_route` WHERE ( status=0 ) 
ERR: 1054:Unknown column 'status' in 'where clause'
 [ SQL语句 ] : SELECT * FROM `ser_sbsfc_route` WHERE ( status=0 ) 

[ 2016-01-22T21:37:36+08:00 ] ::1 /index.php/Service/Sbsfc/route
INFO: [ app_init ] --START--
INFO: Run Behavior\BuildLiteBehavior [ RunTime:0.000033s ]
INFO: [ app_init ] --END-- [ RunTime:0.000599s ]
INFO: [ app_begin ] --START--
INFO: Run Behavior\ReadHtmlCacheBehavior [ RunTime:0.001153s ]
INFO: [ app_begin ] --END-- [ RunTime:0.001333s ]
SQL: SHOW COLUMNS FROM `ser_sbsfc_route` [ RunTime:0.0245s ]
SQL: SHOW COLUMNS FROM `ser_sbsfc_instance` [ RunTime:0.0144s ]
SQL: SELECT * FROM `ser_sbsfc_route` WHERE ( status=0 )  [ RunTime:0.0005s ]

[ 2016-01-22T21:41:23+08:00 ] ::1 /index.php/Service/Sbsfc/route
INFO: [ app_init ] --START--
INFO: Run Behavior\BuildLiteBehavior [ RunTime:0.000024s ]
INFO: [ app_init ] --END-- [ RunTime:0.000427s ]
INFO: [ app_begin ] --START--
INFO: Run Behavior\ReadHtmlCacheBehavior [ RunTime:0.000580s ]
INFO: [ app_begin ] --END-- [ RunTime:0.000678s ]
SQL: SHOW COLUMNS FROM `ser_sbsfc_route` [ RunTime:0.0348s ]
SQL: SHOW COLUMNS FROM `ser_sbsfc_instance` [ RunTime:0.0110s ]
SQL: SELECT * FROM `ser_sbsfc_route` WHERE ( status=0 )  [ RunTime:0.0004s ]

[ 2016-01-22T21:56:48+08:00 ] ::1 /index.php/Service/Sbsfc/route
INFO: [ app_init ] --START--
INFO: Run Behavior\BuildLiteBehavior [ RunTime:0.000030s ]
INFO: [ app_init ] --END-- [ RunTime:0.000506s ]
INFO: [ app_begin ] --START--
INFO: Run Behavior\ReadHtmlCacheBehavior [ RunTime:0.000881s ]
INFO: [ app_begin ] --END-- [ RunTime:0.001058s ]
SQL: SHOW COLUMNS FROM `ser_sbsfc_route` [ RunTime:0.0278s ]
SQL: SHOW COLUMNS FROM `ser_sbsfc_instance` [ RunTime:0.0144s ]
SQL: SELECT * FROM `ser_sbsfc_route` WHERE ( status=0 )  [ RunTime:0.0006s ]

[ 2016-01-22T21:56:55+08:00 ] ::1 /index.php/Service/Sbsfc/route?id=1
INFO: [ app_init ] --START--
INFO: Run Behavior\BuildLiteBehavior [ RunTime:0.000023s ]
INFO: [ app_init ] --END-- [ RunTime:0.000405s ]
INFO: [ app_begin ] --START--
INFO: Run Behavior\ReadHtmlCacheBehavior [ RunTime:0.000515s ]
INFO: [ app_begin ] --END-- [ RunTime:0.000625s ]
SQL: SHOW COLUMNS FROM `ser_sbsfc_route` [ RunTime:0.0248s ]
SQL: SHOW COLUMNS FROM `ser_sbsfc_instance` [ RunTime:0.0124s ]
SQL: SELECT * FROM `ser_sbsfc_route` WHERE ( status=0 AND id=1 ) LIMIT 1   [ RunTime:0.0004s ]
SQL: SELECT * FROM `ser_sbsfc_instance` WHERE ( route_id=1 AND TO_DAYS(serve_date)>TO_DAYS(NOW()) ) ORDER BY serve_date  [ RunTime:0.0003s ]

[ 2016-01-22T21:57:17+08:00 ] ::1 /index.php/Service/Sbsfc/instance
INFO: [ app_init ] --START--
INFO: Run Behavior\BuildLiteBehavior [ RunTime:0.000019s ]
INFO: [ app_init ] --END-- [ RunTime:0.000358s ]
INFO: [ app_begin ] --START--
INFO: Run Behavior\ReadHtmlCacheBehavior [ RunTime:0.000403s ]
INFO: [ app_begin ] --END-- [ RunTime:0.000501s ]
SQL: SHOW COLUMNS FROM `add_gfqjz_position` [ RunTime:0.0124s ]
SQL: SHOW COLUMNS FROM `add_gfqjz_instance` [ RunTime:0.0107s ]
SQL: SELECT * FROM `add_gfqjz_position` WHERE ( status=0 AND id=1 ) LIMIT 1   [ RunTime:0.0003s ]
ERR: 1048:Column 'publish_id' cannot be null
 [ SQL语句 ] : INSERT INTO `add_gfqjz_instance` (`claim_id`,`publish_id`,`position_id`,`status`,`serve_date`) VALUES ('7',NULL,NULL,'0','2016-01-25')
ERR: 1048:Column 'publish_id' cannot be null
 [ SQL语句 ] : INSERT INTO `add_gfqjz_instance` (`claim_id`,`publish_id`,`position_id`,`status`,`serve_date`) VALUES ('7',NULL,NULL,'0','2016-01-25')

[ 2016-01-22T22:09:34+08:00 ] ::1 /index.php/Service/Sbsfc/route
INFO: [ app_init ] --START--
INFO: Run Behavior\BuildLiteBehavior [ RunTime:0.000024s ]
INFO: [ app_init ] --END-- [ RunTime:0.000424s ]
INFO: [ app_begin ] --START--
INFO: Run Behavior\ReadHtmlCacheBehavior [ RunTime:0.001183s ]
INFO: [ app_begin ] --END-- [ RunTime:0.001385s ]
SQL: SHOW COLUMNS FROM `ser_sbsfc_route` [ RunTime:0.0258s ]
SQL: SHOW COLUMNS FROM `ser_sbsfc_instance` [ RunTime:0.0125s ]
SQL: SELECT * FROM `ser_sbsfc_route` WHERE ( status=0 )  [ RunTime:0.0005s ]

[ 2016-01-22T22:09:35+08:00 ] ::1 /index.php/Service/Sbsfc/route?id=1
INFO: [ app_init ] --START--
INFO: Run Behavior\BuildLiteBehavior [ RunTime:0.000028s ]
INFO: [ app_init ] --END-- [ RunTime:0.000499s ]
INFO: [ app_begin ] --START--
INFO: Run Behavior\ReadHtmlCacheBehavior [ RunTime:0.001011s ]
INFO: [ app_begin ] --END-- [ RunTime:0.001197s ]
SQL: SHOW COLUMNS FROM `ser_sbsfc_route` [ RunTime:0.0244s ]
SQL: SHOW COLUMNS FROM `ser_sbsfc_instance` [ RunTime:0.0114s ]
SQL: SELECT * FROM `ser_sbsfc_route` WHERE ( status=0 AND id=1 ) LIMIT 1   [ RunTime:0.0004s ]
SQL: SELECT * FROM `ser_sbsfc_instance` WHERE ( route_id=1 AND TO_DAYS(serve_date)>TO_DAYS(NOW()) ) ORDER BY serve_date  [ RunTime:0.0003s ]

[ 2016-01-22T22:10:22+08:00 ] ::1 /index.php/Service/Sbsfc/route
INFO: [ app_init ] --START--
INFO: Run Behavior\BuildLiteBehavior [ RunTime:0.000023s ]
INFO: [ app_init ] --END-- [ RunTime:0.000415s ]
INFO: [ app_begin ] --START--
INFO: Run Behavior\ReadHtmlCacheBehavior [ RunTime:0.000820s ]
INFO: [ app_begin ] --END-- [ RunTime:0.001001s ]
SQL: SHOW COLUMNS FROM `ser_sbsfc_route` [ RunTime:0.0315s ]
SQL: SHOW COLUMNS FROM `ser_sbsfc_instance` [ RunTime:0.0148s ]
SQL: SELECT * FROM `ser_sbsfc_route` WHERE ( status=0 )  [ RunTime:0.0003s ]

[ 2016-01-22T22:10:22+08:00 ] ::1 /index.php/Service/Sbsfc/route?id=1
INFO: [ app_init ] --START--
INFO: Run Behavior\BuildLiteBehavior [ RunTime:0.000027s ]
INFO: [ app_init ] --END-- [ RunTime:0.000465s ]
INFO: [ app_begin ] --START--
INFO: Run Behavior\ReadHtmlCacheBehavior [ RunTime:0.000664s ]
INFO: [ app_begin ] --END-- [ RunTime:0.000802s ]
SQL: SHOW COLUMNS FROM `ser_sbsfc_route` [ RunTime:0.0161s ]
SQL: SHOW COLUMNS FROM `ser_sbsfc_instance` [ RunTime:0.0090s ]
SQL: SELECT * FROM `ser_sbsfc_route` WHERE ( status=0 AND id=1 ) LIMIT 1   [ RunTime:0.0004s ]
SQL: SELECT * FROM `ser_sbsfc_instance` WHERE ( route_id=1 AND TO_DAYS(serve_date)>TO_DAYS(NOW()) ) ORDER BY serve_date  [ RunTime:0.0003s ]

[ 2016-01-22T22:11:11+08:00 ] ::1 /index.php/Service/Sbsfc/route
INFO: [ app_init ] --START--
INFO: Run Behavior\BuildLiteBehavior [ RunTime:0.000030s ]
INFO: [ app_init ] --END-- [ RunTime:0.000531s ]
INFO: [ app_begin ] --START--
INFO: Run Behavior\ReadHtmlCacheBehavior [ RunTime:0.000564s ]
INFO: [ app_begin ] --END-- [ RunTime:0.000660s ]
SQL: SHOW COLUMNS FROM `ser_sbsfc_route` [ RunTime:0.0238s ]
SQL: SHOW COLUMNS FROM `ser_sbsfc_instance` [ RunTime:0.0103s ]
SQL: SELECT * FROM `ser_sbsfc_route` WHERE ( status=0 )  [ RunTime:0.0003s ]

[ 2016-01-22T22:11:12+08:00 ] ::1 /index.php/Service/Sbsfc/route?id=1
INFO: [ app_init ] --START--
INFO: Run Behavior\BuildLiteBehavior [ RunTime:0.000022s ]
INFO: [ app_init ] --END-- [ RunTime:0.000419s ]
INFO: [ app_begin ] --START--
INFO: Run Behavior\ReadHtmlCacheBehavior [ RunTime:0.000926s ]
INFO: [ app_begin ] --END-- [ RunTime:0.001097s ]
SQL: SHOW COLUMNS FROM `ser_sbsfc_route` [ RunTime:0.0277s ]
SQL: SHOW COLUMNS FROM `ser_sbsfc_instance` [ RunTime:0.0128s ]
SQL: SELECT * FROM `ser_sbsfc_route` WHERE ( status=0 AND id=1 ) LIMIT 1   [ RunTime:0.0004s ]
SQL: SELECT * FROM `ser_sbsfc_instance` WHERE ( route_id=1 AND TO_DAYS(serve_date)>TO_DAYS(NOW()) ) ORDER BY serve_date  [ RunTime:0.0003s ]

[ 2016-01-22T22:12:55+08:00 ] ::1 /index.php/Service/Sbsfc/route
INFO: [ app_init ] --START--
INFO: Run Behavior\BuildLiteBehavior [ RunTime:0.000037s ]
INFO: [ app_init ] --END-- [ RunTime:0.000637s ]
INFO: [ app_begin ] --START--
INFO: Run Behavior\ReadHtmlCacheBehavior [ RunTime:0.000913s ]
INFO: [ app_begin ] --END-- [ RunTime:0.001083s ]
SQL: SHOW COLUMNS FROM `ser_sbsfc_route` [ RunTime:0.0358s ]
SQL: SHOW COLUMNS FROM `ser_sbsfc_instance` [ RunTime:0.0176s ]
SQL: SELECT * FROM `ser_sbsfc_route` WHERE ( status=0 )  [ RunTime:0.0004s ]

[ 2016-01-22T22:12:56+08:00 ] ::1 /index.php/Service/Sbsfc/route?id=1
INFO: [ app_init ] --START--
INFO: Run Behavior\BuildLiteBehavior [ RunTime:0.000021s ]
INFO: [ app_init ] --END-- [ RunTime:0.000374s ]
INFO: [ app_begin ] --START--
INFO: Run Behavior\ReadHtmlCacheBehavior [ RunTime:0.000514s ]
INFO: [ app_begin ] --END-- [ RunTime:0.000630s ]
SQL: SHOW COLUMNS FROM `ser_sbsfc_route` [ RunTime:0.0305s ]
SQL: SHOW COLUMNS FROM `ser_sbsfc_instance` [ RunTime:0.0245s ]
SQL: SELECT * FROM `ser_sbsfc_route` WHERE ( status=0 AND id=1 ) LIMIT 1   [ RunTime:0.0005s ]
SQL: SELECT * FROM `ser_sbsfc_instance` WHERE ( route_id=1 AND TO_DAYS(serve_date)>TO_DAYS(NOW()) ) ORDER BY serve_date  [ RunTime:0.0018s ]

[ 2016-01-22T22:13:18+08:00 ] ::1 /index.php/Service/Sbsfc/route
INFO: [ app_init ] --START--
INFO: Run Behavior\BuildLiteBehavior [ RunTime:0.000032s ]
INFO: [ app_init ] --END-- [ RunTime:0.000605s ]
INFO: [ app_begin ] --START--
INFO: Run Behavior\ReadHtmlCacheBehavior [ RunTime:0.000860s ]
INFO: [ app_begin ] --END-- [ RunTime:0.001027s ]
SQL: SHOW COLUMNS FROM `ser_sbsfc_route` [ RunTime:0.0242s ]
SQL: SHOW COLUMNS FROM `ser_sbsfc_instance` [ RunTime:0.0100s ]
SQL: SELECT * FROM `ser_sbsfc_route` WHERE ( status=0 )  [ RunTime:0.0004s ]

[ 2016-01-22T22:13:19+08:00 ] ::1 /index.php/Service/Sbsfc/route?id=1
INFO: [ app_init ] --START--
INFO: Run Behavior\BuildLiteBehavior [ RunTime:0.000025s ]
INFO: [ app_init ] --END-- [ RunTime:0.000477s ]
INFO: [ app_begin ] --START--
INFO: Run Behavior\ReadHtmlCacheBehavior [ RunTime:0.000676s ]
INFO: [ app_begin ] --END-- [ RunTime:0.000800s ]
SQL: SHOW COLUMNS FROM `ser_sbsfc_route` [ RunTime:0.0214s ]
SQL: SHOW COLUMNS FROM `ser_sbsfc_instance` [ RunTime:0.0120s ]
SQL: SELECT * FROM `ser_sbsfc_route` WHERE ( status=0 AND id=1 ) LIMIT 1   [ RunTime:0.0004s ]
SQL: SELECT * FROM `ser_sbsfc_instance` WHERE ( route_id=1 AND TO_DAYS(serve_date)>TO_DAYS(NOW()) ) ORDER BY serve_date  [ RunTime:0.0003s ]

[ 2016-01-22T22:26:53+08:00 ] ::1 /index.php/Service/Sbsfc/route
INFO: [ app_init ] --START--
INFO: Run Behavior\BuildLiteBehavior [ RunTime:0.000024s ]
INFO: [ app_init ] --END-- [ RunTime:0.000751s ]
INFO: [ app_begin ] --START--
INFO: Run Behavior\ReadHtmlCacheBehavior [ RunTime:0.000840s ]
INFO: [ app_begin ] --END-- [ RunTime:0.000989s ]
SQL: SHOW COLUMNS FROM `ser_sbsfc_route` [ RunTime:0.0395s ]
SQL: SHOW COLUMNS FROM `ser_sbsfc_instance` [ RunTime:0.0129s ]
SQL: SELECT * FROM `ser_sbsfc_route` WHERE ( status=0 )  [ RunTime:0.0004s ]

[ 2016-01-22T22:26:54+08:00 ] ::1 /index.php/Service/Sbsfc/route?id=1
INFO: [ app_init ] --START--
INFO: Run Behavior\BuildLiteBehavior [ RunTime:0.000034s ]
INFO: [ app_init ] --END-- [ RunTime:0.000687s ]
INFO: [ app_begin ] --START--
INFO: Run Behavior\ReadHtmlCacheBehavior [ RunTime:0.001020s ]
INFO: [ app_begin ] --END-- [ RunTime:0.001201s ]
SQL: SHOW COLUMNS FROM `ser_sbsfc_route` [ RunTime:0.0361s ]
SQL: SHOW COLUMNS FROM `ser_sbsfc_instance` [ RunTime:0.0116s ]
SQL: SELECT * FROM `ser_sbsfc_route` WHERE ( status=0 AND id=1 ) LIMIT 1   [ RunTime:0.0004s ]
SQL: SELECT * FROM `ser_sbsfc_instance` WHERE ( route_id=1 AND TO_DAYS(serve_date)>TO_DAYS(NOW()) ) ORDER BY serve_date  [ RunTime:0.0003s ]

[ 2016-01-22T22:28:06+08:00 ] ::1 /index.php/Service/Sbsfc/route
INFO: [ app_init ] --START--
INFO: Run Behavior\BuildLiteBehavior [ RunTime:0.000036s ]
INFO: [ app_init ] --END-- [ RunTime:0.000638s ]
INFO: [ app_begin ] --START--
INFO: Run Behavior\ReadHtmlCacheBehavior [ RunTime:0.000991s ]
INFO: [ app_begin ] --END-- [ RunTime:0.001184s ]
SQL: SHOW COLUMNS FROM `ser_sbsfc_route` [ RunTime:0.0309s ]
SQL: SHOW COLUMNS FROM `ser_sbsfc_instance` [ RunTime:0.0108s ]
SQL: SELECT * FROM `ser_sbsfc_route` WHERE ( status=0 )  [ RunTime:0.0004s ]

[ 2016-01-22T22:28:07+08:00 ] ::1 /index.php/Service/Sbsfc/route?id=1
INFO: [ app_init ] --START--
INFO: Run Behavior\BuildLiteBehavior [ RunTime:0.000022s ]
INFO: [ app_init ] --END-- [ RunTime:0.000403s ]
INFO: [ app_begin ] --START--
INFO: Run Behavior\ReadHtmlCacheBehavior [ RunTime:0.000582s ]
INFO: [ app_begin ] --END-- [ RunTime:0.000688s ]
SQL: SHOW COLUMNS FROM `ser_sbsfc_route` [ RunTime:0.0241s ]
SQL: SHOW COLUMNS FROM `ser_sbsfc_instance` [ RunTime:0.0124s ]
SQL: SELECT * FROM `ser_sbsfc_route` WHERE ( status=0 AND id=1 ) LIMIT 1   [ RunTime:0.0005s ]
SQL: SELECT * FROM `ser_sbsfc_instance` WHERE ( route_id=1 AND TO_DAYS(serve_date)>TO_DAYS(NOW()) ) ORDER BY serve_date  [ RunTime:0.0004s ]

[ 2016-01-22T22:29:24+08:00 ] ::1 /index.php/Service/Sbsfc/route
INFO: [ app_init ] --START--
INFO: Run Behavior\BuildLiteBehavior [ RunTime:0.000036s ]
INFO: [ app_init ] --END-- [ RunTime:0.000791s ]
INFO: [ app_begin ] --START--
INFO: Run Behavior\ReadHtmlCacheBehavior [ RunTime:0.000626s ]
INFO: [ app_begin ] --END-- [ RunTime:0.000734s ]
SQL: SHOW COLUMNS FROM `ser_sbsfc_route` [ RunTime:0.0260s ]
SQL: SHOW COLUMNS FROM `ser_sbsfc_instance` [ RunTime:0.0146s ]
SQL: SELECT * FROM `ser_sbsfc_route` WHERE ( status=0 )  [ RunTime:0.0004s ]

[ 2016-01-22T22:29:28+08:00 ] ::1 /index.php/Service/Sbsfc/route?id=1
INFO: [ app_init ] --START--
INFO: Run Behavior\BuildLiteBehavior [ RunTime:0.000025s ]
INFO: [ app_init ] --END-- [ RunTime:0.000467s ]
INFO: [ app_begin ] --START--
INFO: Run Behavior\ReadHtmlCacheBehavior [ RunTime:0.001308s ]
INFO: [ app_begin ] --END-- [ RunTime:0.001460s ]
SQL: SHOW COLUMNS FROM `ser_sbsfc_route` [ RunTime:0.0221s ]
SQL: SHOW COLUMNS FROM `ser_sbsfc_instance` [ RunTime:0.0105s ]
SQL: SELECT * FROM `ser_sbsfc_route` WHERE ( status=0 AND id=1 ) LIMIT 1   [ RunTime:0.0004s ]
SQL: SELECT * FROM `ser_sbsfc_instance` WHERE ( route_id=1 AND TO_DAYS(serve_date)>TO_DAYS(NOW()) ) ORDER BY serve_date  [ RunTime:0.0003s ]

[ 2016-01-22T22:29:54+08:00 ] ::1 /index.php/Service/Sbsfc/instance
INFO: [ app_init ] --START--
INFO: Run Behavior\BuildLiteBehavior [ RunTime:0.000026s ]
INFO: [ app_init ] --END-- [ RunTime:0.000466s ]
INFO: [ app_begin ] --START--
INFO: Run Behavior\ReadHtmlCacheBehavior [ RunTime:0.000624s ]
INFO: [ app_begin ] --END-- [ RunTime:0.000739s ]
SQL: SHOW COLUMNS FROM `ser_sbsfc_route` [ RunTime:0.0229s ]
SQL: SHOW COLUMNS FROM `ser_sbsfc_instance` [ RunTime:0.0116s ]
SQL: SELECT * FROM `ser_sbsfc_route` WHERE ( status=0 AND id=1 ) LIMIT 1   [ RunTime:0.0004s ]
NOTIC: [8] Undefined index: publish_id D:\project\renshiya\api\Service\Controller\SbsfcController.class.php 第 34 行.
ERR: 1048:Column 'publish_id' cannot be null
 [ SQL语句 ] : INSERT INTO `ser_sbsfc_instance` (`claim_id`,`publish_id`,`route_id`,`status`,`turnover`,`destination`,`serve_date`) VALUES ('7',NULL,'1','0','40','高新一中','2016-01-23')
ERR: 1048:Column 'publish_id' cannot be null
 [ SQL语句 ] : INSERT INTO `ser_sbsfc_instance` (`claim_id`,`publish_id`,`route_id`,`status`,`turnover`,`destination`,`serve_date`) VALUES ('7',NULL,'1','0','40','高新一中','2016-01-23')

[ 2016-01-22T22:34:10+08:00 ] ::1 /index.php/Service/Sbsfc/instance
INFO: [ app_init ] --START--
INFO: Run Behavior\BuildLiteBehavior [ RunTime:0.000032s ]
INFO: [ app_init ] --END-- [ RunTime:0.000564s ]
INFO: [ app_begin ] --START--
INFO: Run Behavior\ReadHtmlCacheBehavior [ RunTime:0.000675s ]
INFO: [ app_begin ] --END-- [ RunTime:0.000806s ]
SQL: SHOW COLUMNS FROM `ser_sbsfc_route` [ RunTime:0.0197s ]
SQL: SHOW COLUMNS FROM `ser_sbsfc_instance` [ RunTime:0.0101s ]
SQL: SELECT * FROM `ser_sbsfc_route` WHERE ( status=0 AND id=1 ) LIMIT 1   [ RunTime:0.0004s ]
SQL: INSERT INTO `ser_sbsfc_instance` (`claim_id`,`publish_id`,`route_id`,`status`,`turnover`,`destination`,`serve_date`) VALUES ('7','1','1','0','40','高新一中','2016-01-23') [ RunTime:0.0054s ]

[ 2016-01-22T22:34:33+08:00 ] ::1 /index.php/Service/Sbsfc/route
INFO: [ app_init ] --START--
INFO: Run Behavior\BuildLiteBehavior [ RunTime:0.000032s ]
INFO: [ app_init ] --END-- [ RunTime:0.000475s ]
INFO: [ app_begin ] --START--
INFO: Run Behavior\ReadHtmlCacheBehavior [ RunTime:0.000581s ]
INFO: [ app_begin ] --END-- [ RunTime:0.000686s ]
SQL: SHOW COLUMNS FROM `ser_sbsfc_route` [ RunTime:0.0231s ]
SQL: SHOW COLUMNS FROM `ser_sbsfc_instance` [ RunTime:0.0106s ]
SQL: SELECT * FROM `ser_sbsfc_route` WHERE ( status=0 )  [ RunTime:0.0003s ]

[ 2016-01-22T22:34:35+08:00 ] ::1 /index.php/Service/Sbsfc/route?id=1
INFO: [ app_init ] --START--
INFO: Run Behavior\BuildLiteBehavior [ RunTime:0.000022s ]
INFO: [ app_init ] --END-- [ RunTime:0.000378s ]
INFO: [ app_begin ] --START--
INFO: Run Behavior\ReadHtmlCacheBehavior [ RunTime:0.000753s ]
INFO: [ app_begin ] --END-- [ RunTime:0.000887s ]
SQL: SHOW COLUMNS FROM `ser_sbsfc_route` [ RunTime:0.0190s ]
SQL: SHOW COLUMNS FROM `ser_sbsfc_instance` [ RunTime:0.0100s ]
SQL: SELECT * FROM `ser_sbsfc_route` WHERE ( status=0 AND id=1 ) LIMIT 1   [ RunTime:0.0004s ]
SQL: SELECT * FROM `ser_sbsfc_instance` WHERE ( route_id=1 AND TO_DAYS(serve_date)>TO_DAYS(NOW()) ) ORDER BY serve_date  [ RunTime:0.0003s ]

[ 2016-01-22T22:35:50+08:00 ] ::1 /index.php/Service/Sbsfc/route
INFO: [ app_init ] --START--
INFO: Run Behavior\BuildLiteBehavior [ RunTime:0.000037s ]
INFO: [ app_init ] --END-- [ RunTime:0.000775s ]
INFO: [ app_begin ] --START--
INFO: Run Behavior\ReadHtmlCacheBehavior [ RunTime:0.000618s ]
INFO: [ app_begin ] --END-- [ RunTime:0.000731s ]
SQL: SHOW COLUMNS FROM `ser_sbsfc_route` [ RunTime:0.0186s ]
SQL: SHOW COLUMNS FROM `ser_sbsfc_instance` [ RunTime:0.0098s ]
SQL: SELECT * FROM `ser_sbsfc_route` WHERE ( status=0 )  [ RunTime:0.0004s ]

[ 2016-01-22T22:35:50+08:00 ] ::1 /index.php/Service/Sbsfc/route?id=1
INFO: [ app_init ] --START--
INFO: Run Behavior\BuildLiteBehavior [ RunTime:0.000026s ]
INFO: [ app_init ] --END-- [ RunTime:0.000488s ]
INFO: [ app_begin ] --START--
INFO: Run Behavior\ReadHtmlCacheBehavior [ RunTime:0.000932s ]
INFO: [ app_begin ] --END-- [ RunTime:0.001089s ]
SQL: SHOW COLUMNS FROM `ser_sbsfc_route` [ RunTime:0.0192s ]
SQL: SHOW COLUMNS FROM `ser_sbsfc_instance` [ RunTime:0.0091s ]
SQL: SELECT * FROM `ser_sbsfc_route` WHERE ( status=0 AND id=1 ) LIMIT 1   [ RunTime:0.0005s ]
SQL: SELECT * FROM `ser_sbsfc_instance` WHERE ( route_id=1 AND TO_DAYS(serve_date)>TO_DAYS(NOW()) ) ORDER BY serve_date  [ RunTime:0.0003s ]

